#
# A fatal error has been detected by the Java Runtime Environment:
#
#  SIGSEGV (0xb) at pc=0x00007f6356b2a8e4, pid=9625, tid=0x00007f638da3d700
#
# JRE version: Java(TM) SE Runtime Environment (8.0_151-b12) (build 1.8.0_151-b12)
# Java VM: Java HotSpot(TM) 64-Bit Server VM (25.151-b12 mixed mode linux-amd64 compressed oops)
# Problematic frame:
# C  [libgkid.so+0xc8e4]  gitmarket_dtor+0x79
#
# Failed to write core dump. Core dumps have been disabled. To enable core dumping, try "ulimit -c unlimited" before starting Java again
#
# If you would like to submit a bug report, please visit:
#   http://bugreport.java.com/bugreport/crash.jsp
# The crash happened outside the Java Virtual Machine in native code.
# See problematic frame for where to report the bug.
#

---------------  T H R E A D  ---------------

Current thread (0x00007f638807a800):  JavaThread "Finalizer" daemon [_thread_in_native, id=9647, stack(0x00007f638d93d000,0x00007f638da3e000)]

siginfo: si_signo: 11 (SIGSEGV), si_code: 1 (SEGV_MAPERR), si_addr: 0x0000000000000008

Registers:
RAX=0x0000000000000000, RBX=0x00007f638da3bab0, RCX=0x00007f63886c6e70, RDX=0x00007f638da3ba10
RSP=0x00007f638da3b960, RBP=0x00007f638da3b980, RSI=0x00007f6388079eb0, RDI=0x0000000000000000
R8 =0x00007f638da3b9a0, R9 =0x00007f63905e096b, R10=0x00007f638da3b8e0, R11=0x00007f6356b2a86b
R12=0x0000000000000000, R13=0x00007f638da3c380, R14=0x00007f638da3b8e0, R15=0x0000000000000001
RIP=0x00007f6356b2a8e4, EFLAGS=0x0000000000010206, CSGSFS=0x002b000000000033, ERR=0x0000000000000004
  TRAPNO=0x000000000000000e

Top of Stack: (sp=0x00007f638da3b960)
0x00007f638da3b960:   00007f638deb9670 0000000000000000
0x00007f638da3b970:   00007f638da3b9a0 00007f638da3ba10
0x00007f638da3b980:   00007f638da3b990 00007f6356d4265c
0x00007f638da3b990:   0000000000000000 00007f638da3c400
0x00007f638da3b9a0:   00007f638da3ba80 00007f6356d42164
0x00007f638da3b9b0:   0000000000000000 00007f638da3c380
0x00007f638da3b9c0:   0000000000000000 00007f638da3bb00
0x00007f638da3b9d0:   00007f638da3ba60 00007f638da3ba4c
0x00007f638da3b9e0:   00007f638da3ba48 00007f638da3ba30
0x00007f638da3b9f0:   00007f638da3ba90 00007f638da3c400
0x00007f638da3ba00:   00007f6356b2a86b 00007f638da3b990
0x00007f638da3ba10:   00007f638da3bab0 0000000000000001
0x00007f638da3ba20:   0000000100000001 0000000000000001
0x00007f638da3ba30:   00007f6300000001 0000000000000000
0x00007f638da3ba40:   00007f638da3bb08 0000000100000000
0x00007f638da3ba50:   00007f638da3bab8 0000000000000000
0x00007f638da3ba60:   00007f638da3bb08 00007f638da3ba98
0x00007f638da3ba70:   00007f638da3bab8 0000000000000001
0x00007f638da3ba80:   00007f638da3c3f0 00007f6356d35870
0x00007f638da3ba90:   00007f638da3bb00 00007f638deb9670
0x00007f638da3baa0:   00007f638da3bc50 0000000000000004
0x00007f638da3bab0:   00007f6356d44eb0 00007f63905e1d93
0x00007f638da3bac0:   00007f638807a800 00007f638807a800
0x00007f638da3bad0:   00007f638deb9988 00007f638807a800
0x00007f638da3bae0:   00007f638da3bb10 00007f6390818e80
0x00007f638da3baf0:   00007f6356eb47c8 0000000000000000
0x00007f638da3bb00:   0000000000000000 00007f638da3c4c0
0x00007f638da3bb10:   00007f638da3c3f0 00007f6356d35709
0x00007f638da3bb20:   00007f638deb8c38 00007f638da3c380
0x00007f638da3bb30:   00007f638da3c400 00007f6356d44fd0
0x00007f638da3bb40:   00007f638da3c4a8 000000008807a800
0x00007f638da3bb50:   00007f6356b2a86b 00007f638807a9f8 

Instructions: (pc=0x00007f6356b2a8e4)
0x00007f6356b2a8c4:   48 8b 45 e8 48 8b 40 08 48 89 c7 e8 8c 84 ff ff
0x00007f6356b2a8d4:   48 8b 45 e8 48 8b 55 f8 48 89 50 08 48 8b 45 e8
0x00007f6356b2a8e4:   48 8b 40 08 48 85 c0 75 8c 48 8b 45 e8 48 8b 00
0x00007f6356b2a8f4:   48 89 c7 e8 64 84 ff ff 48 8b 45 e8 48 89 c7 e8 

Register to memory mapping:

RAX=0x0000000000000000 is an unknown value
RBX=0x00007f638da3bab0 is pointing into the stack for thread: 0x00007f638807a800
RCX=0x00007f63886c6e70 is an unknown value
RDX=0x00007f638da3ba10 is pointing into the stack for thread: 0x00007f638807a800
RSP=0x00007f638da3b960 is pointing into the stack for thread: 0x00007f638807a800
RBP=0x00007f638da3b980 is pointing into the stack for thread: 0x00007f638807a800
RSI=0x00007f6388079eb0 is an unknown value
RDI=0x0000000000000000 is an unknown value
R8 =0x00007f638da3b9a0 is pointing into the stack for thread: 0x00007f638807a800
R9 =0x00007f63905e096b: <offset 0x4b096b> in /usr/lib/jdk/jre/lib/amd64/server/libjvm.so at 0x00007f6390130000
R10=0x00007f638da3b8e0 is pointing into the stack for thread: 0x00007f638807a800
R11=0x00007f6356b2a86b: gitmarket_dtor+0 in /home/ant/gitter/webapi/target/classes/libgkid.so at 0x00007f6356b1e000
R12=0x0000000000000000 is an unknown value
R13=0x00007f638da3c380 is pointing into the stack for thread: 0x00007f638807a800
R14=0x00007f638da3b8e0 is pointing into the stack for thread: 0x00007f638807a800
R15=0x0000000000000001 is an unknown value


Stack: [0x00007f638d93d000,0x00007f638da3e000],  sp=0x00007f638da3b960,  free space=1018k
Native frames: (J=compiled Java code, j=interpreted, Vv=VM code, C=native code)
C  [libgkid.so+0xc8e4]  gitmarket_dtor+0x79
C  [jna8979595484961378010.tmp+0x1265c]  ffi_call_unix64+0x4c
C  0x00007f638da3c400

Java frames: (J=compiled Java code, j=interpreted, Vv=VM code)
j  com.sun.jna.Native.invokeVoid(JI[Ljava/lang/Object;)V+0
j  com.sun.jna.Function.invoke([Ljava/lang/Object;Ljava/lang/Class;Z)Ljava/lang/Object;+29
j  com.sun.jna.Function.invoke(Ljava/lang/reflect/Method;[Ljava/lang/Class;Ljava/lang/Class;[Ljava/lang/Object;Ljava/util/Map;)Ljava/lang/Object;+249
j  com.sun.jna.Library$Handler.invoke(Ljava/lang/Object;Ljava/lang/reflect/Method;[Ljava/lang/Object;)Ljava/lang/Object;+348
j  com.sun.proxy.$Proxy87.gitmarket_dtor(Lcom/sun/jna/Pointer;)V+16
j  indi.gscienty.gitterkid.repo.Market.finalize()V+8
J 411 C1 java.lang.ref.Finalizer.runFinalizer(Lsun/misc/JavaLangAccess;)V (62 bytes) @ 0x00007f6379228c3f [0x00007f63792286c0+0x57f]
J 410 C1 java.lang.ref.Finalizer.access$100(Ljava/lang/ref/Finalizer;Lsun/misc/JavaLangAccess;)V (6 bytes) @ 0x00007f637922709b [0x00007f6379227040+0x5b]
j  java.lang.ref.Finalizer$FinalizerThread.run()V+45
v  ~StubRoutines::call_stub

---------------  P R O C E S S  ---------------

Java Threads: ( => current thread )
  0x0000000001b01800 JavaThread "process reaper" daemon [_thread_blocked, id=9677, stack(0x00007f637800e000,0x00007f6378047000)]
  0x00007f63606f6000 JavaThread "http-nio-0.0.0.0-8080-AsyncTimeout" daemon [_thread_blocked, id=9673, stack(0x00007f6357048000,0x00007f6357149000)]
  0x00007f63606f4000 JavaThread "http-nio-0.0.0.0-8080-Acceptor-0" daemon [_thread_in_native, id=9672, stack(0x00007f6357149000,0x00007f635724a000)]
  0x00007f63606f2800 JavaThread "http-nio-0.0.0.0-8080-ClientPoller-0" daemon [_thread_in_native, id=9671, stack(0x00007f635724a000,0x00007f635734b000)]
  0x00007f63606d6800 JavaThread "http-nio-0.0.0.0-8080-exec-10" daemon [_thread_blocked, id=9670, stack(0x00007f635734b000,0x00007f635744c000)]
  0x00007f63606d4800 JavaThread "http-nio-0.0.0.0-8080-exec-9" daemon [_thread_blocked, id=9669, stack(0x00007f635744c000,0x00007f635754d000)]
  0x00007f63606d2800 JavaThread "http-nio-0.0.0.0-8080-exec-8" daemon [_thread_blocked, id=9668, stack(0x00007f635754d000,0x00007f635764e000)]
  0x00007f63606d0800 JavaThread "http-nio-0.0.0.0-8080-exec-7" daemon [_thread_blocked, id=9667, stack(0x00007f635764e000,0x00007f635774f000)]
  0x00007f63606ce800 JavaThread "http-nio-0.0.0.0-8080-exec-6" daemon [_thread_blocked, id=9666, stack(0x00007f635774f000,0x00007f6357850000)]
  0x00007f63606cc800 JavaThread "http-nio-0.0.0.0-8080-exec-5" daemon [_thread_blocked, id=9665, stack(0x00007f6357850000,0x00007f6357951000)]
  0x00007f63606ca800 JavaThread "http-nio-0.0.0.0-8080-exec-4" daemon [_thread_blocked, id=9664, stack(0x00007f6357951000,0x00007f6357a52000)]
  0x00007f63606c8800 JavaThread "http-nio-0.0.0.0-8080-exec-3" daemon [_thread_blocked, id=9663, stack(0x00007f6357a52000,0x00007f6357b53000)]
  0x00007f63606c6800 JavaThread "http-nio-0.0.0.0-8080-exec-2" daemon [_thread_in_native, id=9662, stack(0x00007f6357b53000,0x00007f6357c54000)]
  0x00007f63606c5000 JavaThread "http-nio-0.0.0.0-8080-exec-1" daemon [_thread_blocked, id=9661, stack(0x00007f6357c54000,0x00007f6357d55000)]
  0x00007f63606c2000 JavaThread "NioBlockingSelector.BlockPoller-1" daemon [_thread_in_native, id=9660, stack(0x00007f6357d55000,0x00007f6357e56000)]
  0x00007f63605d5000 JavaThread "container-0" [_thread_blocked, id=9659, stack(0x00007f6358056000,0x00007f6358157000)]
  0x00007f63605d2000 JavaThread "ContainerBackgroundProcessor[StandardEngine[Tomcat]]" daemon [_thread_blocked, id=9658, stack(0x00007f6358157000,0x00007f6358258000)]
  0x00007f63880be000 JavaThread "Service Thread" daemon [_thread_blocked, id=9651, stack(0x00007f638d0ae000,0x00007f638d1af000)]
  0x00007f63880b1000 JavaThread "C1 CompilerThread1" daemon [_thread_blocked, id=9650, stack(0x00007f638d1af000,0x00007f638d2b0000)]
  0x00007f63880af000 JavaThread "C2 CompilerThread0" daemon [_thread_in_native, id=9649, stack(0x00007f638d2b0000,0x00007f638d3b1000)]
  0x00007f63880ad800 JavaThread "Signal Dispatcher" daemon [_thread_blocked, id=9648, stack(0x00007f638d3b1000,0x00007f638d4b2000)]
=>0x00007f638807a800 JavaThread "Finalizer" daemon [_thread_in_native, id=9647, stack(0x00007f638d93d000,0x00007f638da3e000)]
  0x00007f6388076000 JavaThread "Reference Handler" daemon [_thread_blocked, id=9646, stack(0x00007f638da3e000,0x00007f638db3f000)]
  0x00007f638800a000 JavaThread "main" [_thread_blocked, id=9644, stack(0x00007f6391c31000,0x00007f6391d32000)]

Other Threads:
  0x00007f638806e000 VMThread [stack: 0x00007f638db3f000,0x00007f638dc40000] [id=9645]
  0x00007f63880c1800 WatcherThread [stack: 0x00007f638cfad000,0x00007f638d0ae000] [id=9652]

VM state:not at safepoint (normal execution)

VM Mutex/Monitor currently owned by a thread: None

Heap:
 def new generation   total 19136K, used 2632K [0x00000000c2400000, 0x00000000c38c0000, 0x00000000d6d50000)
  eden space 17024K,   3% used [0x00000000c2400000, 0x00000000c248e938, 0x00000000c34a0000)
  from space 2112K,  97% used [0x00000000c34a0000, 0x00000000c36a3928, 0x00000000c36b0000)
  to   space 2112K,   0% used [0x00000000c36b0000, 0x00000000c36b0000, 0x00000000c38c0000)
 tenured generation   total 42368K, used 37287K [0x00000000d6d50000, 0x00000000d96b0000, 0x0000000100000000)
   the space 42368K,  88% used [0x00000000d6d50000, 0x00000000d91b9ce0, 0x00000000d91b9e00, 0x00000000d96b0000)
 Metaspace       used 45320K, capacity 46136K, committed 46592K, reserved 1089536K
  class space    used 5563K, capacity 5819K, committed 5888K, reserved 1048576K

Card table byte_map: [0x00007f638e7d9000,0x00007f638e9c8000] byte_map_base: 0x00007f638e1c7000

Polling page: 0x00007f6391d4c000

CodeCache: size=245760Kb used=13038Kb max_used=13649Kb free=232721Kb
 bounds [0x00007f6379000000, 0x00007f6379d80000, 0x00007f6388000000]
 total_blobs=5114 nmethods=4670 adapters=357
 compilation: enabled

Compilation events (10 events):
Event: 74.524 Thread 0x00007f63880b1000 5458       1       java.lang.Long::longValue (5 bytes)
Event: 74.525 Thread 0x00007f63880b1000 nmethod 5458 0x00007f6379c31390 code [0x00007f6379c314e0, 0x00007f6379c315f0]
Event: 74.535 Thread 0x00007f63880af000 nmethod 5449 0x00007f63798d0e10 code [0x00007f63798d0fa0, 0x00007f63798d1708]
Event: 74.535 Thread 0x00007f63880af000 5456       4       java.lang.ProcessEnvironment::arrayHash (27 bytes)
Event: 74.537 Thread 0x00007f63880af000 nmethod 5456 0x00007f6379c64e10 code [0x00007f6379c64f60, 0x00007f6379c65098]
Event: 74.537 Thread 0x00007f63880af000 5457       4       java.util.Collections$UnmodifiableMap::get (11 bytes)
Event: 74.538 Thread 0x00007f63880af000 nmethod 5457 0x00007f6379379510 code [0x00007f6379379660, 0x00007f63793796d8]
Event: 74.538 Thread 0x00007f63880af000 5454       4       java.util.HashMap::<init> (8 bytes)
Event: 74.539 Thread 0x00007f63880af000 nmethod 5454 0x00007f6379b98190 code [0x00007f6379b982e0, 0x00007f6379b983d8]
Event: 74.595 Thread 0x00007f63880af000 5460   !   4       java.lang.ref.Reference::tryHandlePending (115 bytes)

GC Heap History (10 events):
Event: 13.979 GC heap before
{Heap before GC invocations=30 (full 2):
 def new generation   total 19136K, used 18383K [0x00000000c2400000, 0x00000000c38c0000, 0x00000000d6d50000)
  eden space 17024K, 100% used [0x00000000c2400000, 0x00000000c34a0000, 0x00000000c34a0000)
  from space 2112K,  64% used [0x00000000c36b0000, 0x00000000c3803e50, 0x00000000c38c0000)
  to   space 2112K,   0% used [0x00000000c34a0000, 0x00000000c34a0000, 0x00000000c36b0000)
 tenured generation   total 42368K, used 33033K [0x00000000d6d50000, 0x00000000d96b0000, 0x0000000100000000)
   the space 42368K,  77% used [0x00000000d6d50000, 0x00000000d8d92588, 0x00000000d8d92600, 0x00000000d96b0000)
 Metaspace       used 41119K, capacity 41884K, committed 42240K, reserved 1085440K
  class space    used 5043K, capacity 5259K, committed 5376K, reserved 1048576K
Event: 13.987 GC heap after
Heap after GC invocations=31 (full 2):
 def new generation   total 19136K, used 1474K [0x00000000c2400000, 0x00000000c38c0000, 0x00000000d6d50000)
  eden space 17024K,   0% used [0x00000000c2400000, 0x00000000c2400000, 0x00000000c34a0000)
  from space 2112K,  69% used [0x00000000c34a0000, 0x00000000c3610980, 0x00000000c36b0000)
  to   space 2112K,   0% used [0x00000000c36b0000, 0x00000000c36b0000, 0x00000000c38c0000)
 tenured generation   total 42368K, used 33799K [0x00000000d6d50000, 0x00000000d96b0000, 0x0000000100000000)
   the space 42368K,  79% used [0x00000000d6d50000, 0x00000000d8e51ca0, 0x00000000d8e51e00, 0x00000000d96b0000)
 Metaspace       used 41119K, capacity 41884K, committed 42240K, reserved 1085440K
  class space    used 5043K, capacity 5259K, committed 5376K, reserved 1048576K
}
Event: 14.503 GC heap before
{Heap before GC invocations=31 (full 2):
 def new generation   total 19136K, used 18498K [0x00000000c2400000, 0x00000000c38c0000, 0x00000000d6d50000)
  eden space 17024K, 100% used [0x00000000c2400000, 0x00000000c34a0000, 0x00000000c34a0000)
  from space 2112K,  69% used [0x00000000c34a0000, 0x00000000c3610980, 0x00000000c36b0000)
  to   space 2112K,   0% used [0x00000000c36b0000, 0x00000000c36b0000, 0x00000000c38c0000)
 tenured generation   total 42368K, used 33799K [0x00000000d6d50000, 0x00000000d96b0000, 0x0000000100000000)
   the space 42368K,  79% used [0x00000000d6d50000, 0x00000000d8e51ca0, 0x00000000d8e51e00, 0x00000000d96b0000)
 Metaspace       used 41860K, capacity 42626K, committed 43008K, reserved 1087488K
  class space    used 5135K, capacity 5356K, committed 5376K, reserved 1048576K
Event: 14.531 GC heap after
Heap after GC invocations=32 (full 2):
 def new generation   total 19136K, used 1674K [0x00000000c2400000, 0x00000000c38c0000, 0x00000000d6d50000)
  eden space 17024K,   0% used [0x00000000c2400000, 0x00000000c2400000, 0x00000000c34a0000)
  from space 2112K,  79% used [0x00000000c36b0000, 0x00000000c3852938, 0x00000000c38c0000)
  to   space 2112K,   0% used [0x00000000c34a0000, 0x00000000c34a0000, 0x00000000c36b0000)
 tenured generation   total 42368K, used 34929K [0x00000000d6d50000, 0x00000000d96b0000, 0x0000000100000000)
   the space 42368K,  82% used [0x00000000d6d50000, 0x00000000d8f6c7c8, 0x00000000d8f6c800, 0x00000000d96b0000)
 Metaspace       used 41860K, capacity 42626K, committed 43008K, reserved 1087488K
  class space    used 5135K, capacity 5356K, committed 5376K, reserved 1048576K
}
Event: 14.964 GC heap before
{Heap before GC invocations=32 (full 2):
 def new generation   total 19136K, used 18698K [0x00000000c2400000, 0x00000000c38c0000, 0x00000000d6d50000)
  eden space 17024K, 100% used [0x00000000c2400000, 0x00000000c34a0000, 0x00000000c34a0000)
  from space 2112K,  79% used [0x00000000c36b0000, 0x00000000c3852938, 0x00000000c38c0000)
  to   space 2112K,   0% used [0x00000000c34a0000, 0x00000000c34a0000, 0x00000000c36b0000)
 tenured generation   total 42368K, used 34929K [0x00000000d6d50000, 0x00000000d96b0000, 0x0000000100000000)
   the space 42368K,  82% used [0x00000000d6d50000, 0x00000000d8f6c7c8, 0x00000000d8f6c800, 0x00000000d96b0000)
 Metaspace       used 42233K, capacity 42984K, committed 43392K, reserved 1087488K
  class space    used 5182K, capacity 5389K, committed 5504K, reserved 1048576K
Event: 14.984 GC heap after
Heap after GC invocations=33 (full 2):
 def new generation   total 19136K, used 1202K [0x00000000c2400000, 0x00000000c38c0000, 0x00000000d6d50000)
  eden space 17024K,   0% used [0x00000000c2400000, 0x00000000c2400000, 0x00000000c34a0000)
  from space 2112K,  56% used [0x00000000c34a0000, 0x00000000c35ccb60, 0x00000000c36b0000)
  to   space 2112K,   0% used [0x00000000c36b0000, 0x00000000c36b0000, 0x00000000c38c0000)
 tenured generation   total 42368K, used 35982K [0x00000000d6d50000, 0x00000000d96b0000, 0x0000000100000000)
   the space 42368K,  84% used [0x00000000d6d50000, 0x00000000d9073860, 0x00000000d9073a00, 0x00000000d96b0000)
 Metaspace       used 42233K, capacity 42984K, committed 43392K, reserved 1087488K
  class space    used 5182K, capacity 5389K, committed 5504K, reserved 1048576K
}
Event: 65.381 GC heap before
{Heap before GC invocations=33 (full 2):
 def new generation   total 19136K, used 18226K [0x00000000c2400000, 0x00000000c38c0000, 0x00000000d6d50000)
  eden space 17024K, 100% used [0x00000000c2400000, 0x00000000c34a0000, 0x00000000c34a0000)
  from space 2112K,  56% used [0x00000000c34a0000, 0x00000000c35ccb60, 0x00000000c36b0000)
  to   space 2112K,   0% used [0x00000000c36b0000, 0x00000000c36b0000, 0x00000000c38c0000)
 tenured generation   total 42368K, used 35982K [0x00000000d6d50000, 0x00000000d96b0000, 0x0000000100000000)
   the space 42368K,  84% used [0x00000000d6d50000, 0x00000000d9073860, 0x00000000d9073a00, 0x00000000d96b0000)
 Metaspace       used 43085K, capacity 43884K, committed 44288K, reserved 1087488K
  class space    used 5281K, capacity 5519K, committed 5632K, reserved 1048576K
Event: 65.387 GC heap after
Heap after GC invocations=34 (full 2):
 def new generation   total 19136K, used 1120K [0x00000000c2400000, 0x00000000c38c0000, 0x00000000d6d50000)
  eden space 17024K,   0% used [0x00000000c2400000, 0x00000000c2400000, 0x00000000c34a0000)
  from space 2112K,  53% used [0x00000000c36b0000, 0x00000000c37c8208, 0x00000000c38c0000)
  to   space 2112K,   0% used [0x00000000c34a0000, 0x00000000c34a0000, 0x00000000c36b0000)
 tenured generation   total 42368K, used 36539K [0x00000000d6d50000, 0x00000000d96b0000, 0x0000000100000000)
   the space 42368K,  86% used [0x00000000d6d50000, 0x00000000d90fecd0, 0x00000000d90fee00, 0x00000000d96b0000)
 Metaspace       used 43085K, capacity 43884K, committed 44288K, reserved 1087488K
  class space    used 5281K, capacity 5519K, committed 5632K, reserved 1048576K
}
Event: 74.551 GC heap before
{Heap before GC invocations=34 (full 2):
 def new generation   total 19136K, used 18144K [0x00000000c2400000, 0x00000000c38c0000, 0x00000000d6d50000)
  eden space 17024K, 100% used [0x00000000c2400000, 0x00000000c34a0000, 0x00000000c34a0000)
  from space 2112K,  53% used [0x00000000c36b0000, 0x00000000c37c8208, 0x00000000c38c0000)
  to   space 2112K,   0% used [0x00000000c34a0000, 0x00000000c34a0000, 0x00000000c36b0000)
 tenured generation   total 42368K, used 36539K [0x00000000d6d50000, 0x00000000d96b0000, 0x0000000100000000)
   the space 42368K,  86% used [0x00000000d6d50000, 0x00000000d90fecd0, 0x00000000d90fee00, 0x00000000d96b0000)
 Metaspace       used 45262K, capacity 46040K, committed 46592K, reserved 1089536K
  class space    used 5556K, capacity 5787K, committed 5888K, reserved 1048576K
Event: 74.587 GC heap after
Heap after GC invocations=35 (full 2):
 def new generation   total 19136K, used 2062K [0x00000000c2400000, 0x00000000c38c0000, 0x00000000d6d50000)
  eden space 17024K,   0% used [0x00000000c2400000, 0x00000000c2400000, 0x00000000c34a0000)
  from space 2112K,  97% used [0x00000000c34a0000, 0x00000000c36a3928, 0x00000000c36b0000)
  to   space 2112K,   0% used [0x00000000c36b0000, 0x00000000c36b0000, 0x00000000c38c0000)
 tenured generation   total 42368K, used 37287K [0x00000000d6d50000, 0x00000000d96b0000, 0x0000000100000000)
   the space 42368K,  88% used [0x00000000d6d50000, 0x00000000d91b9ce0, 0x00000000d91b9e00, 0x00000000d96b0000)
 Metaspace       used 45262K, capacity 46040K, committed 46592K, reserved 1089536K
  class space    used 5556K, capacity 5787K, committed 5888K, reserved 1048576K
}

Deoptimization events (10 events):
Event: 65.920 Thread 0x00007f63606c5000 Uncommon trap: reason=unstable_if action=reinterpret pc=0x00007f6379acd348 method=java.lang.String.lastIndexOf([CII[CIII)I @ 135
Event: 65.920 Thread 0x00007f63606c5000 Uncommon trap: reason=unstable_if action=reinterpret pc=0x00007f6379bd1284 method=java.lang.StringCoding.encode(Ljava/lang/String;[CII)[B @ 38
Event: 65.974 Thread 0x00007f63606c5000 Uncommon trap: reason=bimorphic action=maybe_recompile pc=0x00007f6379b753bc method=java.lang.Throwable.<init>(Ljava/lang/String;Ljava/lang/Throwable;)V @ 24
Event: 66.034 Thread 0x00007f63606c5000 Uncommon trap: reason=unstable_if action=reinterpret pc=0x00007f6379baafc0 method=java.util.concurrent.ConcurrentHashMap.get(Ljava/lang/Object;)Ljava/lang/Object; @ 76
Event: 66.034 Thread 0x00007f63606c5000 Uncommon trap: reason=class_check action=maybe_recompile pc=0x00007f6379bccad0 method=java.util.concurrent.ConcurrentHashMap.putVal(Ljava/lang/Object;Ljava/lang/Object;Z)Ljava/lang/Object; @ 192
Event: 66.096 Thread 0x00007f63606c5000 Uncommon trap: reason=class_check action=maybe_recompile pc=0x00007f6379bccad0 method=java.util.concurrent.ConcurrentHashMap.putVal(Ljava/lang/Object;Ljava/lang/Object;Z)Ljava/lang/Object; @ 192
Event: 66.096 Thread 0x00007f63606c5000 Uncommon trap: reason=class_check action=maybe_recompile pc=0x00007f6379bccad0 method=java.util.concurrent.ConcurrentHashMap.putVal(Ljava/lang/Object;Ljava/lang/Object;Z)Ljava/lang/Object; @ 192
Event: 66.096 Thread 0x00007f63606c5000 Uncommon trap: reason=class_check action=maybe_recompile pc=0x00007f6379bccad0 method=java.util.concurrent.ConcurrentHashMap.putVal(Ljava/lang/Object;Ljava/lang/Object;Z)Ljava/lang/Object; @ 192
Event: 74.424 Thread 0x00007f63606c6800 Uncommon trap: reason=bimorphic action=maybe_recompile pc=0x00007f6379b753bc method=java.lang.Throwable.<init>(Ljava/lang/String;Ljava/lang/Throwable;)V @ 24
Event: 74.434 Thread 0x00007f63606c6800 Uncommon trap: reason=bimorphic action=maybe_recompile pc=0x00007f6379b753bc method=java.lang.Throwable.<init>(Ljava/lang/String;Ljava/lang/Throwable;)V @ 24

Internal exceptions (10 events):
Event: 65.921 Thread 0x00007f63606c5000 Exception <a 'java/lang/UnsatisfiedLinkError': libgkid.so: 无法打开共享对象文件: 没有那个文件或目录> (0x00000000c2c881e8) thrown at [/HUDSON/workspace/8-2-build-linux-amd64/jdk8u151/9699/hotspot/src/share/vm/prims/jni.cpp, line 735]
Event: 65.960 Thread 0x00007f63606c5000 Exception <a 'java/lang/ClassNotFoundException': java/lang/ObjectCustomizer> (0x00000000c2dedeb0) thrown at [/HUDSON/workspace/8-2-build-linux-amd64/jdk8u151/9699/hotspot/src/share/vm/classfile/systemDictionary.cpp, line 210]
Event: 65.963 Thread 0x00007f63606c5000 Exception <a 'java/lang/ClassNotFoundException': indi/gscienty/gitterkid/repo/MarketCustomizer> (0x00000000c2dff860) thrown at [/HUDSON/workspace/8-2-build-linux-amd64/jdk8u151/9699/hotspot/src/share/vm/classfile/systemDictionary.cpp, line 210]
Event: 65.968 Thread 0x00007f63606c5000 Exception <a 'java/lang/ClassNotFoundException': java/lang/IterableCustomizer> (0x00000000c2e18f80) thrown at [/HUDSON/workspace/8-2-build-linux-amd64/jdk8u151/9699/hotspot/src/share/vm/classfile/systemDictionary.cpp, line 210]
Event: 65.969 Thread 0x00007f63606c5000 Exception <a 'java/lang/ClassNotFoundException': java/util/IteratorCustomizer> (0x00000000c2e22c88) thrown at [/HUDSON/workspace/8-2-build-linux-amd64/jdk8u151/9699/hotspot/src/share/vm/classfile/systemDictionary.cpp, line 210]
Event: 65.970 Thread 0x00007f63606c5000 Exception <a 'java/lang/ClassNotFoundException': indi/gscienty/gitterkid/repo/IQueryableCustomizer> (0x00000000c2e33a18) thrown at [/HUDSON/workspace/8-2-build-linux-amd64/jdk8u151/9699/hotspot/src/share/vm/classfile/systemDictionary.cpp, line 210]
Event: 66.036 Thread 0x00007f63606c5000 Exception <a 'java/lang/ClassNotFoundException': java/lang/ObjectCustomizer> (0x00000000c2f29648) thrown at [/HUDSON/workspace/8-2-build-linux-amd64/jdk8u151/9699/hotspot/src/share/vm/classfile/systemDictionary.cpp, line 210]
Event: 66.037 Thread 0x00007f63606c5000 Exception <a 'java/lang/ClassNotFoundException': indi/gscienty/gitterkid/webapi/services/RepositoryServiceCustomizer> (0x00000000c2f3f478) thrown at [/HUDSON/workspace/8-2-build-linux-amd64/jdk8u151/9699/hotspot/src/share/vm/classfile/systemDictionary.cpp
Event: 68.459 Thread 0x00007f63606c8800 Exception <a 'java/io/FileNotFoundException'> (0x00000000c320f1c8) thrown at [/HUDSON/workspace/8-2-build-linux-amd64/jdk8u151/9699/hotspot/src/share/vm/prims/jni.cpp, line 709]
Event: 68.459 Thread 0x00007f63606c8800 Exception <a 'java/io/FileNotFoundException'> (0x00000000c320fb90) thrown at [/HUDSON/workspace/8-2-build-linux-amd64/jdk8u151/9699/hotspot/src/share/vm/prims/jni.cpp, line 709]

Events (10 events):
Event: 74.607 Executing VM operation: RevokeBias
Event: 74.607 Executing VM operation: RevokeBias done
Event: 74.607 Executing VM operation: RevokeBias
Event: 74.607 Executing VM operation: RevokeBias done
Event: 74.607 Executing VM operation: RevokeBias
Event: 74.607 Executing VM operation: RevokeBias done
Event: 74.607 Executing VM operation: RevokeBias
Event: 74.607 Executing VM operation: RevokeBias done
Event: 74.607 Executing VM operation: RevokeBias
Event: 74.608 Executing VM operation: RevokeBias done


Dynamic libraries:
00400000-00401000 r-xp 00000000 08:01 540265                             /usr/lib/jdk/bin/java
00600000-00601000 rw-p 00000000 08:01 540265                             /usr/lib/jdk/bin/java
01a0f000-01b9b000 rw-p 00000000 00:00 0                                  [heap]
c2400000-c38c0000 rw-p 00000000 00:00 0 
c38c0000-d6d50000 ---p 00000000 00:00 0 
d6d50000-d96b0000 rw-p 00000000 00:00 0 
d96b0000-100000000 ---p 00000000 00:00 0 
100000000-1005c0000 rw-p 00000000 00:00 0 
1005c0000-140000000 ---p 00000000 00:00 0 
7f63562b5000-7f63562d1000 r-xp 00000000 08:01 138414                     /lib/x86_64-linux-gnu/libaudit.so.1.0.0
7f63562d1000-7f63564d0000 ---p 0001c000 08:01 138414                     /lib/x86_64-linux-gnu/libaudit.so.1.0.0
7f63564d0000-7f63564d1000 r--p 0001b000 08:01 138414                     /lib/x86_64-linux-gnu/libaudit.so.1.0.0
7f63564d1000-7f63564d2000 rw-p 0001c000 08:01 138414                     /lib/x86_64-linux-gnu/libaudit.so.1.0.0
7f63564d2000-7f63564dc000 rw-p 00000000 00:00 0 
7f63564dc000-7f63564f5000 r-xp 00000000 08:01 138615                     /lib/x86_64-linux-gnu/libz.so.1.2.8
7f63564f5000-7f63566f4000 ---p 00019000 08:01 138615                     /lib/x86_64-linux-gnu/libz.so.1.2.8
7f63566f4000-7f63566f5000 r--p 00018000 08:01 138615                     /lib/x86_64-linux-gnu/libz.so.1.2.8
7f63566f5000-7f63566f6000 rw-p 00019000 08:01 138615                     /lib/x86_64-linux-gnu/libz.so.1.2.8
7f63566f6000-7f63566f9000 r-xp 00000000 08:01 138542                     /lib/x86_64-linux-gnu/libpam_misc.so.0.82.0
7f63566f9000-7f63568f8000 ---p 00003000 08:01 138542                     /lib/x86_64-linux-gnu/libpam_misc.so.0.82.0
7f63568f8000-7f63568f9000 r--p 00002000 08:01 138542                     /lib/x86_64-linux-gnu/libpam_misc.so.0.82.0
7f63568f9000-7f63568fa000 rw-p 00003000 08:01 138542                     /lib/x86_64-linux-gnu/libpam_misc.so.0.82.0
7f63568fa000-7f6356907000 r-xp 00000000 08:01 138540                     /lib/x86_64-linux-gnu/libpam.so.0.83.1
7f6356907000-7f6356b06000 ---p 0000d000 08:01 138540                     /lib/x86_64-linux-gnu/libpam.so.0.83.1
7f6356b06000-7f6356b07000 r--p 0000c000 08:01 138540                     /lib/x86_64-linux-gnu/libpam.so.0.83.1
7f6356b07000-7f6356b08000 rw-p 0000d000 08:01 138540                     /lib/x86_64-linux-gnu/libpam.so.0.83.1
7f6356b0b000-7f6356b1e000 r--s 00345000 08:01 541849                     /usr/lib/jdk/jre/lib/resources.jar
7f6356b1e000-7f6356b2f000 r-xp 00000000 08:01 558926                     /home/ant/gitter/webapi/target/classes/libgkid.so
7f6356b2f000-7f6356d2e000 ---p 00011000 08:01 558926                     /home/ant/gitter/webapi/target/classes/libgkid.so
7f6356d2e000-7f6356d2f000 r--p 00010000 08:01 558926                     /home/ant/gitter/webapi/target/classes/libgkid.so
7f6356d2f000-7f6356d30000 rw-p 00011000 08:01 558926                     /home/ant/gitter/webapi/target/classes/libgkid.so
7f6356d30000-7f6356d47000 r-xp 00000000 08:01 437182                     /tmp/jna-96743/jna8979595484961378010.tmp (deleted)
7f6356d47000-7f6356e46000 ---p 00017000 08:01 437182                     /tmp/jna-96743/jna8979595484961378010.tmp (deleted)
7f6356e46000-7f6356e48000 rw-p 00016000 08:01 437182                     /tmp/jna-96743/jna8979595484961378010.tmp (deleted)
7f6356e48000-7f6357008000 rw-p 00000000 00:00 0 
7f6357008000-7f6357048000 ---p 00000000 00:00 0 
7f6357048000-7f635704b000 ---p 00000000 00:00 0 
7f635704b000-7f6357149000 rw-p 00000000 00:00 0 
7f6357149000-7f635714c000 ---p 00000000 00:00 0 
7f635714c000-7f635724a000 rw-p 00000000 00:00 0 
7f635724a000-7f635724d000 ---p 00000000 00:00 0 
7f635724d000-7f635734b000 rw-p 00000000 00:00 0 
7f635734b000-7f635734e000 ---p 00000000 00:00 0 
7f635734e000-7f635744c000 rw-p 00000000 00:00 0 
7f635744c000-7f635744f000 ---p 00000000 00:00 0 
7f635744f000-7f635754d000 rw-p 00000000 00:00 0 
7f635754d000-7f6357550000 ---p 00000000 00:00 0 
7f6357550000-7f635764e000 rw-p 00000000 00:00 0 
7f635764e000-7f6357651000 ---p 00000000 00:00 0 
7f6357651000-7f635774f000 rw-p 00000000 00:00 0 
7f635774f000-7f6357752000 ---p 00000000 00:00 0 
7f6357752000-7f6357850000 rw-p 00000000 00:00 0 
7f6357850000-7f6357853000 ---p 00000000 00:00 0 
7f6357853000-7f6357951000 rw-p 00000000 00:00 0 
7f6357951000-7f6357954000 ---p 00000000 00:00 0 
7f6357954000-7f6357a52000 rw-p 00000000 00:00 0 
7f6357a52000-7f6357a55000 ---p 00000000 00:00 0 
7f6357a55000-7f6357b53000 rw-p 00000000 00:00 0 
7f6357b53000-7f6357b56000 ---p 00000000 00:00 0 
7f6357b56000-7f6357c54000 rw-p 00000000 00:00 0 
7f6357c54000-7f6357c57000 ---p 00000000 00:00 0 
7f6357c57000-7f6357d55000 rw-p 00000000 00:00 0 
7f6357d55000-7f6357d58000 ---p 00000000 00:00 0 
7f6357d58000-7f6358056000 rw-p 00000000 00:00 0 
7f6358056000-7f6358059000 ---p 00000000 00:00 0 
7f6358059000-7f6358157000 rw-p 00000000 00:00 0 
7f6358157000-7f635815a000 ---p 00000000 00:00 0 
7f635815a000-7f6358458000 rw-p 00000000 00:00 0 
7f6358458000-7f6358658000 rw-p 00000000 00:00 0 
7f6358658000-7f6358858000 rw-p 00000000 00:00 0 
7f6358858000-7f6358a58000 rw-p 00000000 00:00 0 
7f6358a58000-7f6358aee000 r--s 01110000 08:01 541873                     /usr/lib/jdk/jre/lib/ext/jfxrt.jar
7f6358aee000-7f6358af1000 ---p 00000000 00:00 0 
7f6358af1000-7f6358def000 rw-p 00000000 00:00 0 
7f6358dff000-7f6358fff000 rw-p 00000000 00:00 0 
7f6358fff000-7f635c000000 rw-p 00000000 00:00 0 
7f635c000000-7f635d741000 rw-p 00000000 00:00 0 
7f635d741000-7f6360000000 ---p 00000000 00:00 0 
7f6360000000-7f6360709000 rw-p 00000000 00:00 0 
7f6360709000-7f6364000000 ---p 00000000 00:00 0 
7f6364000000-7f6364021000 rw-p 00000000 00:00 0 
7f6364021000-7f6368000000 ---p 00000000 00:00 0 
7f6368000000-7f636a5a8000 rw-p 00000000 00:00 0 
7f636a5a8000-7f636c000000 ---p 00000000 00:00 0 
7f636c000000-7f636c021000 rw-p 00000000 00:00 0 
7f636c021000-7f6370000000 ---p 00000000 00:00 0 
7f6370000000-7f63700d6000 rw-p 00000000 00:00 0 
7f63700d6000-7f6374000000 ---p 00000000 00:00 0 
7f6374000000-7f63740d6000 rw-p 00000000 00:00 0 
7f63740d6000-7f6378000000 ---p 00000000 00:00 0 
7f637800e000-7f6378011000 ---p 00000000 00:00 0 
7f6378011000-7f6378047000 rw-p 00000000 00:00 0 
7f6378047000-7f637804c000 r--s 002f9000 08:01 541809                     /usr/lib/jdk/jre/lib/charsets.jar
7f637804c000-7f637824c000 rw-p 00000000 00:00 0 
7f637824c000-7f637844c000 rw-p 00000000 00:00 0 
7f637844c000-7f637844f000 ---p 00000000 00:00 0 
7f637844f000-7f637854d000 rw-p 00000000 00:00 0 
7f637854d000-7f6378556000 r-xp 00000000 08:01 542033                     /usr/lib/jdk/jre/lib/amd64/libmanagement.so
7f6378556000-7f6378755000 ---p 00009000 08:01 542033                     /usr/lib/jdk/jre/lib/amd64/libmanagement.so
7f6378755000-7f6378756000 rw-p 00008000 08:01 542033                     /usr/lib/jdk/jre/lib/amd64/libmanagement.so
7f6378756000-7f6378956000 rw-p 00000000 00:00 0 
7f6378956000-7f637895d000 r--s 00000000 08:01 33805                      /usr/lib/x86_64-linux-gnu/gconv/gconv-modules.cache
7f637895d000-7f637897e000 r--p 00000000 08:01 299439                     /usr/share/locale-langpack/zh_CN/LC_MESSAGES/libc.mo
7f637897e000-7f6378981000 ---p 00000000 00:00 0 
7f6378981000-7f6378a7f000 rw-p 00000000 00:00 0 
7f6378a7f000-7f6378a80000 r--s 00000000 08:01 558938                     /home/ant/.m2/repository/org/springframework/boot/spring-boot-starter-aop/1.5.9.RELEASE/spring-boot-starter-aop-1.5.9.RELEASE.jar
7f6378a80000-7f6378a92000 r--s 0011e000 08:01 2466                       /home/ant/.m2/repository/com/fasterxml/jackson/core/jackson-databind/2.8.10/jackson-databind-2.8.10.jar
7f6378a92000-7f6378a94000 r--s 00000000 08:01 558370                     /home/ant/.m2/repository/org/slf4j/jul-to-slf4j/1.7.25/jul-to-slf4j-1.7.25.jar
7f6378a94000-7f6378a9b000 r--s 00045000 08:01 558369                     /home/ant/.m2/repository/ch/qos/logback/logback-classic/1.1.11/logback-classic-1.1.11.jar
7f6378a9b000-7f6378a9d000 r--s 00002000 08:01 31734                      /home/ant/.m2/repository/indi/gscienty/gitterkid/services/0.1/services-0.1.jar
7f6378a9d000-7f6378a9f000 r--s 0000b000 08:01 31728                      /home/ant/.m2/repository/indi/gscienty/gitterkid/repo/0.1/repo-0.1.jar
7f6378a9f000-7f6378ac8000 r--s 002c7000 08:01 558391                     /home/ant/.m2/repository/org/apache/tomcat/embed/tomcat-embed-core/8.5.23/tomcat-embed-core-8.5.23.jar
7f6378ac8000-7f6378ad1000 r--s 00054000 08:01 558394                     /home/ant/.m2/repository/org/springframework/spring-aop/4.3.13.RELEASE/spring-aop-4.3.13.RELEASE.jar
7f6378ad1000-7f6378ad5000 r--s 0000c000 08:01 558378                     /home/ant/.m2/repository/javax/validation/validation-api/1.1.0.Final/validation-api-1.1.0.Final.jar
7f6378ad5000-7f6378ae5000 r--s 00095000 08:01 558362                     /home/ant/.m2/repository/org/springframework/boot/spring-boot/1.5.9.RELEASE/spring-boot-1.5.9.RELEASE.jar
7f6378ae5000-7f6378ae7000 r--s 00003000 08:01 558372                     /home/ant/.m2/repository/org/apache/tomcat/tomcat-annotations-api/8.5.23/tomcat-annotations-api-8.5.23.jar
7f6378ae7000-7f6378ae8000 r--s 00000000 08:01 558357                     /home/ant/.m2/repository/org/springframework/boot/spring-boot-starter/1.5.9.RELEASE/spring-boot-starter-1.5.9.RELEASE.jar
7f6378ae8000-7f6378aea000 r--s 00009000 08:01 558396                     /home/ant/.m2/repository/org/slf4j/slf4j-api/1.7.25/slf4j-api-1.7.25.jar
7f6378aea000-7f6378afc000 r--s 000cf000 08:01 558374                     /home/ant/.m2/repository/org/springframework/spring-webmvc/4.3.13.RELEASE/spring-webmvc-4.3.13.RELEASE.jar
7f6378afc000-7f6378b01000 r--s 00038000 08:01 558376                     /home/ant/.m2/repository/org/apache/tomcat/embed/tomcat-embed-websocket/8.5.23/tomcat-embed-websocket-8.5.23.jar
7f6378b01000-7f6378b02000 r--s 00000000 08:01 558393                     /home/ant/.m2/repository/org/springframework/boot/spring-boot-starter-tomcat/1.5.9.RELEASE/spring-boot-starter-tomcat-1.5.9.RELEASE.jar
7f6378b02000-7f6378b07000 r--s 0003c000 08:01 558392                     /home/ant/.m2/repository/org/springframework/spring-expression/4.3.13.RELEASE/spring-expression-4.3.13.RELEASE.jar
7f6378b07000-7f6378b09000 r--s 00003000 08:01 558377                     /home/ant/.m2/repository/org/slf4j/jcl-over-slf4j/1.7.25/jcl-over-slf4j-1.7.25.jar
7f6378b09000-7f6378b0b000 r--s 0000e000 08:01 2461                       /home/ant/.m2/repository/com/fasterxml/classmate/1.3.4/classmate-1.3.4.jar
7f6378b0b000-7f6378b11000 r--s 0003d000 08:01 558389                     /home/ant/.m2/repository/org/yaml/snakeyaml/1.17/snakeyaml-1.17.jar
7f6378b11000-7f6378b12000 r--s 00000000 08:01 558359                     /home/ant/.m2/repository/org/springframework/boot/spring-boot-starter-web/1.5.9.RELEASE/spring-boot-starter-web-1.5.9.RELEASE.jar
7f6378b12000-7f6378b20000 r--s 000ad000 08:01 546017                     /home/ant/.m2/repository/org/springframework/spring-beans/4.3.13.RELEASE/spring-beans-4.3.13.RELEASE.jar
7f6378b20000-7f6378b32000 r--s 000b8000 08:01 558395                     /home/ant/.m2/repository/org/springframework/spring-web/4.3.13.RELEASE/spring-web-4.3.13.RELEASE.jar
7f6378b32000-7f6378b52000 r--s 000e6000 08:01 558405                     /home/ant/.m2/repository/org/springframework/boot/spring-boot-autoconfigure/1.5.9.RELEASE/spring-boot-autoconfigure-1.5.9.RELEASE.jar
7f6378b52000-7f6378b6b000 r--s 001bf000 08:01 558976                     /home/ant/.m2/repository/org/aspectj/aspectjweaver/1.8.13/aspectjweaver-1.8.13.jar
7f6378b6b000-7f6378b76000 r--s 0006a000 08:01 558388                     /home/ant/.m2/repository/ch/qos/logback/logback-core/1.1.11/logback-core-1.1.11.jar
7f6378b76000-7f6378b8f000 r--s 000fe000 08:01 558398                     /home/ant/.m2/repository/org/springframework/spring-context/4.3.13.RELEASE/spring-context-4.3.13.RELEASE.jar
7f6378b8f000-7f6378b93000 r--s 00112000 08:01 34634                      /home/ant/.m2/repository/net/java/dev/jna/jna/4.2.2/jna-4.2.2.jar
7f6378b93000-7f6378ba4000 r--s 000a1000 08:01 558385                     /home/ant/.m2/repository/org/hibernate/hibernate-validator/5.3.6.Final/hibernate-validator-5.3.6.Final.jar
7f6378ba4000-7f6378ba6000 r--s 00004000 08:01 558403                     /home/ant/.m2/repository/org/slf4j/log4j-over-slf4j/1.7.25/log4j-over-slf4j-1.7.25.jar
7f6378ba6000-7f6378ba9000 r--s 0000e000 08:01 558427                     /home/ant/.m2/repository/org/jboss/logging/jboss-logging/3.3.1.Final/jboss-logging-3.3.1.Final.jar
7f6378ba9000-7f6378bad000 r--s 00037000 08:01 558415                     /home/ant/.m2/repository/org/apache/tomcat/embed/tomcat-embed-el/8.5.23/tomcat-embed-el-8.5.23.jar
7f6378bad000-7f6378bb1000 r--s 00042000 08:01 2482                       /home/ant/.m2/repository/com/fasterxml/jackson/core/jackson-core/2.8.10/jackson-core-2.8.10.jar
7f6378bb1000-7f6378bb4000 r--s 0000b000 08:01 2479                       /home/ant/.m2/repository/com/fasterxml/jackson/core/jackson-annotations/2.8.0/jackson-annotations-2.8.0.jar
7f6378bb4000-7f6378bb5000 r--s 00000000 08:01 558371                     /home/ant/.m2/repository/org/springframework/boot/spring-boot-starter-logging/1.5.9.RELEASE/spring-boot-starter-logging-1.5.9.RELEASE.jar
7f6378bb5000-7f6378db5000 rw-p 00000000 00:00 0 
7f6378db5000-7f6378de0000 r--s 001fc000 08:01 34586                      /home/ant/.m2/repository/com/google/guava/guava/18.0/guava-18.0.jar
7f6378de0000-7f6378de1000 r--s 00008000 08:01 30770                      /home/ant/.m2/repository/asm/asm-util/3.2/asm-util-3.2.jar
7f6378de1000-7f6378de2000 r--s 00004000 08:01 30771                      /home/ant/.m2/repository/asm/asm-analysis/3.2/asm-analysis-3.2.jar
7f6378de2000-7f6378de5000 r--s 00013000 08:01 34584                      /home/ant/.m2/repository/commons-io/commons-io/1.3.2/commons-io-1.3.2.jar
7f6378de5000-7f6378de6000 r--s 00002000 08:01 558700                     /home/ant/.m2/repository/org/vafer/jdependency/0.7/jdependency-0.7.jar
7f6378de6000-7f6378de9000 r--s 0000c000 08:01 34546                      /home/ant/.m2/repository/org/apache/maven/shared/maven-dependency-tree/2.1/maven-dependency-tree-2.1.jar
7f6378de9000-7f6378dec000 r--s 00023000 08:01 558699                     /home/ant/.m2/repository/org/jdom/jdom/1.1/jdom-1.1.jar
7f6378dec000-7f6378dee000 r--s 00004000 08:01 34581                      /home/ant/.m2/repository/asm/asm-tree/3.3.1/asm-tree-3.3.1.jar
7f6378dee000-7f6378df0000 r--s 00008000 08:01 34577                      /home/ant/.m2/repository/asm/asm-commons/3.3.1/asm-commons-3.3.1.jar
7f6378df0000-7f6378dfb000 r--s 00069000 08:01 30782                      /home/ant/.m2/repository/org/sonatype/sisu/sisu-guice/2.1.7/sisu-guice-2.1.7-noaop.jar
7f6378dfb000-7f6378e00000 r--s 00021000 08:01 30781                      /home/ant/.m2/repository/org/sonatype/sisu/sisu-inject-bean/1.4.2/sisu-inject-bean-1.4.2.jar
7f6378e00000-7f6379000000 rw-p 00000000 00:00 0 
7f6379000000-7f6379d80000 rwxp 00000000 00:00 0 
7f6379d80000-7f6388000000 ---p 00000000 00:00 0 
7f6388000000-7f6388bc7000 rw-p 00000000 00:00 0 
7f6388bc7000-7f638c000000 ---p 00000000 00:00 0 
7f638c000000-7f638c001000 r--s 0000a000 08:01 34563                      /home/ant/.m2/repository/asm/asm/3.3.1/asm-3.3.1.jar
7f638c001000-7f638c003000 r--s 00017000 08:01 558694                     /home/ant/.m2/repository/org/apache/maven/plugins/maven-shade-plugin/2.2/maven-shade-plugin-2.2.jar
7f638c003000-7f638c005000 r--s 00001000 08:01 558692                     /home/ant/.m2/repository/org/sonatype/plexus/plexus-build-api/0.0.7/plexus-build-api-0.0.7.jar
7f638c005000-7f638c009000 r--s 00038000 08:01 558448                     /home/ant/.m2/repository/org/codehaus/plexus/plexus-utils/3.0.20/plexus-utils-3.0.20.jar
7f638c009000-7f638c010000 r--s 00056000 08:01 13694                      /home/ant/.m2/repository/org/apache/commons/commons-compress/1.9/commons-compress-1.9.jar
7f638c010000-7f638c014000 r--s 0000f000 08:01 34571                      /home/ant/.m2/repository/org/codehaus/plexus/plexus-io/2.3.2/plexus-io-2.3.2.jar
7f638c014000-7f638c018000 r--s 0001f000 08:01 34549                      /home/ant/.m2/repository/org/codehaus/plexus/plexus-archiver/2.8.1/plexus-archiver-2.8.1.jar
7f638c018000-7f638c01a000 r--s 00009000 08:01 558679                     /home/ant/.m2/repository/org/hamcrest/hamcrest-core/1.3/hamcrest-core-1.3.jar
7f638c01a000-7f638c022000 r--s 00045000 08:01 34570                      /home/ant/.m2/repository/junit/junit/4.12/junit-4.12.jar
7f638c022000-7f638c02b000 r--s 0006f000 08:01 34565                      /home/ant/.m2/repository/log4j/log4j/1.2.17/log4j-1.2.17.jar
7f638c02b000-7f638c02d000 r--s 00006000 08:01 34556                      /home/ant/.m2/repository/org/apache/maven/shared/maven-common-artifact-filters/1.4/maven-common-artifact-filters-1.4.jar
7f638c02d000-7f638c02f000 r--s 00002000 08:01 30801                      /home/ant/.m2/repository/org/sonatype/plexus/plexus-cipher/1.4/plexus-cipher-1.4.jar
7f638c02f000-7f638c030000 r--s 00006000 08:01 553527                     /home/ant/.m2/repository/org/sonatype/plexus/plexus-sec-dispatcher/1.3/plexus-sec-dispatcher-1.3.jar
7f638c030000-7f638c036000 r--s 00042000 08:01 558689                     /home/ant/.m2/repository/org/eclipse/sisu/org.eclipse.sisu.inject/0.0.0.M5/org.eclipse.sisu.inject-0.0.0.M5.jar
7f638c036000-7f638c038000 r--s 00000000 08:01 558681                     /home/ant/.m2/repository/aopalliance/aopalliance/1.0/aopalliance-1.0.jar
7f638c038000-7f638c040000 r--s 00050000 08:01 34534                      /home/ant/.m2/repository/org/sonatype/sisu/sisu-guice/3.1.0/sisu-guice-3.1.0-no_aop.jar
7f638c040000-7f638c043000 r--s 00008000 08:01 558680                     /home/ant/.m2/repository/javax/enterprise/cdi-api/1.0/cdi-api-1.0.jar
7f638c043000-7f638c047000 r--s 00020000 08:01 558677                     /home/ant/.m2/repository/org/eclipse/aether/aether-util/1.0.2.v20150114/aether-util-1.0.2.v20150114.jar
7f638c047000-7f638c04a000 r--s 0000d000 08:01 34529                      /home/ant/.m2/repository/org/codehaus/plexus/plexus-interpolation/1.21/plexus-interpolation-1.21.jar
7f638c04a000-7f638c04e000 r--s 00026000 08:01 7885                       /home/ant/.m2/repository/org/apache/maven/shared/maven-shared-utils/0.7/maven-shared-utils-0.7.jar
7f638c04e000-7f638c04f000 r--s 00005000 08:01 7879                       /home/ant/.m2/repository/org/apache/maven/maven-archiver/2.6/maven-archiver-2.6.jar
7f638c04f000-7f638c051000 r--s 0000e000 08:01 34533                      /home/ant/.m2/repository/commons-logging/commons-logging/1.2/commons-logging-1.2.jar
7f638c051000-7f638c068000 r--s 000fc000 08:01 558366                     /home/ant/.m2/repository/org/springframework/spring-core/4.3.13.RELEASE/spring-core-4.3.13.RELEASE.jar
7f638c068000-7f638c06a000 r--s 00023000 08:01 558668                     /home/ant/.m2/repository/org/springframework/boot/spring-boot-loader-tools/1.5.9.RELEASE/spring-boot-loader-tools-1.5.9.RELEASE.jar
7f638c06a000-7f638c06c000 r--s 0000f000 08:01 558524                     /home/ant/.m2/repository/org/springframework/boot/spring-boot-maven-plugin/1.5.9.RELEASE/spring-boot-maven-plugin-1.5.9.RELEASE.jar
7f638c06c000-7f638c06f000 r--s 0001b000 08:01 31497                      /home/ant/.m2/repository/junit/junit/3.8.2/junit-3.8.2.jar
7f638c06f000-7f638c07d000 r--s 0008f000 08:01 31476                      /home/ant/.m2/repository/com/google/collections/google-collections/1.0/google-collections-1.0.jar
7f638c07d000-7f638c07e000 r--s 0000a000 08:01 31467                      /home/ant/.m2/repository/commons-logging/commons-logging-api/1.1/commons-logging-api-1.1.jar
7f638c07e000-7f638c085000 r--s 00051000 08:01 31461                      /home/ant/.m2/repository/log4j/log4j/1.2.12/log4j-1.2.12.jar
7f638c085000-7f638c089000 r--s 0001d000 08:01 553724                     /home/ant/.m2/repository/org/apache/xbean/xbean-reflect/3.4/xbean-reflect-3.4.jar
7f638c089000-7f638c08a000 r--s 00004000 08:01 554969                     /home/ant/.m2/repository/org/codehaus/plexus/plexus-compiler-javac/2.4/plexus-compiler-javac-2.4.jar
7f638c08a000-7f638c08c000 r--s 00000000 08:01 554967                     /home/ant/.m2/repository/org/codehaus/plexus/plexus-compiler-manager/2.4/plexus-compiler-manager-2.4.jar
7f638c08c000-7f638c08e000 r--s 00005000 08:01 554965                     /home/ant/.m2/repository/org/codehaus/plexus/plexus-compiler-api/2.4/plexus-compiler-api-2.4.jar
7f638c08e000-7f638c090000 r--s 00000000 08:01 553711                     /home/ant/.m2/repository/org/codehaus/plexus/plexus-component-annotations/1.5.5/plexus-component-annotations-1.5.5.jar
7f638c090000-7f638c092000 r--s 00002000 08:01 31432                      /home/ant/.m2/repository/org/apache/maven/shared/maven-shared-incremental/1.1/maven-shared-incremental-1.1.jar
7f638c092000-7f638c094000 r--s 00006000 08:01 30817                      /home/ant/.m2/repository/com/google/code/findbugs/jsr305/2.0.1/jsr305-2.0.1.jar
7f638c094000-7f638c097000 r--s 00023000 08:01 31430                      /home/ant/.m2/repository/org/apache/maven/shared/maven-shared-utils/0.1/maven-shared-utils-0.1.jar
7f638c097000-7f638c09b000 r--s 00030000 08:01 31402                      /home/ant/.m2/repository/org/codehaus/plexus/plexus-utils/1.5.1/plexus-utils-1.5.1.jar
7f638c09b000-7f638c09d000 r--s 0000a000 08:01 33409                      /home/ant/.m2/repository/org/apache/maven/plugins/maven-compiler-plugin/3.2/maven-compiler-plugin-3.2.jar
7f638c09d000-7f638c09f000 r--s 0000d000 08:01 31494                      /home/ant/.m2/repository/org/codehaus/plexus/plexus-interpolation/1.13/plexus-interpolation-1.13.jar
7f638c09f000-7f638c0a0000 r--s 00001000 08:01 553737                     /home/ant/.m2/repository/org/sonatype/plexus/plexus-build-api/0.0.4/plexus-build-api-0.0.4.jar
7f638c0a0000-7f638c0a2000 r--s 00009000 08:01 31486                      /home/ant/.m2/repository/org/apache/maven/shared/maven-filtering/1.1/maven-filtering-1.1.jar
7f638c0a2000-7f638c0a6000 r--s 00033000 08:01 31524                      /home/ant/.m2/repository/org/codehaus/plexus/plexus-utils/2.0.5/plexus-utils-2.0.5.jar
7f638c0a6000-7f638c0a9000 r--s 0001b000 08:01 31448                      /home/ant/.m2/repository/junit/junit/3.8.1/junit-3.8.1.jar
7f638c0a9000-7f638c0ab000 r--s 00002000 08:01 31516                      /home/ant/.m2/repository/org/codehaus/plexus/plexus-interactivity-api/1.0-alpha-4/plexus-interactivity-api-1.0-alpha-4.jar
7f638c0ab000-7f638c0ad000 r--s 00006000 08:01 31514                      /home/ant/.m2/repository/commons-cli/commons-cli/1.0/commons-cli-1.0.jar
7f638c0ad000-7f638c0ae000 r--s 00001000 08:01 31507                      /home/ant/.m2/repository/org/apache/maven/doxia/doxia-sink-api/1.0-alpha-7/doxia-sink-api-1.0-alpha-7.jar
7f638c0ae000-7f638c0af000 r--s 00002000 08:01 31504                      /home/ant/.m2/repository/org/apache/maven/reporting/maven-reporting-api/2.0.6/maven-reporting-api-2.0.6.jar
7f638c0af000-7f638c0b1000 r--s 00006000 08:01 553610                     /home/ant/.m2/repository/org/apache/maven/plugins/maven-resources-plugin/2.6/maven-resources-plugin-2.6.jar
7f638c0b1000-7f638c0c2000 r-xp 00000000 08:01 542028                     /usr/lib/jdk/jre/lib/amd64/libnio.so
7f638c0c2000-7f638c2c1000 ---p 00011000 08:01 542028                     /usr/lib/jdk/jre/lib/amd64/libnio.so
7f638c2c1000-7f638c2c2000 rw-p 00010000 08:01 542028                     /usr/lib/jdk/jre/lib/amd64/libnio.so
7f638c2c2000-7f638c2d9000 r-xp 00000000 08:01 542025                     /usr/lib/jdk/jre/lib/amd64/libnet.so
7f638c2d9000-7f638c4d8000 ---p 00017000 08:01 542025                     /usr/lib/jdk/jre/lib/amd64/libnet.so
7f638c4d8000-7f638c4d9000 rw-p 00016000 08:01 542025                     /usr/lib/jdk/jre/lib/amd64/libnet.so
7f638c4d9000-7f638c6d9000 rw-p 00000000 00:00 0 
7f638c6d9000-7f638c8d9000 rw-p 00000000 00:00 0 
7f638c8d9000-7f638cad9000 rw-p 00000000 00:00 0 
7f638cad9000-7f638cae3000 r--s 00116000 08:01 541879                     /usr/lib/jdk/jre/lib/ext/localedata.jar
7f638cae3000-7f638cae5000 r-xp 00000000 08:01 186905                     /lib/x86_64-linux-gnu/libutil-2.23.so
7f638cae5000-7f638cce4000 ---p 00002000 08:01 186905                     /lib/x86_64-linux-gnu/libutil-2.23.so
7f638cce4000-7f638cce5000 r--p 00001000 08:01 186905                     /lib/x86_64-linux-gnu/libutil-2.23.so
7f638cce5000-7f638cce6000 rw-p 00002000 08:01 186905                     /lib/x86_64-linux-gnu/libutil-2.23.so
7f638cce6000-7f638cceb000 r--s 0009a000 08:01 541868                     /usr/lib/jdk/jre/lib/jsse.jar
7f638cceb000-7f638ccf1000 r--s 00041000 08:01 542162                     /usr/lib/maven/lib/maven-compat-3.5.2.jar
7f638ccf1000-7f638ccf3000 r--s 0000f000 08:01 542151                     /usr/lib/maven/lib/maven-resolver-provider-3.5.2.jar
7f638ccf3000-7f638ccf4000 r--s 00000000 08:01 542147                     /usr/lib/maven/lib/javax.inject-1.jar
7f638ccf4000-7f638ccf5000 r--s 00002000 08:01 542166                     /usr/lib/maven/lib/wagon-file-2.12.jar
7f638ccf5000-7f638ccfc000 r--s 00056000 08:01 542148                     /usr/lib/maven/lib/org.eclipse.sisu.inject-0.3.3.jar
7f638ccfc000-7f638ccff000 r-xp 00000000 08:01 542108                     /usr/lib/maven/lib/jansi-native/linux64/libjansi.so
7f638ccff000-7f638cefe000 ---p 00003000 08:01 542108                     /usr/lib/maven/lib/jansi-native/linux64/libjansi.so
7f638cefe000-7f638ceff000 rw-p 00002000 08:01 542108                     /usr/lib/maven/lib/jansi-native/linux64/libjansi.so
7f638ceff000-7f638cf03000 r--s 00020000 08:01 542152                     /usr/lib/maven/lib/maven-resolver-api-1.1.0.jar
7f638cf03000-7f638cf07000 r--s 0002f000 08:01 542157                     /usr/lib/maven/lib/commons-io-2.5.jar
7f638cf07000-7f638cf09000 r--s 0000c000 08:01 542161                     /usr/lib/maven/lib/commons-cli-1.4.jar
7f638cf09000-7f638cf0a000 r--s 00003000 08:01 542133                     /usr/lib/maven/lib/maven-builder-support-3.5.2.jar
7f638cf0a000-7f638cf0e000 r--s 00023000 08:01 542154                     /usr/lib/maven/lib/maven-resolver-util-1.1.0.jar
7f638cf0e000-7f638cf10000 r--s 00000000 08:01 542136                     /usr/lib/maven/lib/plexus-component-annotations-1.7.1.jar
7f638cf10000-7f638cf11000 r--s 00005000 08:01 542169                     /usr/lib/maven/lib/maven-slf4j-provider-3.5.2.jar
7f638cf11000-7f638cf14000 r--s 00008000 08:01 542145                     /usr/lib/maven/lib/cdi-api-1.0.jar
7f638cf14000-7f638cf17000 r--s 00025000 08:01 542156                     /usr/lib/maven/lib/maven-shared-utils-3.1.0.jar
7f638cf17000-7f638cf1b000 r--s 00028000 08:01 542149                     /usr/lib/maven/lib/maven-model-builder-3.5.2.jar
7f638cf1b000-7f638cf28000 r--s 0008d000 08:01 542139                     /usr/lib/maven/lib/maven-core-3.5.2.jar
7f638cf28000-7f638cf2b000 r--s 00015000 08:01 542129                     /usr/lib/maven/lib/maven-embedder-3.5.2.jar
7f638cf2b000-7f638cf2d000 r--s 0000c000 08:01 542142                     /usr/lib/maven/lib/maven-artifact-3.5.2.jar
7f638cf2d000-7f638cf33000 r--s 0002d000 08:01 542144                     /usr/lib/maven/lib/org.eclipse.sisu.plexus-0.3.3.jar
7f638cf33000-7f638cf36000 r--s 00011000 08:01 542135                     /usr/lib/maven/lib/plexus-interpolation-1.24.jar
7f638cf36000-7f638cf65000 r--s 00226000 08:01 542150                     /usr/lib/maven/lib/guava-20.0.jar
7f638cf65000-7f638cf67000 r--s 00003000 08:01 542165                     /usr/lib/maven/lib/jcl-over-slf4j-1.7.25.jar
7f638cf67000-7f638cf69000 r--s 00000000 08:01 542159                     /usr/lib/maven/lib/aopalliance-1.0.jar
7f638cf69000-7f638cf6a000 r--s 00001000 08:01 542146                     /usr/lib/maven/lib/jsr250-api-1.0.jar
7f638cf6a000-7f638cf72000 r--s 0006e000 08:01 542134                     /usr/lib/maven/lib/commons-lang3-3.5.jar
7f638cf72000-7f638cf74000 r--s 0000c000 08:01 542163                     /usr/lib/maven/lib/wagon-provider-api-2.12.jar
7f638cf74000-7f638cf78000 r--s 0002a000 08:01 542155                     /usr/lib/maven/lib/maven-resolver-impl-1.1.0.jar
7f638cf78000-7f638cf81000 r--s 0005f000 08:01 542158                     /usr/lib/maven/lib/guice-4.0-no_aop.jar
7f638cf81000-7f638cfad000 r--s 001e6000 08:01 542164                     /usr/lib/maven/lib/wagon-http-2.12-shaded.jar
7f638cfad000-7f638cfae000 ---p 00000000 00:00 0 
7f638cfae000-7f638d0ae000 rw-p 00000000 00:00 0 
7f638d0ae000-7f638d0b1000 ---p 00000000 00:00 0 
7f638d0b1000-7f638d1af000 rw-p 00000000 00:00 0 
7f638d1af000-7f638d1b2000 ---p 00000000 00:00 0 
7f638d1b2000-7f638d2b0000 rw-p 00000000 00:00 0 
7f638d2b0000-7f638d2b3000 ---p 00000000 00:00 0 
7f638d2b3000-7f638d3b1000 rw-p 00000000 00:00 0 
7f638d3b1000-7f638d3b4000 ---p 00000000 00:00 0 
7f638d3b4000-7f638d4b2000 rw-p 00000000 00:00 0 
7f638d4b2000-7f638d93d000 r--p 00000000 08:01 394019                     /usr/lib/locale/locale-archive
7f638d93d000-7f638d940000 ---p 00000000 00:00 0 
7f638d940000-7f638da3e000 rw-p 00000000 00:00 0 
7f638da3e000-7f638da41000 ---p 00000000 00:00 0 
7f638da41000-7f638db3f000 rw-p 00000000 00:00 0 
7f638db3f000-7f638db40000 ---p 00000000 00:00 0 
7f638db40000-7f638dc40000 rw-p 00000000 00:00 0 
7f638dc40000-7f638de19000 r--s 03d5a000 08:01 541811                     /usr/lib/jdk/jre/lib/rt.jar
7f638de19000-7f638e68f000 rw-p 00000000 00:00 0 
7f638e68f000-7f638e6a4000 rw-p 00000000 00:00 0 
7f638e6a4000-7f638e7d9000 ---p 00000000 00:00 0 
7f638e7d9000-7f638e7e4000 rw-p 00000000 00:00 0 
7f638e7e4000-7f638e87d000 ---p 00000000 00:00 0 
7f638e87d000-7f638e893000 rw-p 00000000 00:00 0 
7f638e893000-7f638e9c7000 ---p 00000000 00:00 0 
7f638e9c7000-7f638e9fe000 rw-p 00000000 00:00 0 
7f638e9fe000-7f638ed88000 ---p 00000000 00:00 0 
7f638ed88000-7f638eda3000 r-xp 00000000 08:01 542021                     /usr/lib/jdk/jre/lib/amd64/libzip.so
7f638eda3000-7f638efa3000 ---p 0001b000 08:01 542021                     /usr/lib/jdk/jre/lib/amd64/libzip.so
7f638efa3000-7f638efa4000 rw-p 0001b000 08:01 542021                     /usr/lib/jdk/jre/lib/amd64/libzip.so
7f638efa4000-7f638efaf000 r-xp 00000000 08:01 186911                     /lib/x86_64-linux-gnu/libnss_files-2.23.so
7f638efaf000-7f638f1ae000 ---p 0000b000 08:01 186911                     /lib/x86_64-linux-gnu/libnss_files-2.23.so
7f638f1ae000-7f638f1af000 r--p 0000a000 08:01 186911                     /lib/x86_64-linux-gnu/libnss_files-2.23.so
7f638f1af000-7f638f1b0000 rw-p 0000b000 08:01 186911                     /lib/x86_64-linux-gnu/libnss_files-2.23.so
7f638f1b0000-7f638f1b6000 rw-p 00000000 00:00 0 
7f638f1b6000-7f638f1c1000 r-xp 00000000 08:01 186915                     /lib/x86_64-linux-gnu/libnss_nis-2.23.so
7f638f1c1000-7f638f3c0000 ---p 0000b000 08:01 186915                     /lib/x86_64-linux-gnu/libnss_nis-2.23.so
7f638f3c0000-7f638f3c1000 r--p 0000a000 08:01 186915                     /lib/x86_64-linux-gnu/libnss_nis-2.23.so
7f638f3c1000-7f638f3c2000 rw-p 0000b000 08:01 186915                     /lib/x86_64-linux-gnu/libnss_nis-2.23.so
7f638f3c2000-7f638f3d8000 r-xp 00000000 08:01 186810                     /lib/x86_64-linux-gnu/libnsl-2.23.so
7f638f3d8000-7f638f5d7000 ---p 00016000 08:01 186810                     /lib/x86_64-linux-gnu/libnsl-2.23.so
7f638f5d7000-7f638f5d8000 r--p 00015000 08:01 186810                     /lib/x86_64-linux-gnu/libnsl-2.23.so
7f638f5d8000-7f638f5d9000 rw-p 00016000 08:01 186810                     /lib/x86_64-linux-gnu/libnsl-2.23.so
7f638f5d9000-7f638f5db000 rw-p 00000000 00:00 0 
7f638f5db000-7f638f5e3000 r-xp 00000000 08:01 186906                     /lib/x86_64-linux-gnu/libnss_compat-2.23.so
7f638f5e3000-7f638f7e2000 ---p 00008000 08:01 186906                     /lib/x86_64-linux-gnu/libnss_compat-2.23.so
7f638f7e2000-7f638f7e3000 r--p 00007000 08:01 186906                     /lib/x86_64-linux-gnu/libnss_compat-2.23.so
7f638f7e3000-7f638f7e4000 rw-p 00008000 08:01 186906                     /lib/x86_64-linux-gnu/libnss_compat-2.23.so
7f638f7e4000-7f638f80f000 r-xp 00000000 08:01 542015                     /usr/lib/jdk/jre/lib/amd64/libjava.so
7f638f80f000-7f638fa0e000 ---p 0002b000 08:01 542015                     /usr/lib/jdk/jre/lib/amd64/libjava.so
7f638fa0e000-7f638fa10000 rw-p 0002a000 08:01 542015                     /usr/lib/jdk/jre/lib/amd64/libjava.so
7f638fa10000-7f638fa1d000 r-xp 00000000 08:01 542020                     /usr/lib/jdk/jre/lib/amd64/libverify.so
7f638fa1d000-7f638fc1d000 ---p 0000d000 08:01 542020                     /usr/lib/jdk/jre/lib/amd64/libverify.so
7f638fc1d000-7f638fc1f000 rw-p 0000d000 08:01 542020                     /usr/lib/jdk/jre/lib/amd64/libverify.so
7f638fc1f000-7f638fc26000 r-xp 00000000 08:01 186916                     /lib/x86_64-linux-gnu/librt-2.23.so
7f638fc26000-7f638fe25000 ---p 00007000 08:01 186916                     /lib/x86_64-linux-gnu/librt-2.23.so
7f638fe25000-7f638fe26000 r--p 00006000 08:01 186916                     /lib/x86_64-linux-gnu/librt-2.23.so
7f638fe26000-7f638fe27000 rw-p 00007000 08:01 186916                     /lib/x86_64-linux-gnu/librt-2.23.so
7f638fe27000-7f638ff2f000 r-xp 00000000 08:01 186809                     /lib/x86_64-linux-gnu/libm-2.23.so
7f638ff2f000-7f639012e000 ---p 00108000 08:01 186809                     /lib/x86_64-linux-gnu/libm-2.23.so
7f639012e000-7f639012f000 r--p 00107000 08:01 186809                     /lib/x86_64-linux-gnu/libm-2.23.so
7f639012f000-7f6390130000 rw-p 00108000 08:01 186809                     /lib/x86_64-linux-gnu/libm-2.23.so
7f6390130000-7f6390e03000 r-xp 00000000 08:01 541998                     /usr/lib/jdk/jre/lib/amd64/server/libjvm.so
7f6390e03000-7f6391002000 ---p 00cd3000 08:01 541998                     /usr/lib/jdk/jre/lib/amd64/server/libjvm.so
7f6391002000-7f63910dc000 rw-p 00cd2000 08:01 541998                     /usr/lib/jdk/jre/lib/amd64/server/libjvm.so
7f63910dc000-7f6391127000 rw-p 00000000 00:00 0 
7f6391127000-7f63912e7000 r-xp 00000000 08:01 186813                     /lib/x86_64-linux-gnu/libc-2.23.so
7f63912e7000-7f63914e7000 ---p 001c0000 08:01 186813                     /lib/x86_64-linux-gnu/libc-2.23.so
7f63914e7000-7f63914eb000 r--p 001c0000 08:01 186813                     /lib/x86_64-linux-gnu/libc-2.23.so
7f63914eb000-7f63914ed000 rw-p 001c4000 08:01 186813                     /lib/x86_64-linux-gnu/libc-2.23.so
7f63914ed000-7f63914f1000 rw-p 00000000 00:00 0 
7f63914f1000-7f63914f4000 r-xp 00000000 08:01 186900                     /lib/x86_64-linux-gnu/libdl-2.23.so
7f63914f4000-7f63916f3000 ---p 00003000 08:01 186900                     /lib/x86_64-linux-gnu/libdl-2.23.so
7f63916f3000-7f63916f4000 r--p 00002000 08:01 186900                     /lib/x86_64-linux-gnu/libdl-2.23.so
7f63916f4000-7f63916f5000 rw-p 00003000 08:01 186900                     /lib/x86_64-linux-gnu/libdl-2.23.so
7f63916f5000-7f639170b000 r-xp 00000000 08:01 541626                     /usr/lib/jdk/lib/amd64/jli/libjli.so
7f639170b000-7f639190a000 ---p 00016000 08:01 541626                     /usr/lib/jdk/lib/amd64/jli/libjli.so
7f639190a000-7f639190b000 rw-p 00015000 08:01 541626                     /usr/lib/jdk/lib/amd64/jli/libjli.so
7f639190b000-7f6391923000 r-xp 00000000 08:01 186812                     /lib/x86_64-linux-gnu/libpthread-2.23.so
7f6391923000-7f6391b22000 ---p 00018000 08:01 186812                     /lib/x86_64-linux-gnu/libpthread-2.23.so
7f6391b22000-7f6391b23000 r--p 00017000 08:01 186812                     /lib/x86_64-linux-gnu/libpthread-2.23.so
7f6391b23000-7f6391b24000 rw-p 00018000 08:01 186812                     /lib/x86_64-linux-gnu/libpthread-2.23.so
7f6391b24000-7f6391b28000 rw-p 00000000 00:00 0 
7f6391b28000-7f6391b4e000 r-xp 00000000 08:01 186811                     /lib/x86_64-linux-gnu/ld-2.23.so
7f6391b4e000-7f6391b52000 r--s 0003c000 08:01 542131                     /usr/lib/maven/lib/plexus-utils-3.1.0.jar
7f6391b52000-7f6391b53000 r--s 0000a000 08:01 542130                     /usr/lib/maven/lib/maven-settings-3.5.2.jar
7f6391b53000-7f6391b55000 r--s 00002000 08:01 542138                     /usr/lib/maven/lib/plexus-cipher-1.7.jar
7f6391b55000-7f6391b58000 r--s 00026000 08:01 542140                     /usr/lib/maven/lib/maven-model-3.5.2.jar
7f6391b58000-7f6391b5b000 r--s 0003c000 08:01 542170                     /usr/lib/maven/lib/jansi-1.16.jar
7f6391b5b000-7f6391b5d000 r--s 00009000 08:01 542167                     /usr/lib/maven/lib/maven-resolver-connector-basic-1.1.0.jar
7f6391b5d000-7f6391b5f000 r--s 0000a000 08:01 542143                     /usr/lib/maven/lib/maven-plugin-api-3.5.2.jar
7f6391b5f000-7f6391c31000 rw-p 00000000 00:00 0 
7f6391c31000-7f6391c34000 ---p 00000000 00:00 0 
7f6391c34000-7f6391d37000 rw-p 00000000 00:00 0 
7f6391d37000-7f6391d38000 r--s 00006000 08:01 542141                     /usr/lib/maven/lib/maven-repository-metadata-3.5.2.jar
7f6391d38000-7f6391d39000 r--s 00006000 08:01 542137                     /usr/lib/maven/lib/plexus-sec-dispatcher-1.4.jar
7f6391d39000-7f6391d3b000 r--s 00006000 08:01 542168                     /usr/lib/maven/lib/maven-resolver-transport-wagon-1.1.0.jar
7f6391d3b000-7f6391d3d000 r--s 00009000 08:01 542132                     /usr/lib/maven/lib/maven-settings-builder-3.5.2.jar
7f6391d3d000-7f6391d3f000 r--s 00007000 08:01 542153                     /usr/lib/maven/lib/maven-resolver-spi-1.1.0.jar
7f6391d3f000-7f6391d41000 r--s 00009000 08:01 542160                     /usr/lib/maven/lib/slf4j-api-1.7.25.jar
7f6391d41000-7f6391d43000 r--s 0000b000 08:01 542128                     /usr/lib/maven/boot/plexus-classworlds-2.5.2.jar
7f6391d43000-7f6391d4b000 rw-s 00000000 08:01 396489                     /tmp/hsperfdata_ant/9625
7f6391d4b000-7f6391d4c000 rw-p 00000000 00:00 0 
7f6391d4c000-7f6391d4d000 r--p 00000000 00:00 0 
7f6391d4d000-7f6391d4e000 r--p 00025000 08:01 186811                     /lib/x86_64-linux-gnu/ld-2.23.so
7f6391d4e000-7f6391d4f000 rw-p 00026000 08:01 186811                     /lib/x86_64-linux-gnu/ld-2.23.so
7f6391d4f000-7f6391d50000 rw-p 00000000 00:00 0 
7fff72b4f000-7fff72b70000 rw-p 00000000 00:00 0                          [stack]
7fff72beb000-7fff72bee000 r--p 00000000 00:00 0                          [vvar]
7fff72bee000-7fff72bf0000 r-xp 00000000 00:00 0                          [vdso]
ffffffffff600000-ffffffffff601000 r-xp 00000000 00:00 0                  [vsyscall]

VM Arguments:
jvm_args: -Dclassworlds.conf=/usr/lib/maven/bin/m2.conf -Dmaven.home=/usr/lib/maven -Dlibrary.jansi.path=/usr/lib/maven/lib/jansi-native -Dmaven.multiModuleProjectDirectory=/home/ant/gitter/webapi 
java_command: org.codehaus.plexus.classworlds.launcher.Launcher spring-boot:run
java_class_path (initial): /usr/lib/maven/boot/plexus-classworlds-2.5.2.jar
Launcher Type: SUN_STANDARD

Environment Variables:
JAVA_HOME=/usr/lib/jdk
JRE_HOME=/usr/lib/jdk/jre
CLASSPATH=.:/usr/lib/jdk/lib:/usr/lib/jdk/jre/lib
PATH=/usr/lib/jdk/bin:/home/ant/bin:/home/ant/.local/bin:/usr/local/sbin:/usr/local/bin:/usr/sbin:/usr/bin:/sbin:/bin:/usr/games:/usr/local/games:/snap/bin
SHELL=/bin/bash
DISPLAY=:0

Signal Handlers:
SIGSEGV: [libjvm.so+0xacbe10], sa_mask[0]=11111111011111111101111111111110, sa_flags=SA_RESTART|SA_SIGINFO
SIGBUS: [libjvm.so+0xacbe10], sa_mask[0]=11111111011111111101111111111110, sa_flags=SA_RESTART|SA_SIGINFO
SIGFPE: [libjvm.so+0x924f90], sa_mask[0]=11111111011111111101111111111110, sa_flags=SA_RESTART|SA_SIGINFO
SIGPIPE: [libjvm.so+0x924f90], sa_mask[0]=11111111011111111101111111111110, sa_flags=SA_RESTART|SA_SIGINFO
SIGXFSZ: [libjvm.so+0x924f90], sa_mask[0]=11111111011111111101111111111110, sa_flags=SA_RESTART|SA_SIGINFO
SIGILL: [libjvm.so+0x924f90], sa_mask[0]=11111111011111111101111111111110, sa_flags=SA_RESTART|SA_SIGINFO
SIGUSR1: SIG_DFL, sa_mask[0]=00000000000000000000000000000000, sa_flags=none
SIGUSR2: [libjvm.so+0x9267d0], sa_mask[0]=00000000000000000000000000000000, sa_flags=SA_RESTART|SA_SIGINFO
SIGHUP: [libjvm.so+0x927bd0], sa_mask[0]=11111111011111111101111111111110, sa_flags=SA_RESTART|SA_SIGINFO
SIGINT: [libjvm.so+0x927bd0], sa_mask[0]=11111111011111111101111111111110, sa_flags=SA_RESTART|SA_SIGINFO
SIGTERM: [libjvm.so+0x927bd0], sa_mask[0]=11111111011111111101111111111110, sa_flags=SA_RESTART|SA_SIGINFO
SIGQUIT: [libjvm.so+0x927bd0], sa_mask[0]=11111111011111111101111111111110, sa_flags=SA_RESTART|SA_SIGINFO


---------------  S Y S T E M  ---------------

OS:DISTRIB_ID=Ubuntu
DISTRIB_RELEASE=16.04
DISTRIB_CODENAME=xenial
DISTRIB_DESCRIPTION="Ubuntu 16.04.3 LTS"

uname:Linux 4.13.0-31-generic #34~16.04.1-Ubuntu SMP Fri Jan 19 17:11:01 UTC 2018 x86_64
libc:glibc 2.23 NPTL 2.23 
rlimit: STACK 8192k, CORE 0k, NPROC 15576, NOFILE 1048576, AS infinity
load average:1.03 0.99 0.74

/proc/meminfo:
MemTotal:        4039988 kB
MemFree:          725296 kB
MemAvailable:    1525880 kB
Buffers:          180864 kB
Cached:           789940 kB
SwapCached:            0 kB
Active:          2688080 kB
Inactive:         412652 kB
Active(anon):    2130868 kB
Inactive(anon):    22444 kB
Active(file):     557212 kB
Inactive(file):   390208 kB
Unevictable:          64 kB
Mlocked:              64 kB
SwapTotal:       1046524 kB
SwapFree:        1046524 kB
Dirty:                76 kB
Writeback:             0 kB
AnonPages:       2130072 kB
Mapped:           288832 kB
Shmem:             23312 kB
Slab:             136480 kB
SReclaimable:     112568 kB
SUnreclaim:        23912 kB
KernelStack:        7536 kB
PageTables:        34708 kB
NFS_Unstable:          0 kB
Bounce:                0 kB
WritebackTmp:          0 kB
CommitLimit:     3066516 kB
Committed_AS:    4996476 kB
VmallocTotal:   34359738367 kB
VmallocUsed:           0 kB
VmallocChunk:          0 kB
HardwareCorrupted:     0 kB
AnonHugePages:         0 kB
ShmemHugePages:        0 kB
ShmemPmdMapped:        0 kB
CmaTotal:              0 kB
CmaFree:               0 kB
HugePages_Total:       0
HugePages_Free:        0
HugePages_Rsvd:        0
HugePages_Surp:        0
Hugepagesize:       2048 kB
DirectMap4k:       98240 kB
DirectMap2M:     4096000 kB


CPU:total 1 (initial active 1) (1 cores per cpu, 1 threads per core) family 6 model 78 stepping 3, cmov, cx8, fxsr, mmx, sse, sse2, sse3, ssse3, sse4.1, sse4.2, popcnt, avx, avx2, aes, clmul, 3dnowpref, lzcnt, tsc, tscinvbit

/proc/cpuinfo:
processor	: 0
vendor_id	: GenuineIntel
cpu family	: 6
model		: 78
model name	: Intel(R) Core(TM) i7-6500U CPU @ 2.50GHz
stepping	: 3
cpu MHz		: 2591.996
cache size	: 4096 KB
physical id	: 0
siblings	: 1
core id		: 0
cpu cores	: 1
apicid		: 0
initial apicid	: 0
fpu		: yes
fpu_exception	: yes
cpuid level	: 22
wp		: yes
flags		: fpu vme de pse tsc msr pae mce cx8 apic sep mtrr pge mca cmov pat pse36 clflush mmx fxsr sse sse2 syscall nx rdtscp lm constant_tsc rep_good nopl xtopology nonstop_tsc cpuid pni pclmulqdq monitor ssse3 cx16 sse4_1 sse4_2 x2apic movbe popcnt aes xsave avx rdrand hypervisor lahf_lm abm 3dnowprefetch pti avx2 rdseed clflushopt
bugs		: cpu_meltdown spectre_v1 spectre_v2
bogomips	: 5183.99
clflush size	: 64
cache_alignment	: 64
address sizes	: 39 bits physical, 48 bits virtual
power management:



Memory: 4k page, physical 4039988k(725296k free), swap 1046524k(1046524k free)

vm_info: Java HotSpot(TM) 64-Bit Server VM (25.151-b12) for linux-amd64 JRE (1.8.0_151-b12), built on Sep  5 2017 19:20:58 by "java_re" with gcc 4.3.0 20080428 (Red Hat 4.3.0-8)

time: Tue Jan 23 18:38:24 2018
elapsed time: 74 seconds (0d 0h 1m 14s)

