#
# A fatal error has been detected by the Java Runtime Environment:
#
#  SIGSEGV (0xb) at pc=0x00007ff4d3ad38e4, pid=9762, tid=0x00007ff4f7a99700
#
# JRE version: Java(TM) SE Runtime Environment (8.0_151-b12) (build 1.8.0_151-b12)
# Java VM: Java HotSpot(TM) 64-Bit Server VM (25.151-b12 mixed mode linux-amd64 compressed oops)
# Problematic frame:
# C  [libgkid.so+0xc8e4]  gitmarket_dtor+0x79
#
# Failed to write core dump. Core dumps have been disabled. To enable core dumping, try "ulimit -c unlimited" before starting Java again
#
# If you would like to submit a bug report, please visit:
#   http://bugreport.java.com/bugreport/crash.jsp
# The crash happened outside the Java Virtual Machine in native code.
# See problematic frame for where to report the bug.
#

---------------  T H R E A D  ---------------

Current thread (0x00007ff50807a800):  JavaThread "Finalizer" daemon [_thread_in_native, id=9784, stack(0x00007ff4f7999000,0x00007ff4f7a9a000)]

siginfo: si_signo: 11 (SIGSEGV), si_code: 1 (SEGV_MAPERR), si_addr: 0x0000000000000008

Registers:
RAX=0x0000000000000000, RBX=0x00007ff4f7a97c30, RCX=0x00007ff50e24453c, RDX=0x0000000000000001
RSP=0x00007ff4f7a97ae0, RBP=0x00007ff4f7a97b00, RSI=0x00007ff4f7a97a50, RDI=0x0000000000000000
R8 =0x0000000000000000, R9 =0x0000000000997bb0, R10=0x00007ff4f7a97a60, R11=0x00007ff4d3ad386b
R12=0x0000000000000000, R13=0x00007ff4f7a98500, R14=0x00007ff4f7a97a60, R15=0x0000000000000001
RIP=0x00007ff4d3ad38e4, EFLAGS=0x0000000000010202, CSGSFS=0x002b000000000033, ERR=0x0000000000000004
  TRAPNO=0x000000000000000e

Top of Stack: (sp=0x00007ff4f7a97ae0)
0x00007ff4f7a97ae0:   00007ff4f7a97b20 0000000000000000
0x00007ff4f7a97af0:   00007ff4f7a97bc0 00007ff4f7a97b90
0x00007ff4f7a97b00:   00007ff4f7a97b10 00007ff4d3ceb65c
0x00007ff4f7a97b10:   0000000000000000 00007ff4f7a98580
0x00007ff4f7a97b20:   00007ff4f7a97c00 00007ff4d3ceb164
0x00007ff4f7a97b30:   0000000000000000 00007ff4f7a98500
0x00007ff4f7a97b40:   0000000000000000 00007ff4f7a97c80
0x00007ff4f7a97b50:   00007ff4f7a97be0 00007ff4f7a97bcc
0x00007ff4f7a97b60:   00007ff4f7a97bc8 00007ff4f7a97bb0
0x00007ff4f7a97b70:   00007ff4f7a97c10 00007ff4f7a98580
0x00007ff4f7a97b80:   00007ff4d3ad386b 00007ff4f7a97b10
0x00007ff4f7a97b90:   00007ff4f7a97c30 0000000000000001
0x00007ff4f7a97ba0:   0000000100000001 0000000000000001
0x00007ff4f7a97bb0:   0000000000000001 0000000000000000
0x00007ff4f7a97bc0:   00007ff4f7a97c88 0000000100000000
0x00007ff4f7a97bd0:   00007ff4f7a97c38 0000000000000000
0x00007ff4f7a97be0:   00007ff4f7a97c88 00007ff4f7a97c18
0x00007ff4f7a97bf0:   00007ff4f7a97c38 0000000000000001
0x00007ff4f7a97c00:   00007ff4f7a98570 00007ff4d3cde870
0x00007ff4f7a97c10:   00007ff4f7a97c80 00007ff508006740
0x00007ff4f7a97c20:   00007ff4d3cedeb0 00007ff50db95b48
0x00007ff4f7a97c30:   00007ff4d3cedeb0 00007ff4f7a98400
0x00007ff4f7a97c40:   00007ff4f7a97ca0 00007ff4f7a98380
0x00007ff4f7a97c50:   0000000000000018 00007ff50d8b1e80
0x00007ff4f7a97c60:   00007ff4f7a97c90 00007ff50d8b1e80
0x00007ff4f7a97c70:   00007ff4d3e59380 0000000000000000
0x00007ff4f7a97c80:   0000000000000000 00007ff4f7a98640
0x00007ff4f7a97c90:   00007ff4f7a98570 00007ff4d3cde709
0x00007ff4f7a97ca0:   00007ff4f7a98570 00007ff4f7a98500
0x00007ff4f7a97cb0:   00007ff4f7a98580 00007ff4d3cedfd0
0x00007ff4f7a97cc0:   00007ff4f7a98628 000000000807a9f8
0x00007ff4f7a97cd0:   00007ff4d3ad386b 00007ff50807a9f8 

Instructions: (pc=0x00007ff4d3ad38e4)
0x00007ff4d3ad38c4:   48 8b 45 e8 48 8b 40 08 48 89 c7 e8 8c 84 ff ff
0x00007ff4d3ad38d4:   48 8b 45 e8 48 8b 55 f8 48 89 50 08 48 8b 45 e8
0x00007ff4d3ad38e4:   48 8b 40 08 48 85 c0 75 8c 48 8b 45 e8 48 8b 00
0x00007ff4d3ad38f4:   48 89 c7 e8 64 84 ff ff 48 8b 45 e8 48 89 c7 e8 

Register to memory mapping:

RAX=0x0000000000000000 is an unknown value
RBX=0x00007ff4f7a97c30 is pointing into the stack for thread: 0x00007ff50807a800
RCX=0x00007ff50e24453c: cfree+0x4c in /lib/x86_64-linux-gnu/libc.so.6 at 0x00007ff50e1c0000
RDX=0x0000000000000001 is an unknown value
RSP=0x00007ff4f7a97ae0 is pointing into the stack for thread: 0x00007ff50807a800
RBP=0x00007ff4f7a97b00 is pointing into the stack for thread: 0x00007ff50807a800
RSI=0x00007ff4f7a97a50 is pointing into the stack for thread: 0x00007ff50807a800
RDI=0x0000000000000000 is an unknown value
R8 =0x0000000000000000 is an unknown value
R9 =0x0000000000997bb0 is an unknown value
R10=0x00007ff4f7a97a60 is pointing into the stack for thread: 0x00007ff50807a800
R11=0x00007ff4d3ad386b: gitmarket_dtor+0 in /home/ant/gitter/webapi/target/classes/libgkid.so at 0x00007ff4d3ac7000
R12=0x0000000000000000 is an unknown value
R13=0x00007ff4f7a98500 is pointing into the stack for thread: 0x00007ff50807a800
R14=0x00007ff4f7a97a60 is pointing into the stack for thread: 0x00007ff50807a800
R15=0x0000000000000001 is an unknown value


Stack: [0x00007ff4f7999000,0x00007ff4f7a9a000],  sp=0x00007ff4f7a97ae0,  free space=1018k
Native frames: (J=compiled Java code, j=interpreted, Vv=VM code, C=native code)
C  [libgkid.so+0xc8e4]  gitmarket_dtor+0x79
C  [jna4263341148626646461.tmp+0x1265c]  ffi_call_unix64+0x4c
C  0x00007ff4f7a98580

Java frames: (J=compiled Java code, j=interpreted, Vv=VM code)
j  com.sun.jna.Native.invokeVoid(JI[Ljava/lang/Object;)V+0
j  com.sun.jna.Function.invoke([Ljava/lang/Object;Ljava/lang/Class;Z)Ljava/lang/Object;+29
j  com.sun.jna.Function.invoke(Ljava/lang/reflect/Method;[Ljava/lang/Class;Ljava/lang/Class;[Ljava/lang/Object;Ljava/util/Map;)Ljava/lang/Object;+249
j  com.sun.jna.Library$Handler.invoke(Ljava/lang/Object;Ljava/lang/reflect/Method;[Ljava/lang/Object;)Ljava/lang/Object;+348
j  com.sun.proxy.$Proxy87.gitmarket_dtor(Lcom/sun/jna/Pointer;)V+16
j  indi.gscienty.gitterkid.repo.Market.finalize()V+8
J 422 C1 java.lang.ref.Finalizer.runFinalizer(Lsun/misc/JavaLangAccess;)V (62 bytes) @ 0x00007ff4f9018b3f [0x00007ff4f90185c0+0x57f]
J 421 C1 java.lang.ref.Finalizer.access$100(Ljava/lang/ref/Finalizer;Lsun/misc/JavaLangAccess;)V (6 bytes) @ 0x00007ff4f901505b [0x00007ff4f9015000+0x5b]
j  java.lang.ref.Finalizer$FinalizerThread.run()V+45
v  ~StubRoutines::call_stub

---------------  P R O C E S S  ---------------

Java Threads: ( => current thread )
  0x000000000098b000 JavaThread "process reaper" daemon [_thread_blocked, id=9821, stack(0x00007ff4f5110000,0x00007ff4f5149000)]
  0x00007ff4dc40f000 JavaThread "http-nio-0.0.0.0-8080-AsyncTimeout" daemon [_thread_blocked, id=9819, stack(0x00007ff4d3ff1000,0x00007ff4d40f2000)]
  0x00007ff4dc40d800 JavaThread "http-nio-0.0.0.0-8080-Acceptor-0" daemon [_thread_in_native, id=9818, stack(0x00007ff4d40f2000,0x00007ff4d41f3000)]
  0x00007ff4dc40c000 JavaThread "http-nio-0.0.0.0-8080-ClientPoller-0" daemon [_thread_in_native, id=9817, stack(0x00007ff4d41f3000,0x00007ff4d42f4000)]
  0x00007ff4dc409800 JavaThread "http-nio-0.0.0.0-8080-exec-10" daemon [_thread_blocked, id=9816, stack(0x00007ff4d42f4000,0x00007ff4d43f5000)]
  0x00007ff4dc3b6000 JavaThread "http-nio-0.0.0.0-8080-exec-9" daemon [_thread_blocked, id=9815, stack(0x00007ff4d43f5000,0x00007ff4d44f6000)]
  0x00007ff4dc3b4000 JavaThread "http-nio-0.0.0.0-8080-exec-8" daemon [_thread_blocked, id=9814, stack(0x00007ff4d44f6000,0x00007ff4d45f7000)]
  0x00007ff4dc3b2000 JavaThread "http-nio-0.0.0.0-8080-exec-7" daemon [_thread_blocked, id=9813, stack(0x00007ff4d45f7000,0x00007ff4d46f8000)]
  0x00007ff4dc3b0800 JavaThread "http-nio-0.0.0.0-8080-exec-6" daemon [_thread_blocked, id=9812, stack(0x00007ff4d46f8000,0x00007ff4d47f9000)]
  0x00007ff4dc6f9000 JavaThread "http-nio-0.0.0.0-8080-exec-5" daemon [_thread_blocked, id=9811, stack(0x00007ff4d47f9000,0x00007ff4d48fa000)]
  0x00007ff4dc6f7800 JavaThread "http-nio-0.0.0.0-8080-exec-4" daemon [_thread_blocked, id=9810, stack(0x00007ff4d48fa000,0x00007ff4d49fb000)]
  0x00007ff4dc6f5800 JavaThread "http-nio-0.0.0.0-8080-exec-3" daemon [_thread_blocked, id=9809, stack(0x00007ff4d49fb000,0x00007ff4d4afc000)]
  0x00007ff4dc6f4000 JavaThread "http-nio-0.0.0.0-8080-exec-2" daemon [_thread_blocked, id=9808, stack(0x00007ff4d4afc000,0x00007ff4d4bfd000)]
  0x00007ff4dc39c800 JavaThread "http-nio-0.0.0.0-8080-exec-1" daemon [_thread_blocked, id=9807, stack(0x00007ff4d4bfd000,0x00007ff4d4cfe000)]
  0x00007ff4dc399800 JavaThread "NioBlockingSelector.BlockPoller-1" daemon [_thread_in_native, id=9806, stack(0x00007ff4d4cfe000,0x00007ff4d4dff000)]
  0x00007ff4dc71f800 JavaThread "container-0" [_thread_blocked, id=9805, stack(0x00007ff4f40d2000,0x00007ff4f41d3000)]
  0x00007ff4dc71c000 JavaThread "ContainerBackgroundProcessor[StandardEngine[Tomcat]]" daemon [_thread_blocked, id=9804, stack(0x00007ff4f41d3000,0x00007ff4f42d4000)]
  0x00007ff5080c6000 JavaThread "Service Thread" daemon [_thread_blocked, id=9788, stack(0x00007ff4f710a000,0x00007ff4f720b000)]
  0x00007ff5080b1000 JavaThread "C1 CompilerThread1" daemon [_thread_blocked, id=9787, stack(0x00007ff4f720b000,0x00007ff4f730c000)]
  0x00007ff5080af000 JavaThread "C2 CompilerThread0" daemon [_thread_in_native, id=9786, stack(0x00007ff4f730c000,0x00007ff4f740d000)]
  0x00007ff5080ad800 JavaThread "Signal Dispatcher" daemon [_thread_blocked, id=9785, stack(0x00007ff4f740d000,0x00007ff4f750e000)]
=>0x00007ff50807a800 JavaThread "Finalizer" daemon [_thread_in_native, id=9784, stack(0x00007ff4f7999000,0x00007ff4f7a9a000)]
  0x00007ff508076000 JavaThread "Reference Handler" daemon [_thread_blocked, id=9783, stack(0x00007ff4f7a9a000,0x00007ff4f7b9b000)]
  0x00007ff50800a000 JavaThread "main" [_thread_blocked, id=9781, stack(0x00007ff50ecca000,0x00007ff50edcb000)]

Other Threads:
  0x00007ff50806e000 VMThread [stack: 0x00007ff4f7b9b000,0x00007ff4f7c9c000] [id=9782]
  0x00007ff5080c9800 WatcherThread [stack: 0x00007ff4f7009000,0x00007ff4f710a000] [id=9789]

VM state:not at safepoint (normal execution)

VM Mutex/Monitor currently owned by a thread: None

Heap:
 def new generation   total 19264K, used 2614K [0x00000000c2400000, 0x00000000c38e0000, 0x00000000d6d50000)
  eden space 17152K,   2% used [0x00000000c2400000, 0x00000000c247d998, 0x00000000c34c0000)
  from space 2112K, 100% used [0x00000000c36d0000, 0x00000000c38e0000, 0x00000000c38e0000)
  to   space 2112K,   0% used [0x00000000c34c0000, 0x00000000c34c0000, 0x00000000c36d0000)
 tenured generation   total 42664K, used 37578K [0x00000000d6d50000, 0x00000000d96fa000, 0x0000000100000000)
   the space 42664K,  88% used [0x00000000d6d50000, 0x00000000d9202a30, 0x00000000d9202c00, 0x00000000d96fa000)
 Metaspace       used 45505K, capacity 46316K, committed 46848K, reserved 1089536K
  class space    used 5598K, capacity 5817K, committed 5888K, reserved 1048576K

Card table byte_map: [0x00007ff4f8835000,0x00007ff4f8a24000] byte_map_base: 0x00007ff4f8223000

Polling page: 0x00007ff50ede5000

CodeCache: size=245760Kb used=12958Kb max_used=13036Kb free=232801Kb
 bounds [0x00007ff4f8de4000, 0x00007ff4f9ad4000, 0x00007ff507de4000]
 total_blobs=5170 nmethods=4726 adapters=357
 compilation: enabled

Compilation events (10 events):
Event: 33.071 Thread 0x00007ff5080af000 nmethod 5445 0x00007ff4f97f3310 code [0x00007ff4f97f3460, 0x00007ff4f97f34d8]
Event: 33.072 Thread 0x00007ff5080b1000 5446   !   3       com.sun.proxy.$Proxy65::annotationType (29 bytes)
Event: 33.073 Thread 0x00007ff5080b1000 nmethod 5446 0x00007ff4f98a9c10 code [0x00007ff4f98a9da0, 0x00007ff4f98aa1b0]
Event: 33.079 Thread 0x00007ff5080af000 5447 %     4       java.lang.ProcessEnvironment::arrayHash @ 4 (27 bytes)
Event: 33.082 Thread 0x00007ff5080af000 nmethod 5447% 0x00007ff4f8fba750 code [0x00007ff4f8fba8a0, 0x00007ff4f8fbaa38]
Event: 33.089 Thread 0x00007ff5080b1000 5448       1       org.apache.catalina.webresources.AbstractResourceSet::getWebAppMount (5 bytes)
Event: 33.090 Thread 0x00007ff5080b1000 nmethod 5448 0x00007ff4f9679b10 code [0x00007ff4f9679c60, 0x00007ff4f9679d70]
Event: 33.117 Thread 0x00007ff5080af000 5449       4       java.util.WeakHashMap::put (162 bytes)
Event: 33.125 Thread 0x00007ff5080af000 nmethod 5449 0x00007ff4f9034150 code [0x00007ff4f90342e0, 0x00007ff4f90349c8]
Event: 33.131 Thread 0x00007ff5080af000 5450       4       java.net.URLStreamHandler::sameFile (136 bytes)

GC Heap History (10 events):
Event: 19.742 GC heap before
{Heap before GC invocations=29 (full 2):
 def new generation   total 19264K, used 18520K [0x00000000c2400000, 0x00000000c38e0000, 0x00000000d6d50000)
  eden space 17152K, 100% used [0x00000000c2400000, 0x00000000c34c0000, 0x00000000c34c0000)
  from space 2112K,  64% used [0x00000000c34c0000, 0x00000000c3616188, 0x00000000c36d0000)
  to   space 2112K,   0% used [0x00000000c36d0000, 0x00000000c36d0000, 0x00000000c38e0000)
 tenured generation   total 42664K, used 33111K [0x00000000d6d50000, 0x00000000d96fa000, 0x0000000100000000)
   the space 42664K,  77% used [0x00000000d6d50000, 0x00000000d8da5f60, 0x00000000d8da6000, 0x00000000d96fa000)
 Metaspace       used 41133K, capacity 41942K, committed 42496K, reserved 1087488K
  class space    used 5049K, capacity 5258K, committed 5376K, reserved 1048576K
Event: 19.750 GC heap after
Heap after GC invocations=30 (full 2):
 def new generation   total 19264K, used 1475K [0x00000000c2400000, 0x00000000c38e0000, 0x00000000d6d50000)
  eden space 17152K,   0% used [0x00000000c2400000, 0x00000000c2400000, 0x00000000c34c0000)
  from space 2112K,  69% used [0x00000000c36d0000, 0x00000000c3840fa0, 0x00000000c38e0000)
  to   space 2112K,   0% used [0x00000000c34c0000, 0x00000000c34c0000, 0x00000000c36d0000)
 tenured generation   total 42664K, used 33894K [0x00000000d6d50000, 0x00000000d96fa000, 0x0000000100000000)
   the space 42664K,  79% used [0x00000000d6d50000, 0x00000000d8e69b68, 0x00000000d8e69c00, 0x00000000d96fa000)
 Metaspace       used 41133K, capacity 41942K, committed 42496K, reserved 1087488K
  class space    used 5049K, capacity 5258K, committed 5376K, reserved 1048576K
}
Event: 20.278 GC heap before
{Heap before GC invocations=30 (full 2):
 def new generation   total 19264K, used 18627K [0x00000000c2400000, 0x00000000c38e0000, 0x00000000d6d50000)
  eden space 17152K, 100% used [0x00000000c2400000, 0x00000000c34c0000, 0x00000000c34c0000)
  from space 2112K,  69% used [0x00000000c36d0000, 0x00000000c3840fa0, 0x00000000c38e0000)
  to   space 2112K,   0% used [0x00000000c34c0000, 0x00000000c34c0000, 0x00000000c36d0000)
 tenured generation   total 42664K, used 33894K [0x00000000d6d50000, 0x00000000d96fa000, 0x0000000100000000)
   the space 42664K,  79% used [0x00000000d6d50000, 0x00000000d8e69b68, 0x00000000d8e69c00, 0x00000000d96fa000)
 Metaspace       used 41815K, capacity 42614K, committed 43008K, reserved 1087488K
  class space    used 5137K, capacity 5354K, committed 5376K, reserved 1048576K
Event: 20.292 GC heap after
Heap after GC invocations=31 (full 2):
 def new generation   total 19264K, used 1651K [0x00000000c2400000, 0x00000000c38e0000, 0x00000000d6d50000)
  eden space 17152K,   0% used [0x00000000c2400000, 0x00000000c2400000, 0x00000000c34c0000)
  from space 2112K,  78% used [0x00000000c34c0000, 0x00000000c365cf40, 0x00000000c36d0000)
  to   space 2112K,   0% used [0x00000000c36d0000, 0x00000000c36d0000, 0x00000000c38e0000)
 tenured generation   total 42664K, used 35008K [0x00000000d6d50000, 0x00000000d96fa000, 0x0000000100000000)
   the space 42664K,  82% used [0x00000000d6d50000, 0x00000000d8f80038, 0x00000000d8f80200, 0x00000000d96fa000)
 Metaspace       used 41815K, capacity 42614K, committed 43008K, reserved 1087488K
  class space    used 5137K, capacity 5354K, committed 5376K, reserved 1048576K
}
Event: 20.760 GC heap before
{Heap before GC invocations=31 (full 2):
 def new generation   total 19264K, used 18803K [0x00000000c2400000, 0x00000000c38e0000, 0x00000000d6d50000)
  eden space 17152K, 100% used [0x00000000c2400000, 0x00000000c34c0000, 0x00000000c34c0000)
  from space 2112K,  78% used [0x00000000c34c0000, 0x00000000c365cf40, 0x00000000c36d0000)
  to   space 2112K,   0% used [0x00000000c36d0000, 0x00000000c36d0000, 0x00000000c38e0000)
 tenured generation   total 42664K, used 35008K [0x00000000d6d50000, 0x00000000d96fa000, 0x0000000100000000)
   the space 42664K,  82% used [0x00000000d6d50000, 0x00000000d8f80038, 0x00000000d8f80200, 0x00000000d96fa000)
 Metaspace       used 42192K, capacity 42972K, committed 43392K, reserved 1087488K
  class space    used 5185K, capacity 5387K, committed 5504K, reserved 1048576K
Event: 20.768 GC heap after
Heap after GC invocations=32 (full 2):
 def new generation   total 19264K, used 1209K [0x00000000c2400000, 0x00000000c38e0000, 0x00000000d6d50000)
  eden space 17152K,   0% used [0x00000000c2400000, 0x00000000c2400000, 0x00000000c34c0000)
  from space 2112K,  57% used [0x00000000c36d0000, 0x00000000c37fe638, 0x00000000c38e0000)
  to   space 2112K,   0% used [0x00000000c34c0000, 0x00000000c34c0000, 0x00000000c36d0000)
 tenured generation   total 42664K, used 36066K [0x00000000d6d50000, 0x00000000d96fa000, 0x0000000100000000)
   the space 42664K,  84% used [0x00000000d6d50000, 0x00000000d90888e8, 0x00000000d9088a00, 0x00000000d96fa000)
 Metaspace       used 42192K, capacity 42972K, committed 43392K, reserved 1087488K
  class space    used 5185K, capacity 5387K, committed 5504K, reserved 1048576K
}
Event: 26.186 GC heap before
{Heap before GC invocations=32 (full 2):
 def new generation   total 19264K, used 18361K [0x00000000c2400000, 0x00000000c38e0000, 0x00000000d6d50000)
  eden space 17152K, 100% used [0x00000000c2400000, 0x00000000c34c0000, 0x00000000c34c0000)
  from space 2112K,  57% used [0x00000000c36d0000, 0x00000000c37fe638, 0x00000000c38e0000)
  to   space 2112K,   0% used [0x00000000c34c0000, 0x00000000c34c0000, 0x00000000c36d0000)
 tenured generation   total 42664K, used 36066K [0x00000000d6d50000, 0x00000000d96fa000, 0x0000000100000000)
   the space 42664K,  84% used [0x00000000d6d50000, 0x00000000d90888e8, 0x00000000d9088a00, 0x00000000d96fa000)
 Metaspace       used 43207K, capacity 44000K, committed 44544K, reserved 1087488K
  class space    used 5301K, capacity 5517K, committed 5632K, reserved 1048576K
Event: 26.195 GC heap after
Heap after GC invocations=33 (full 2):
 def new generation   total 19264K, used 1191K [0x00000000c2400000, 0x00000000c38e0000, 0x00000000d6d50000)
  eden space 17152K,   0% used [0x00000000c2400000, 0x00000000c2400000, 0x00000000c34c0000)
  from space 2112K,  56% used [0x00000000c34c0000, 0x00000000c35e9ff8, 0x00000000c36d0000)
  to   space 2112K,   0% used [0x00000000c36d0000, 0x00000000c36d0000, 0x00000000c38e0000)
 tenured generation   total 42664K, used 36751K [0x00000000d6d50000, 0x00000000d96fa000, 0x0000000100000000)
   the space 42664K,  86% used [0x00000000d6d50000, 0x00000000d9133c60, 0x00000000d9133e00, 0x00000000d96fa000)
 Metaspace       used 43207K, capacity 44000K, committed 44544K, reserved 1087488K
  class space    used 5301K, capacity 5517K, committed 5632K, reserved 1048576K
}
Event: 33.159 GC heap before
{Heap before GC invocations=33 (full 2):
 def new generation   total 19264K, used 18343K [0x00000000c2400000, 0x00000000c38e0000, 0x00000000d6d50000)
  eden space 17152K, 100% used [0x00000000c2400000, 0x00000000c34c0000, 0x00000000c34c0000)
  from space 2112K,  56% used [0x00000000c34c0000, 0x00000000c35e9ff8, 0x00000000c36d0000)
  to   space 2112K,   0% used [0x00000000c36d0000, 0x00000000c36d0000, 0x00000000c38e0000)
 tenured generation   total 42664K, used 36751K [0x00000000d6d50000, 0x00000000d96fa000, 0x0000000100000000)
   the space 42664K,  86% used [0x00000000d6d50000, 0x00000000d9133c60, 0x00000000d9133e00, 0x00000000d96fa000)
 Metaspace       used 45449K, capacity 46252K, committed 46848K, reserved 1089536K
  class space    used 5594K, capacity 5817K, committed 5888K, reserved 1048576K
Event: 33.168 GC heap after
Heap after GC invocations=34 (full 2):
 def new generation   total 19264K, used 2112K [0x00000000c2400000, 0x00000000c38e0000, 0x00000000d6d50000)
  eden space 17152K,   0% used [0x00000000c2400000, 0x00000000c2400000, 0x00000000c34c0000)
  from space 2112K, 100% used [0x00000000c36d0000, 0x00000000c38e0000, 0x00000000c38e0000)
  to   space 2112K,   0% used [0x00000000c34c0000, 0x00000000c34c0000, 0x00000000c36d0000)
 tenured generation   total 42664K, used 37578K [0x00000000d6d50000, 0x00000000d96fa000, 0x0000000100000000)
   the space 42664K,  88% used [0x00000000d6d50000, 0x00000000d9202a30, 0x00000000d9202c00, 0x00000000d96fa000)
 Metaspace       used 45449K, capacity 46252K, committed 46848K, reserved 1089536K
  class space    used 5594K, capacity 5817K, committed 5888K, reserved 1048576K
}

Deoptimization events (10 events):
Event: 21.109 Thread 0x00007ff508bd7000 Uncommon trap: reason=unstable_if action=reinterpret pc=0x00007ff4f9997d54 method=java.lang.Class$MethodArray.addIfNotPresent(Ljava/lang/reflect/Method;)V @ 19
Event: 21.343 Thread 0x00007ff508bd7000 Uncommon trap: reason=bimorphic action=maybe_recompile pc=0x00007ff4f9729c78 method=java.util.Hashtable.get(Ljava/lang/Object;)Ljava/lang/Object; @ 6
Event: 21.343 Thread 0x00007ff508bd7000 Uncommon trap: reason=bimorphic action=maybe_recompile pc=0x00007ff4f9729c78 method=java.util.Hashtable.get(Ljava/lang/Object;)Ljava/lang/Object; @ 6
Event: 26.568 Thread 0x00007ff4dc39c800 Uncommon trap: reason=bimorphic action=maybe_recompile pc=0x00007ff4f97cf2d0 method=java.util.regex.Matcher.search(I)Z @ 86
Event: 26.649 Thread 0x00007ff4dc39c800 Uncommon trap: reason=unstable_if action=reinterpret pc=0x00007ff4f97d2188 method=java.lang.String.lastIndexOf([CII[CIII)I @ 135
Event: 26.649 Thread 0x00007ff4dc39c800 Uncommon trap: reason=unstable_if action=reinterpret pc=0x00007ff4f999ab44 method=java.lang.StringCoding.encode(Ljava/lang/String;[CII)[B @ 38
Event: 26.704 Thread 0x00007ff4dc39c800 Uncommon trap: reason=bimorphic action=maybe_recompile pc=0x00007ff4f99916fc method=java.lang.Throwable.<init>(Ljava/lang/String;Ljava/lang/Throwable;)V @ 24
Event: 26.755 Thread 0x00007ff4dc39c800 Uncommon trap: reason=unstable_if action=reinterpret pc=0x00007ff4f9556168 method=java.util.concurrent.ConcurrentHashMap.get(Ljava/lang/Object;)Ljava/lang/Object; @ 76
Event: 32.975 Thread 0x00007ff4dc6f4000 Uncommon trap: reason=bimorphic action=maybe_recompile pc=0x00007ff4f99916fc method=java.lang.Throwable.<init>(Ljava/lang/String;Ljava/lang/Throwable;)V @ 24
Event: 32.980 Thread 0x00007ff4dc6f4000 Uncommon trap: reason=bimorphic action=maybe_recompile pc=0x00007ff4f99916fc method=java.lang.Throwable.<init>(Ljava/lang/String;Ljava/lang/Throwable;)V @ 24

Internal exceptions (10 events):
Event: 26.380 Thread 0x00007ff4dc39c800 Exception <a 'java/lang/ClassNotFoundException': org/springframework/web/servlet/FlashMapManagerCustomizer> (0x00000000c280da58) thrown at [/HUDSON/workspace/8-2-build-linux-amd64/jdk8u151/9699/hotspot/src/share/vm/classfile/systemDictionary.cpp, line 210
Event: 26.649 Thread 0x00007ff4dc39c800 Exception <a 'java/lang/UnsatisfiedLinkError': libgkid.so: 无法打开共享对象文件: 没有那个文件或目录> (0x00000000c2bde7a8) thrown at [/HUDSON/workspace/8-2-build-linux-amd64/jdk8u151/9699/hotspot/src/share/vm/prims/jni.cpp, line 735]
Event: 26.650 Thread 0x00007ff4dc39c800 Exception <a 'java/lang/UnsatisfiedLinkError': libgkid.so: 无法打开共享对象文件: 没有那个文件或目录> (0x00000000c2be04f0) thrown at [/HUDSON/workspace/8-2-build-linux-amd64/jdk8u151/9699/hotspot/src/share/vm/prims/jni.cpp, line 735]
Event: 26.681 Thread 0x00007ff4dc39c800 Exception <a 'java/lang/ClassNotFoundException': java/lang/ObjectCustomizer> (0x00000000c2d463e8) thrown at [/HUDSON/workspace/8-2-build-linux-amd64/jdk8u151/9699/hotspot/src/share/vm/classfile/systemDictionary.cpp, line 210]
Event: 26.686 Thread 0x00007ff4dc39c800 Exception <a 'java/lang/ClassNotFoundException': indi/gscienty/gitterkid/repo/MarketCustomizer> (0x00000000c2d57e10) thrown at [/HUDSON/workspace/8-2-build-linux-amd64/jdk8u151/9699/hotspot/src/share/vm/classfile/systemDictionary.cpp, line 210]
Event: 26.690 Thread 0x00007ff4dc39c800 Exception <a 'java/lang/ClassNotFoundException': java/lang/IterableCustomizer> (0x00000000c2d71398) thrown at [/HUDSON/workspace/8-2-build-linux-amd64/jdk8u151/9699/hotspot/src/share/vm/classfile/systemDictionary.cpp, line 210]
Event: 26.691 Thread 0x00007ff4dc39c800 Exception <a 'java/lang/ClassNotFoundException': java/util/IteratorCustomizer> (0x00000000c2d7b0c0) thrown at [/HUDSON/workspace/8-2-build-linux-amd64/jdk8u151/9699/hotspot/src/share/vm/classfile/systemDictionary.cpp, line 210]
Event: 26.692 Thread 0x00007ff4dc39c800 Exception <a 'java/lang/ClassNotFoundException': indi/gscienty/gitterkid/repo/IQueryableCustomizer> (0x00000000c2d8bec0) thrown at [/HUDSON/workspace/8-2-build-linux-amd64/jdk8u151/9699/hotspot/src/share/vm/classfile/systemDictionary.cpp, line 210]
Event: 26.759 Thread 0x00007ff4dc39c800 Exception <a 'java/lang/ClassNotFoundException': java/lang/ObjectCustomizer> (0x00000000c2e81910) thrown at [/HUDSON/workspace/8-2-build-linux-amd64/jdk8u151/9699/hotspot/src/share/vm/classfile/systemDictionary.cpp, line 210]
Event: 26.760 Thread 0x00007ff4dc39c800 Exception <a 'java/lang/ClassNotFoundException': indi/gscienty/gitterkid/webapi/services/RepositoryServiceCustomizer> (0x00000000c2e97790) thrown at [/HUDSON/workspace/8-2-build-linux-amd64/jdk8u151/9699/hotspot/src/share/vm/classfile/systemDictionary.cpp

Events (10 events):
Event: 33.180 loading class org/springframework/web/util/HtmlUtils
Event: 33.180 loading class org/springframework/web/util/HtmlUtils done
Event: 33.180 loading class org/springframework/web/util/HtmlCharacterEntityReferences
Event: 33.180 loading class org/springframework/web/util/HtmlCharacterEntityReferences done
Event: 33.181 Executing VM operation: RevokeBias
Event: 33.181 Executing VM operation: RevokeBias done
Event: 33.181 Executing VM operation: RevokeBias
Event: 33.181 Executing VM operation: RevokeBias done
Event: 33.181 Executing VM operation: RevokeBias
Event: 33.181 Executing VM operation: RevokeBias done


Dynamic libraries:
00400000-00401000 r-xp 00000000 08:01 540265                             /usr/lib/jdk/bin/java
00600000-00601000 rw-p 00000000 08:01 540265                             /usr/lib/jdk/bin/java
00872000-009f1000 rw-p 00000000 00:00 0                                  [heap]
c2400000-c38e0000 rw-p 00000000 00:00 0 
c38e0000-d6d50000 ---p 00000000 00:00 0 
d6d50000-d96fa000 rw-p 00000000 00:00 0 
d96fa000-100000000 ---p 00000000 00:00 0 
100000000-1005c0000 rw-p 00000000 00:00 0 
1005c0000-140000000 ---p 00000000 00:00 0 
7ff4d3274000-7ff4d3290000 r-xp 00000000 08:01 138414                     /lib/x86_64-linux-gnu/libaudit.so.1.0.0
7ff4d3290000-7ff4d348f000 ---p 0001c000 08:01 138414                     /lib/x86_64-linux-gnu/libaudit.so.1.0.0
7ff4d348f000-7ff4d3490000 r--p 0001b000 08:01 138414                     /lib/x86_64-linux-gnu/libaudit.so.1.0.0
7ff4d3490000-7ff4d3491000 rw-p 0001c000 08:01 138414                     /lib/x86_64-linux-gnu/libaudit.so.1.0.0
7ff4d3491000-7ff4d349b000 rw-p 00000000 00:00 0 
7ff4d349b000-7ff4d34b4000 r-xp 00000000 08:01 138615                     /lib/x86_64-linux-gnu/libz.so.1.2.8
7ff4d34b4000-7ff4d36b3000 ---p 00019000 08:01 138615                     /lib/x86_64-linux-gnu/libz.so.1.2.8
7ff4d36b3000-7ff4d36b4000 r--p 00018000 08:01 138615                     /lib/x86_64-linux-gnu/libz.so.1.2.8
7ff4d36b4000-7ff4d36b5000 rw-p 00019000 08:01 138615                     /lib/x86_64-linux-gnu/libz.so.1.2.8
7ff4d36b5000-7ff4d36b8000 r-xp 00000000 08:01 138542                     /lib/x86_64-linux-gnu/libpam_misc.so.0.82.0
7ff4d36b8000-7ff4d38b7000 ---p 00003000 08:01 138542                     /lib/x86_64-linux-gnu/libpam_misc.so.0.82.0
7ff4d38b7000-7ff4d38b8000 r--p 00002000 08:01 138542                     /lib/x86_64-linux-gnu/libpam_misc.so.0.82.0
7ff4d38b8000-7ff4d38b9000 rw-p 00003000 08:01 138542                     /lib/x86_64-linux-gnu/libpam_misc.so.0.82.0
7ff4d38b9000-7ff4d38c6000 r-xp 00000000 08:01 138540                     /lib/x86_64-linux-gnu/libpam.so.0.83.1
7ff4d38c6000-7ff4d3ac5000 ---p 0000d000 08:01 138540                     /lib/x86_64-linux-gnu/libpam.so.0.83.1
7ff4d3ac5000-7ff4d3ac6000 r--p 0000c000 08:01 138540                     /lib/x86_64-linux-gnu/libpam.so.0.83.1
7ff4d3ac6000-7ff4d3ac7000 rw-p 0000d000 08:01 138540                     /lib/x86_64-linux-gnu/libpam.so.0.83.1
7ff4d3ac7000-7ff4d3ad8000 r-xp 00000000 08:01 558926                     /home/ant/gitter/webapi/target/classes/libgkid.so
7ff4d3ad8000-7ff4d3cd7000 ---p 00011000 08:01 558926                     /home/ant/gitter/webapi/target/classes/libgkid.so
7ff4d3cd7000-7ff4d3cd8000 r--p 00010000 08:01 558926                     /home/ant/gitter/webapi/target/classes/libgkid.so
7ff4d3cd8000-7ff4d3cd9000 rw-p 00011000 08:01 558926                     /home/ant/gitter/webapi/target/classes/libgkid.so
7ff4d3cd9000-7ff4d3cf0000 r-xp 00000000 08:01 437182                     /tmp/jna-96743/jna4263341148626646461.tmp (deleted)
7ff4d3cf0000-7ff4d3def000 ---p 00017000 08:01 437182                     /tmp/jna-96743/jna4263341148626646461.tmp (deleted)
7ff4d3def000-7ff4d3df1000 rw-p 00016000 08:01 437182                     /tmp/jna-96743/jna4263341148626646461.tmp (deleted)
7ff4d3df1000-7ff4d3ff1000 rw-p 00000000 00:00 0 
7ff4d3ff1000-7ff4d3ff4000 ---p 00000000 00:00 0 
7ff4d3ff4000-7ff4d40f2000 rw-p 00000000 00:00 0 
7ff4d40f2000-7ff4d40f5000 ---p 00000000 00:00 0 
7ff4d40f5000-7ff4d41f3000 rw-p 00000000 00:00 0 
7ff4d41f3000-7ff4d41f6000 ---p 00000000 00:00 0 
7ff4d41f6000-7ff4d42f4000 rw-p 00000000 00:00 0 
7ff4d42f4000-7ff4d42f7000 ---p 00000000 00:00 0 
7ff4d42f7000-7ff4d43f5000 rw-p 00000000 00:00 0 
7ff4d43f5000-7ff4d43f8000 ---p 00000000 00:00 0 
7ff4d43f8000-7ff4d44f6000 rw-p 00000000 00:00 0 
7ff4d44f6000-7ff4d44f9000 ---p 00000000 00:00 0 
7ff4d44f9000-7ff4d45f7000 rw-p 00000000 00:00 0 
7ff4d45f7000-7ff4d45fa000 ---p 00000000 00:00 0 
7ff4d45fa000-7ff4d46f8000 rw-p 00000000 00:00 0 
7ff4d46f8000-7ff4d46fb000 ---p 00000000 00:00 0 
7ff4d46fb000-7ff4d47f9000 rw-p 00000000 00:00 0 
7ff4d47f9000-7ff4d47fc000 ---p 00000000 00:00 0 
7ff4d47fc000-7ff4d48fa000 rw-p 00000000 00:00 0 
7ff4d48fa000-7ff4d48fd000 ---p 00000000 00:00 0 
7ff4d48fd000-7ff4d49fb000 rw-p 00000000 00:00 0 
7ff4d49fb000-7ff4d49fe000 ---p 00000000 00:00 0 
7ff4d49fe000-7ff4d4afc000 rw-p 00000000 00:00 0 
7ff4d4afc000-7ff4d4aff000 ---p 00000000 00:00 0 
7ff4d4aff000-7ff4d4bfd000 rw-p 00000000 00:00 0 
7ff4d4bfd000-7ff4d4c00000 ---p 00000000 00:00 0 
7ff4d4c00000-7ff4d4cfe000 rw-p 00000000 00:00 0 
7ff4d4cfe000-7ff4d4d01000 ---p 00000000 00:00 0 
7ff4d4d01000-7ff4d4fff000 rw-p 00000000 00:00 0 
7ff4d4fff000-7ff4d8000000 rw-p 00000000 00:00 0 
7ff4d8000000-7ff4d9496000 rw-p 00000000 00:00 0 
7ff4d9496000-7ff4dc000000 ---p 00000000 00:00 0 
7ff4dc000000-7ff4dc7a8000 rw-p 00000000 00:00 0 
7ff4dc7a8000-7ff4e0000000 ---p 00000000 00:00 0 
7ff4e0000000-7ff4e0021000 rw-p 00000000 00:00 0 
7ff4e0021000-7ff4e4000000 ---p 00000000 00:00 0 
7ff4e4000000-7ff4e63e1000 rw-p 00000000 00:00 0 
7ff4e63e1000-7ff4e8000000 ---p 00000000 00:00 0 
7ff4e8000000-7ff4e8021000 rw-p 00000000 00:00 0 
7ff4e8021000-7ff4ec000000 ---p 00000000 00:00 0 
7ff4ec000000-7ff4ec059000 rw-p 00000000 00:00 0 
7ff4ec059000-7ff4f0000000 ---p 00000000 00:00 0 
7ff4f0000000-7ff4f00f5000 rw-p 00000000 00:00 0 
7ff4f00f5000-7ff4f4000000 ---p 00000000 00:00 0 
7ff4f40d2000-7ff4f40d5000 ---p 00000000 00:00 0 
7ff4f40d5000-7ff4f41d3000 rw-p 00000000 00:00 0 
7ff4f41d3000-7ff4f41d6000 ---p 00000000 00:00 0 
7ff4f41d6000-7ff4f44d4000 rw-p 00000000 00:00 0 
7ff4f44d4000-7ff4f46d4000 rw-p 00000000 00:00 0 
7ff4f46d4000-7ff4f48d4000 rw-p 00000000 00:00 0 
7ff4f48d4000-7ff4f4ad4000 rw-p 00000000 00:00 0 
7ff4f4ad4000-7ff4f4cd4000 rw-p 00000000 00:00 0 
7ff4f4cd4000-7ff4f4ed4000 rw-p 00000000 00:00 0 
7ff4f4ed4000-7ff4f50d4000 rw-p 00000000 00:00 0 
7ff4f5110000-7ff4f5113000 ---p 00000000 00:00 0 
7ff4f5113000-7ff4f5149000 rw-p 00000000 00:00 0 
7ff4f5149000-7ff4f514e000 r--s 002f9000 08:01 541809                     /usr/lib/jdk/jre/lib/charsets.jar
7ff4f514e000-7ff4f51e4000 r--s 01110000 08:01 541873                     /usr/lib/jdk/jre/lib/ext/jfxrt.jar
7ff4f51e4000-7ff4f51e7000 ---p 00000000 00:00 0 
7ff4f51e7000-7ff4f54e5000 rw-p 00000000 00:00 0 
7ff4f54e5000-7ff4f54e8000 ---p 00000000 00:00 0 
7ff4f54e8000-7ff4f55e6000 rw-p 00000000 00:00 0 
7ff4f55e6000-7ff4f55ef000 r-xp 00000000 08:01 542033                     /usr/lib/jdk/jre/lib/amd64/libmanagement.so
7ff4f55ef000-7ff4f57ee000 ---p 00009000 08:01 542033                     /usr/lib/jdk/jre/lib/amd64/libmanagement.so
7ff4f57ee000-7ff4f57ef000 rw-p 00008000 08:01 542033                     /usr/lib/jdk/jre/lib/amd64/libmanagement.so
7ff4f57ef000-7ff4f59ef000 rw-p 00000000 00:00 0 
7ff4f59ef000-7ff4f59f6000 r--s 00000000 08:01 33805                      /usr/lib/x86_64-linux-gnu/gconv/gconv-modules.cache
7ff4f59f6000-7ff4f5a17000 r--p 00000000 08:01 299439                     /usr/share/locale-langpack/zh_CN/LC_MESSAGES/libc.mo
7ff4f5a17000-7ff4f5a1a000 ---p 00000000 00:00 0 
7ff4f5a1a000-7ff4f5b18000 rw-p 00000000 00:00 0 
7ff4f5b18000-7ff4f5b19000 r--s 00000000 08:01 558938                     /home/ant/.m2/repository/org/springframework/boot/spring-boot-starter-aop/1.5.9.RELEASE/spring-boot-starter-aop-1.5.9.RELEASE.jar
7ff4f5b19000-7ff4f5b2b000 r--s 0011e000 08:01 2466                       /home/ant/.m2/repository/com/fasterxml/jackson/core/jackson-databind/2.8.10/jackson-databind-2.8.10.jar
7ff4f5b2b000-7ff4f5b2d000 r--s 00000000 08:01 558370                     /home/ant/.m2/repository/org/slf4j/jul-to-slf4j/1.7.25/jul-to-slf4j-1.7.25.jar
7ff4f5b2d000-7ff4f5b34000 r--s 00045000 08:01 558369                     /home/ant/.m2/repository/ch/qos/logback/logback-classic/1.1.11/logback-classic-1.1.11.jar
7ff4f5b34000-7ff4f5b36000 r--s 00002000 08:01 31734                      /home/ant/.m2/repository/indi/gscienty/gitterkid/services/0.1/services-0.1.jar
7ff4f5b36000-7ff4f5b38000 r--s 0000b000 08:01 31728                      /home/ant/.m2/repository/indi/gscienty/gitterkid/repo/0.1/repo-0.1.jar
7ff4f5b38000-7ff4f5b61000 r--s 002c7000 08:01 558391                     /home/ant/.m2/repository/org/apache/tomcat/embed/tomcat-embed-core/8.5.23/tomcat-embed-core-8.5.23.jar
7ff4f5b61000-7ff4f5b6a000 r--s 00054000 08:01 558394                     /home/ant/.m2/repository/org/springframework/spring-aop/4.3.13.RELEASE/spring-aop-4.3.13.RELEASE.jar
7ff4f5b6a000-7ff4f5b6e000 r--s 0000c000 08:01 558378                     /home/ant/.m2/repository/javax/validation/validation-api/1.1.0.Final/validation-api-1.1.0.Final.jar
7ff4f5b6e000-7ff4f5b7e000 r--s 00095000 08:01 558362                     /home/ant/.m2/repository/org/springframework/boot/spring-boot/1.5.9.RELEASE/spring-boot-1.5.9.RELEASE.jar
7ff4f5b7e000-7ff4f5b80000 r--s 00003000 08:01 558372                     /home/ant/.m2/repository/org/apache/tomcat/tomcat-annotations-api/8.5.23/tomcat-annotations-api-8.5.23.jar
7ff4f5b80000-7ff4f5b81000 r--s 00000000 08:01 558357                     /home/ant/.m2/repository/org/springframework/boot/spring-boot-starter/1.5.9.RELEASE/spring-boot-starter-1.5.9.RELEASE.jar
7ff4f5b81000-7ff4f5b83000 r--s 00009000 08:01 558396                     /home/ant/.m2/repository/org/slf4j/slf4j-api/1.7.25/slf4j-api-1.7.25.jar
7ff4f5b83000-7ff4f5b95000 r--s 000cf000 08:01 558374                     /home/ant/.m2/repository/org/springframework/spring-webmvc/4.3.13.RELEASE/spring-webmvc-4.3.13.RELEASE.jar
7ff4f5b95000-7ff4f5b9a000 r--s 00038000 08:01 558376                     /home/ant/.m2/repository/org/apache/tomcat/embed/tomcat-embed-websocket/8.5.23/tomcat-embed-websocket-8.5.23.jar
7ff4f5b9a000-7ff4f5b9b000 r--s 00000000 08:01 558393                     /home/ant/.m2/repository/org/springframework/boot/spring-boot-starter-tomcat/1.5.9.RELEASE/spring-boot-starter-tomcat-1.5.9.RELEASE.jar
7ff4f5b9b000-7ff4f5ba0000 r--s 0003c000 08:01 558392                     /home/ant/.m2/repository/org/springframework/spring-expression/4.3.13.RELEASE/spring-expression-4.3.13.RELEASE.jar
7ff4f5ba0000-7ff4f5ba2000 r--s 00003000 08:01 558377                     /home/ant/.m2/repository/org/slf4j/jcl-over-slf4j/1.7.25/jcl-over-slf4j-1.7.25.jar
7ff4f5ba2000-7ff4f5ba4000 r--s 0000e000 08:01 2461                       /home/ant/.m2/repository/com/fasterxml/classmate/1.3.4/classmate-1.3.4.jar
7ff4f5ba4000-7ff4f5baa000 r--s 0003d000 08:01 558389                     /home/ant/.m2/repository/org/yaml/snakeyaml/1.17/snakeyaml-1.17.jar
7ff4f5baa000-7ff4f5bab000 r--s 00000000 08:01 558359                     /home/ant/.m2/repository/org/springframework/boot/spring-boot-starter-web/1.5.9.RELEASE/spring-boot-starter-web-1.5.9.RELEASE.jar
7ff4f5bab000-7ff4f5bb9000 r--s 000ad000 08:01 546017                     /home/ant/.m2/repository/org/springframework/spring-beans/4.3.13.RELEASE/spring-beans-4.3.13.RELEASE.jar
7ff4f5bb9000-7ff4f5bcb000 r--s 000b8000 08:01 558395                     /home/ant/.m2/repository/org/springframework/spring-web/4.3.13.RELEASE/spring-web-4.3.13.RELEASE.jar
7ff4f5bcb000-7ff4f5beb000 r--s 000e6000 08:01 558405                     /home/ant/.m2/repository/org/springframework/boot/spring-boot-autoconfigure/1.5.9.RELEASE/spring-boot-autoconfigure-1.5.9.RELEASE.jar
7ff4f5beb000-7ff4f5c04000 r--s 001bf000 08:01 558976                     /home/ant/.m2/repository/org/aspectj/aspectjweaver/1.8.13/aspectjweaver-1.8.13.jar
7ff4f5c04000-7ff4f5c0f000 r--s 0006a000 08:01 558388                     /home/ant/.m2/repository/ch/qos/logback/logback-core/1.1.11/logback-core-1.1.11.jar
7ff4f5c0f000-7ff4f5c28000 r--s 000fe000 08:01 558398                     /home/ant/.m2/repository/org/springframework/spring-context/4.3.13.RELEASE/spring-context-4.3.13.RELEASE.jar
7ff4f5c28000-7ff4f5c2c000 r--s 00112000 08:01 34634                      /home/ant/.m2/repository/net/java/dev/jna/jna/4.2.2/jna-4.2.2.jar
7ff4f5c2c000-7ff4f5c3d000 r--s 000a1000 08:01 558385                     /home/ant/.m2/repository/org/hibernate/hibernate-validator/5.3.6.Final/hibernate-validator-5.3.6.Final.jar
7ff4f5c3d000-7ff4f5c3f000 r--s 00004000 08:01 558403                     /home/ant/.m2/repository/org/slf4j/log4j-over-slf4j/1.7.25/log4j-over-slf4j-1.7.25.jar
7ff4f5c3f000-7ff4f5c42000 r--s 0000e000 08:01 558427                     /home/ant/.m2/repository/org/jboss/logging/jboss-logging/3.3.1.Final/jboss-logging-3.3.1.Final.jar
7ff4f5c42000-7ff4f5c46000 r--s 00037000 08:01 558415                     /home/ant/.m2/repository/org/apache/tomcat/embed/tomcat-embed-el/8.5.23/tomcat-embed-el-8.5.23.jar
7ff4f5c46000-7ff4f5c4a000 r--s 00042000 08:01 2482                       /home/ant/.m2/repository/com/fasterxml/jackson/core/jackson-core/2.8.10/jackson-core-2.8.10.jar
7ff4f5c4a000-7ff4f5c4d000 r--s 0000b000 08:01 2479                       /home/ant/.m2/repository/com/fasterxml/jackson/core/jackson-annotations/2.8.0/jackson-annotations-2.8.0.jar
7ff4f5c4d000-7ff4f5c4e000 r--s 00000000 08:01 558371                     /home/ant/.m2/repository/org/springframework/boot/spring-boot-starter-logging/1.5.9.RELEASE/spring-boot-starter-logging-1.5.9.RELEASE.jar
7ff4f5c4e000-7ff4f5e4e000 rw-p 00000000 00:00 0 
7ff4f5e4e000-7ff4f5e79000 r--s 001fc000 08:01 34586                      /home/ant/.m2/repository/com/google/guava/guava/18.0/guava-18.0.jar
7ff4f5e79000-7ff4f5e7a000 r--s 00008000 08:01 30770                      /home/ant/.m2/repository/asm/asm-util/3.2/asm-util-3.2.jar
7ff4f5e7a000-7ff4f5e7b000 r--s 00004000 08:01 30771                      /home/ant/.m2/repository/asm/asm-analysis/3.2/asm-analysis-3.2.jar
7ff4f5e7b000-7ff4f5e7e000 r--s 00013000 08:01 34584                      /home/ant/.m2/repository/commons-io/commons-io/1.3.2/commons-io-1.3.2.jar
7ff4f5e7e000-7ff4f5e7f000 r--s 00002000 08:01 558700                     /home/ant/.m2/repository/org/vafer/jdependency/0.7/jdependency-0.7.jar
7ff4f5e7f000-7ff4f5e82000 r--s 0000c000 08:01 34546                      /home/ant/.m2/repository/org/apache/maven/shared/maven-dependency-tree/2.1/maven-dependency-tree-2.1.jar
7ff4f5e82000-7ff4f5e85000 r--s 00023000 08:01 558699                     /home/ant/.m2/repository/org/jdom/jdom/1.1/jdom-1.1.jar
7ff4f5e85000-7ff4f5e87000 r--s 00004000 08:01 34581                      /home/ant/.m2/repository/asm/asm-tree/3.3.1/asm-tree-3.3.1.jar
7ff4f5e87000-7ff4f5e89000 r--s 00008000 08:01 34577                      /home/ant/.m2/repository/asm/asm-commons/3.3.1/asm-commons-3.3.1.jar
7ff4f5e89000-7ff4f5e8a000 r--s 0000a000 08:01 34563                      /home/ant/.m2/repository/asm/asm/3.3.1/asm-3.3.1.jar
7ff4f5e8a000-7ff4f5e95000 r--s 00069000 08:01 30782                      /home/ant/.m2/repository/org/sonatype/sisu/sisu-guice/2.1.7/sisu-guice-2.1.7-noaop.jar
7ff4f5e95000-7ff4f5e9a000 r--s 00021000 08:01 30781                      /home/ant/.m2/repository/org/sonatype/sisu/sisu-inject-bean/1.4.2/sisu-inject-bean-1.4.2.jar
7ff4f5e9a000-7ff4f5e9c000 r--s 00017000 08:01 558694                     /home/ant/.m2/repository/org/apache/maven/plugins/maven-shade-plugin/2.2/maven-shade-plugin-2.2.jar
7ff4f5e9c000-7ff4f5e9e000 r--s 00001000 08:01 558692                     /home/ant/.m2/repository/org/sonatype/plexus/plexus-build-api/0.0.7/plexus-build-api-0.0.7.jar
7ff4f5e9e000-7ff4f5ea2000 r--s 00038000 08:01 558448                     /home/ant/.m2/repository/org/codehaus/plexus/plexus-utils/3.0.20/plexus-utils-3.0.20.jar
7ff4f5ea2000-7ff4f5ea9000 r--s 00056000 08:01 13694                      /home/ant/.m2/repository/org/apache/commons/commons-compress/1.9/commons-compress-1.9.jar
7ff4f5ea9000-7ff4f5ead000 r--s 0000f000 08:01 34571                      /home/ant/.m2/repository/org/codehaus/plexus/plexus-io/2.3.2/plexus-io-2.3.2.jar
7ff4f5ead000-7ff4f5eb1000 r--s 0001f000 08:01 34549                      /home/ant/.m2/repository/org/codehaus/plexus/plexus-archiver/2.8.1/plexus-archiver-2.8.1.jar
7ff4f5eb1000-7ff4f5eb3000 r--s 00009000 08:01 558679                     /home/ant/.m2/repository/org/hamcrest/hamcrest-core/1.3/hamcrest-core-1.3.jar
7ff4f5eb3000-7ff4f5ebb000 r--s 00045000 08:01 34570                      /home/ant/.m2/repository/junit/junit/4.12/junit-4.12.jar
7ff4f5ebb000-7ff4f5ec4000 r--s 0006f000 08:01 34565                      /home/ant/.m2/repository/log4j/log4j/1.2.17/log4j-1.2.17.jar
7ff4f5ec4000-7ff4f5ec6000 r--s 00006000 08:01 34556                      /home/ant/.m2/repository/org/apache/maven/shared/maven-common-artifact-filters/1.4/maven-common-artifact-filters-1.4.jar
7ff4f5ec6000-7ff4f5ec8000 r--s 00002000 08:01 30801                      /home/ant/.m2/repository/org/sonatype/plexus/plexus-cipher/1.4/plexus-cipher-1.4.jar
7ff4f5ec8000-7ff4f5ec9000 r--s 00006000 08:01 553527                     /home/ant/.m2/repository/org/sonatype/plexus/plexus-sec-dispatcher/1.3/plexus-sec-dispatcher-1.3.jar
7ff4f5ec9000-7ff4f5ecf000 r--s 00042000 08:01 558689                     /home/ant/.m2/repository/org/eclipse/sisu/org.eclipse.sisu.inject/0.0.0.M5/org.eclipse.sisu.inject-0.0.0.M5.jar
7ff4f5ecf000-7ff4f5ed1000 r--s 00000000 08:01 558681                     /home/ant/.m2/repository/aopalliance/aopalliance/1.0/aopalliance-1.0.jar
7ff4f5ed1000-7ff4f5ed9000 r--s 00050000 08:01 34534                      /home/ant/.m2/repository/org/sonatype/sisu/sisu-guice/3.1.0/sisu-guice-3.1.0-no_aop.jar
7ff4f5ed9000-7ff4f5edc000 r--s 00008000 08:01 558680                     /home/ant/.m2/repository/javax/enterprise/cdi-api/1.0/cdi-api-1.0.jar
7ff4f5edc000-7ff4f5ee0000 r--s 00020000 08:01 558677                     /home/ant/.m2/repository/org/eclipse/aether/aether-util/1.0.2.v20150114/aether-util-1.0.2.v20150114.jar
7ff4f5ee0000-7ff4f5ee3000 r--s 0000d000 08:01 34529                      /home/ant/.m2/repository/org/codehaus/plexus/plexus-interpolation/1.21/plexus-interpolation-1.21.jar
7ff4f5ee3000-7ff4f5ee7000 r--s 00026000 08:01 7885                       /home/ant/.m2/repository/org/apache/maven/shared/maven-shared-utils/0.7/maven-shared-utils-0.7.jar
7ff4f5ee7000-7ff4f5ee8000 r--s 00005000 08:01 7879                       /home/ant/.m2/repository/org/apache/maven/maven-archiver/2.6/maven-archiver-2.6.jar
7ff4f5ee8000-7ff4f5eea000 r--s 0000e000 08:01 34533                      /home/ant/.m2/repository/commons-logging/commons-logging/1.2/commons-logging-1.2.jar
7ff4f5eea000-7ff4f5f01000 r--s 000fc000 08:01 558366                     /home/ant/.m2/repository/org/springframework/spring-core/4.3.13.RELEASE/spring-core-4.3.13.RELEASE.jar
7ff4f5f01000-7ff4f5f03000 r--s 00023000 08:01 558668                     /home/ant/.m2/repository/org/springframework/boot/spring-boot-loader-tools/1.5.9.RELEASE/spring-boot-loader-tools-1.5.9.RELEASE.jar
7ff4f5f03000-7ff4f5f05000 r--s 0000f000 08:01 558524                     /home/ant/.m2/repository/org/springframework/boot/spring-boot-maven-plugin/1.5.9.RELEASE/spring-boot-maven-plugin-1.5.9.RELEASE.jar
7ff4f5f05000-7ff4f5f08000 r--s 0001b000 08:01 31497                      /home/ant/.m2/repository/junit/junit/3.8.2/junit-3.8.2.jar
7ff4f5f08000-7ff4f5f16000 r--s 0008f000 08:01 31476                      /home/ant/.m2/repository/com/google/collections/google-collections/1.0/google-collections-1.0.jar
7ff4f5f16000-7ff4f5f17000 r--s 0000a000 08:01 31467                      /home/ant/.m2/repository/commons-logging/commons-logging-api/1.1/commons-logging-api-1.1.jar
7ff4f5f17000-7ff4f5f1e000 r--s 00051000 08:01 31461                      /home/ant/.m2/repository/log4j/log4j/1.2.12/log4j-1.2.12.jar
7ff4f5f1e000-7ff4f5f22000 r--s 0001d000 08:01 553724                     /home/ant/.m2/repository/org/apache/xbean/xbean-reflect/3.4/xbean-reflect-3.4.jar
7ff4f5f22000-7ff4f5f23000 r--s 00004000 08:01 554969                     /home/ant/.m2/repository/org/codehaus/plexus/plexus-compiler-javac/2.4/plexus-compiler-javac-2.4.jar
7ff4f5f23000-7ff4f5f25000 r--s 00000000 08:01 554967                     /home/ant/.m2/repository/org/codehaus/plexus/plexus-compiler-manager/2.4/plexus-compiler-manager-2.4.jar
7ff4f5f25000-7ff4f5f27000 r--s 00005000 08:01 554965                     /home/ant/.m2/repository/org/codehaus/plexus/plexus-compiler-api/2.4/plexus-compiler-api-2.4.jar
7ff4f5f27000-7ff4f5f29000 r--s 00000000 08:01 553711                     /home/ant/.m2/repository/org/codehaus/plexus/plexus-component-annotations/1.5.5/plexus-component-annotations-1.5.5.jar
7ff4f5f29000-7ff4f5f2b000 r--s 00002000 08:01 31432                      /home/ant/.m2/repository/org/apache/maven/shared/maven-shared-incremental/1.1/maven-shared-incremental-1.1.jar
7ff4f5f2b000-7ff4f5f2d000 r--s 00006000 08:01 30817                      /home/ant/.m2/repository/com/google/code/findbugs/jsr305/2.0.1/jsr305-2.0.1.jar
7ff4f5f2d000-7ff4f5f30000 r--s 00023000 08:01 31430                      /home/ant/.m2/repository/org/apache/maven/shared/maven-shared-utils/0.1/maven-shared-utils-0.1.jar
7ff4f5f30000-7ff4f5f34000 r--s 00030000 08:01 31402                      /home/ant/.m2/repository/org/codehaus/plexus/plexus-utils/1.5.1/plexus-utils-1.5.1.jar
7ff4f5f34000-7ff4f5f36000 r--s 0000a000 08:01 33409                      /home/ant/.m2/repository/org/apache/maven/plugins/maven-compiler-plugin/3.2/maven-compiler-plugin-3.2.jar
7ff4f5f36000-7ff4f6136000 rw-p 00000000 00:00 0 
7ff4f6136000-7ff4f6138000 r--s 0000d000 08:01 31494                      /home/ant/.m2/repository/org/codehaus/plexus/plexus-interpolation/1.13/plexus-interpolation-1.13.jar
7ff4f6138000-7ff4f6139000 r--s 00001000 08:01 553737                     /home/ant/.m2/repository/org/sonatype/plexus/plexus-build-api/0.0.4/plexus-build-api-0.0.4.jar
7ff4f6139000-7ff4f613b000 r--s 00009000 08:01 31486                      /home/ant/.m2/repository/org/apache/maven/shared/maven-filtering/1.1/maven-filtering-1.1.jar
7ff4f613b000-7ff4f613f000 r--s 00033000 08:01 31524                      /home/ant/.m2/repository/org/codehaus/plexus/plexus-utils/2.0.5/plexus-utils-2.0.5.jar
7ff4f613f000-7ff4f6142000 r--s 0001b000 08:01 31448                      /home/ant/.m2/repository/junit/junit/3.8.1/junit-3.8.1.jar
7ff4f6142000-7ff4f6144000 r--s 00002000 08:01 31516                      /home/ant/.m2/repository/org/codehaus/plexus/plexus-interactivity-api/1.0-alpha-4/plexus-interactivity-api-1.0-alpha-4.jar
7ff4f6144000-7ff4f6146000 r--s 00006000 08:01 31514                      /home/ant/.m2/repository/commons-cli/commons-cli/1.0/commons-cli-1.0.jar
7ff4f6146000-7ff4f6147000 r--s 00001000 08:01 31507                      /home/ant/.m2/repository/org/apache/maven/doxia/doxia-sink-api/1.0-alpha-7/doxia-sink-api-1.0-alpha-7.jar
7ff4f6147000-7ff4f6148000 r--s 00002000 08:01 31504                      /home/ant/.m2/repository/org/apache/maven/reporting/maven-reporting-api/2.0.6/maven-reporting-api-2.0.6.jar
7ff4f6148000-7ff4f614a000 r--s 00006000 08:01 553610                     /home/ant/.m2/repository/org/apache/maven/plugins/maven-resources-plugin/2.6/maven-resources-plugin-2.6.jar
7ff4f614a000-7ff4f615b000 r-xp 00000000 08:01 542028                     /usr/lib/jdk/jre/lib/amd64/libnio.so
7ff4f615b000-7ff4f635a000 ---p 00011000 08:01 542028                     /usr/lib/jdk/jre/lib/amd64/libnio.so
7ff4f635a000-7ff4f635b000 rw-p 00010000 08:01 542028                     /usr/lib/jdk/jre/lib/amd64/libnio.so
7ff4f635b000-7ff4f6372000 r-xp 00000000 08:01 542025                     /usr/lib/jdk/jre/lib/amd64/libnet.so
7ff4f6372000-7ff4f6571000 ---p 00017000 08:01 542025                     /usr/lib/jdk/jre/lib/amd64/libnet.so
7ff4f6571000-7ff4f6572000 rw-p 00016000 08:01 542025                     /usr/lib/jdk/jre/lib/amd64/libnet.so
7ff4f6572000-7ff4f6772000 rw-p 00000000 00:00 0 
7ff4f6772000-7ff4f6972000 rw-p 00000000 00:00 0 
7ff4f6972000-7ff4f6b72000 rw-p 00000000 00:00 0 
7ff4f6b72000-7ff4f6b7c000 r--s 00116000 08:01 541879                     /usr/lib/jdk/jre/lib/ext/localedata.jar
7ff4f6b7c000-7ff4f6b7e000 r-xp 00000000 08:01 186905                     /lib/x86_64-linux-gnu/libutil-2.23.so
7ff4f6b7e000-7ff4f6d7d000 ---p 00002000 08:01 186905                     /lib/x86_64-linux-gnu/libutil-2.23.so
7ff4f6d7d000-7ff4f6d7e000 r--p 00001000 08:01 186905                     /lib/x86_64-linux-gnu/libutil-2.23.so
7ff4f6d7e000-7ff4f6d7f000 rw-p 00002000 08:01 186905                     /lib/x86_64-linux-gnu/libutil-2.23.so
7ff4f6d7f000-7ff4f6d84000 r--s 0009a000 08:01 541868                     /usr/lib/jdk/jre/lib/jsse.jar
7ff4f6d84000-7ff4f6d8a000 r--s 00041000 08:01 542162                     /usr/lib/maven/lib/maven-compat-3.5.2.jar
7ff4f6d8a000-7ff4f6d8c000 r--s 0000f000 08:01 542151                     /usr/lib/maven/lib/maven-resolver-provider-3.5.2.jar
7ff4f6d8c000-7ff4f6d8d000 r--s 00000000 08:01 542147                     /usr/lib/maven/lib/javax.inject-1.jar
7ff4f6d8d000-7ff4f6d8e000 r--s 00002000 08:01 542166                     /usr/lib/maven/lib/wagon-file-2.12.jar
7ff4f6d8e000-7ff4f6d95000 r--s 00056000 08:01 542148                     /usr/lib/maven/lib/org.eclipse.sisu.inject-0.3.3.jar
7ff4f6d95000-7ff4f6d98000 r-xp 00000000 08:01 542108                     /usr/lib/maven/lib/jansi-native/linux64/libjansi.so
7ff4f6d98000-7ff4f6f97000 ---p 00003000 08:01 542108                     /usr/lib/maven/lib/jansi-native/linux64/libjansi.so
7ff4f6f97000-7ff4f6f98000 rw-p 00002000 08:01 542108                     /usr/lib/maven/lib/jansi-native/linux64/libjansi.so
7ff4f6f98000-7ff4f6f9c000 r--s 00020000 08:01 542152                     /usr/lib/maven/lib/maven-resolver-api-1.1.0.jar
7ff4f6f9c000-7ff4f6fa0000 r--s 0002f000 08:01 542157                     /usr/lib/maven/lib/commons-io-2.5.jar
7ff4f6fa0000-7ff4f6fa2000 r--s 0000c000 08:01 542161                     /usr/lib/maven/lib/commons-cli-1.4.jar
7ff4f6fa2000-7ff4f6fa3000 r--s 00003000 08:01 542133                     /usr/lib/maven/lib/maven-builder-support-3.5.2.jar
7ff4f6fa3000-7ff4f6fa7000 r--s 00023000 08:01 542154                     /usr/lib/maven/lib/maven-resolver-util-1.1.0.jar
7ff4f6fa7000-7ff4f6fa9000 r--s 00000000 08:01 542136                     /usr/lib/maven/lib/plexus-component-annotations-1.7.1.jar
7ff4f6fa9000-7ff4f6fac000 r--s 00008000 08:01 542145                     /usr/lib/maven/lib/cdi-api-1.0.jar
7ff4f6fac000-7ff4f6faf000 r--s 00025000 08:01 542156                     /usr/lib/maven/lib/maven-shared-utils-3.1.0.jar
7ff4f6faf000-7ff4f6fb3000 r--s 00028000 08:01 542149                     /usr/lib/maven/lib/maven-model-builder-3.5.2.jar
7ff4f6fb3000-7ff4f6fc0000 r--s 0008d000 08:01 542139                     /usr/lib/maven/lib/maven-core-3.5.2.jar
7ff4f6fc0000-7ff4f6fc3000 r--s 00015000 08:01 542129                     /usr/lib/maven/lib/maven-embedder-3.5.2.jar
7ff4f6fc3000-7ff4f6fc5000 r--s 0000c000 08:01 542142                     /usr/lib/maven/lib/maven-artifact-3.5.2.jar
7ff4f6fc5000-7ff4f6fcb000 r--s 0002d000 08:01 542144                     /usr/lib/maven/lib/org.eclipse.sisu.plexus-0.3.3.jar
7ff4f6fcb000-7ff4f6fce000 r--s 00011000 08:01 542135                     /usr/lib/maven/lib/plexus-interpolation-1.24.jar
7ff4f6fce000-7ff4f6ffd000 r--s 00226000 08:01 542150                     /usr/lib/maven/lib/guava-20.0.jar
7ff4f6ffd000-7ff4f6fff000 r--s 00003000 08:01 542165                     /usr/lib/maven/lib/jcl-over-slf4j-1.7.25.jar
7ff4f6fff000-7ff4f7001000 r--s 00000000 08:01 542159                     /usr/lib/maven/lib/aopalliance-1.0.jar
7ff4f7001000-7ff4f7009000 r--s 0006e000 08:01 542134                     /usr/lib/maven/lib/commons-lang3-3.5.jar
7ff4f7009000-7ff4f700a000 ---p 00000000 00:00 0 
7ff4f700a000-7ff4f710a000 rw-p 00000000 00:00 0 
7ff4f710a000-7ff4f710d000 ---p 00000000 00:00 0 
7ff4f710d000-7ff4f720b000 rw-p 00000000 00:00 0 
7ff4f720b000-7ff4f720e000 ---p 00000000 00:00 0 
7ff4f720e000-7ff4f730c000 rw-p 00000000 00:00 0 
7ff4f730c000-7ff4f730f000 ---p 00000000 00:00 0 
7ff4f730f000-7ff4f740d000 rw-p 00000000 00:00 0 
7ff4f740d000-7ff4f7410000 ---p 00000000 00:00 0 
7ff4f7410000-7ff4f750e000 rw-p 00000000 00:00 0 
7ff4f750e000-7ff4f7999000 r--p 00000000 08:01 394019                     /usr/lib/locale/locale-archive
7ff4f7999000-7ff4f799c000 ---p 00000000 00:00 0 
7ff4f799c000-7ff4f7a9a000 rw-p 00000000 00:00 0 
7ff4f7a9a000-7ff4f7a9d000 ---p 00000000 00:00 0 
7ff4f7a9d000-7ff4f7b9b000 rw-p 00000000 00:00 0 
7ff4f7b9b000-7ff4f7b9c000 ---p 00000000 00:00 0 
7ff4f7b9c000-7ff4f7c9c000 rw-p 00000000 00:00 0 
7ff4f7c9c000-7ff4f7e75000 r--s 03d5a000 08:01 541811                     /usr/lib/jdk/jre/lib/rt.jar
7ff4f7e75000-7ff4f86eb000 rw-p 00000000 00:00 0 
7ff4f86eb000-7ff4f8700000 rw-p 00000000 00:00 0 
7ff4f8700000-7ff4f8835000 ---p 00000000 00:00 0 
7ff4f8835000-7ff4f8840000 rw-p 00000000 00:00 0 
7ff4f8840000-7ff4f88d9000 ---p 00000000 00:00 0 
7ff4f88d9000-7ff4f88ef000 rw-p 00000000 00:00 0 
7ff4f88ef000-7ff4f8a23000 ---p 00000000 00:00 0 
7ff4f8a23000-7ff4f8a58000 rw-p 00000000 00:00 0 
7ff4f8a58000-7ff4f8de4000 ---p 00000000 00:00 0 
7ff4f8de4000-7ff4f9ad4000 rwxp 00000000 00:00 0 
7ff4f9ad4000-7ff507de4000 ---p 00000000 00:00 0 
7ff507de4000-7ff507dff000 r-xp 00000000 08:01 542021                     /usr/lib/jdk/jre/lib/amd64/libzip.so
7ff507dff000-7ff507fff000 ---p 0001b000 08:01 542021                     /usr/lib/jdk/jre/lib/amd64/libzip.so
7ff507fff000-7ff508000000 rw-p 0001b000 08:01 542021                     /usr/lib/jdk/jre/lib/amd64/libzip.so
7ff508000000-7ff508bd8000 rw-p 00000000 00:00 0 
7ff508bd8000-7ff50c000000 ---p 00000000 00:00 0 
7ff50c000000-7ff50c001000 r--s 00005000 08:01 542169                     /usr/lib/maven/lib/maven-slf4j-provider-3.5.2.jar
7ff50c001000-7ff50c002000 r--s 00001000 08:01 542146                     /usr/lib/maven/lib/jsr250-api-1.0.jar
7ff50c002000-7ff50c004000 r--s 0000c000 08:01 542163                     /usr/lib/maven/lib/wagon-provider-api-2.12.jar
7ff50c004000-7ff50c008000 r--s 0002a000 08:01 542155                     /usr/lib/maven/lib/maven-resolver-impl-1.1.0.jar
7ff50c008000-7ff50c011000 r--s 0005f000 08:01 542158                     /usr/lib/maven/lib/guice-4.0-no_aop.jar
7ff50c011000-7ff50c03d000 r--s 001e6000 08:01 542164                     /usr/lib/maven/lib/wagon-http-2.12-shaded.jar
7ff50c03d000-7ff50c048000 r-xp 00000000 08:01 186911                     /lib/x86_64-linux-gnu/libnss_files-2.23.so
7ff50c048000-7ff50c247000 ---p 0000b000 08:01 186911                     /lib/x86_64-linux-gnu/libnss_files-2.23.so
7ff50c247000-7ff50c248000 r--p 0000a000 08:01 186911                     /lib/x86_64-linux-gnu/libnss_files-2.23.so
7ff50c248000-7ff50c249000 rw-p 0000b000 08:01 186911                     /lib/x86_64-linux-gnu/libnss_files-2.23.so
7ff50c249000-7ff50c24f000 rw-p 00000000 00:00 0 
7ff50c24f000-7ff50c25a000 r-xp 00000000 08:01 186915                     /lib/x86_64-linux-gnu/libnss_nis-2.23.so
7ff50c25a000-7ff50c459000 ---p 0000b000 08:01 186915                     /lib/x86_64-linux-gnu/libnss_nis-2.23.so
7ff50c459000-7ff50c45a000 r--p 0000a000 08:01 186915                     /lib/x86_64-linux-gnu/libnss_nis-2.23.so
7ff50c45a000-7ff50c45b000 rw-p 0000b000 08:01 186915                     /lib/x86_64-linux-gnu/libnss_nis-2.23.so
7ff50c45b000-7ff50c471000 r-xp 00000000 08:01 186810                     /lib/x86_64-linux-gnu/libnsl-2.23.so
7ff50c471000-7ff50c670000 ---p 00016000 08:01 186810                     /lib/x86_64-linux-gnu/libnsl-2.23.so
7ff50c670000-7ff50c671000 r--p 00015000 08:01 186810                     /lib/x86_64-linux-gnu/libnsl-2.23.so
7ff50c671000-7ff50c672000 rw-p 00016000 08:01 186810                     /lib/x86_64-linux-gnu/libnsl-2.23.so
7ff50c672000-7ff50c674000 rw-p 00000000 00:00 0 
7ff50c674000-7ff50c67c000 r-xp 00000000 08:01 186906                     /lib/x86_64-linux-gnu/libnss_compat-2.23.so
7ff50c67c000-7ff50c87b000 ---p 00008000 08:01 186906                     /lib/x86_64-linux-gnu/libnss_compat-2.23.so
7ff50c87b000-7ff50c87c000 r--p 00007000 08:01 186906                     /lib/x86_64-linux-gnu/libnss_compat-2.23.so
7ff50c87c000-7ff50c87d000 rw-p 00008000 08:01 186906                     /lib/x86_64-linux-gnu/libnss_compat-2.23.so
7ff50c87d000-7ff50c8a8000 r-xp 00000000 08:01 542015                     /usr/lib/jdk/jre/lib/amd64/libjava.so
7ff50c8a8000-7ff50caa7000 ---p 0002b000 08:01 542015                     /usr/lib/jdk/jre/lib/amd64/libjava.so
7ff50caa7000-7ff50caa9000 rw-p 0002a000 08:01 542015                     /usr/lib/jdk/jre/lib/amd64/libjava.so
7ff50caa9000-7ff50cab6000 r-xp 00000000 08:01 542020                     /usr/lib/jdk/jre/lib/amd64/libverify.so
7ff50cab6000-7ff50ccb6000 ---p 0000d000 08:01 542020                     /usr/lib/jdk/jre/lib/amd64/libverify.so
7ff50ccb6000-7ff50ccb8000 rw-p 0000d000 08:01 542020                     /usr/lib/jdk/jre/lib/amd64/libverify.so
7ff50ccb8000-7ff50ccbf000 r-xp 00000000 08:01 186916                     /lib/x86_64-linux-gnu/librt-2.23.so
7ff50ccbf000-7ff50cebe000 ---p 00007000 08:01 186916                     /lib/x86_64-linux-gnu/librt-2.23.so
7ff50cebe000-7ff50cebf000 r--p 00006000 08:01 186916                     /lib/x86_64-linux-gnu/librt-2.23.so
7ff50cebf000-7ff50cec0000 rw-p 00007000 08:01 186916                     /lib/x86_64-linux-gnu/librt-2.23.so
7ff50cec0000-7ff50cfc8000 r-xp 00000000 08:01 186809                     /lib/x86_64-linux-gnu/libm-2.23.so
7ff50cfc8000-7ff50d1c7000 ---p 00108000 08:01 186809                     /lib/x86_64-linux-gnu/libm-2.23.so
7ff50d1c7000-7ff50d1c8000 r--p 00107000 08:01 186809                     /lib/x86_64-linux-gnu/libm-2.23.so
7ff50d1c8000-7ff50d1c9000 rw-p 00108000 08:01 186809                     /lib/x86_64-linux-gnu/libm-2.23.so
7ff50d1c9000-7ff50de9c000 r-xp 00000000 08:01 541998                     /usr/lib/jdk/jre/lib/amd64/server/libjvm.so
7ff50de9c000-7ff50e09b000 ---p 00cd3000 08:01 541998                     /usr/lib/jdk/jre/lib/amd64/server/libjvm.so
7ff50e09b000-7ff50e175000 rw-p 00cd2000 08:01 541998                     /usr/lib/jdk/jre/lib/amd64/server/libjvm.so
7ff50e175000-7ff50e1c0000 rw-p 00000000 00:00 0 
7ff50e1c0000-7ff50e380000 r-xp 00000000 08:01 186813                     /lib/x86_64-linux-gnu/libc-2.23.so
7ff50e380000-7ff50e580000 ---p 001c0000 08:01 186813                     /lib/x86_64-linux-gnu/libc-2.23.so
7ff50e580000-7ff50e584000 r--p 001c0000 08:01 186813                     /lib/x86_64-linux-gnu/libc-2.23.so
7ff50e584000-7ff50e586000 rw-p 001c4000 08:01 186813                     /lib/x86_64-linux-gnu/libc-2.23.so
7ff50e586000-7ff50e58a000 rw-p 00000000 00:00 0 
7ff50e58a000-7ff50e58d000 r-xp 00000000 08:01 186900                     /lib/x86_64-linux-gnu/libdl-2.23.so
7ff50e58d000-7ff50e78c000 ---p 00003000 08:01 186900                     /lib/x86_64-linux-gnu/libdl-2.23.so
7ff50e78c000-7ff50e78d000 r--p 00002000 08:01 186900                     /lib/x86_64-linux-gnu/libdl-2.23.so
7ff50e78d000-7ff50e78e000 rw-p 00003000 08:01 186900                     /lib/x86_64-linux-gnu/libdl-2.23.so
7ff50e78e000-7ff50e7a4000 r-xp 00000000 08:01 541626                     /usr/lib/jdk/lib/amd64/jli/libjli.so
7ff50e7a4000-7ff50e9a3000 ---p 00016000 08:01 541626                     /usr/lib/jdk/lib/amd64/jli/libjli.so
7ff50e9a3000-7ff50e9a4000 rw-p 00015000 08:01 541626                     /usr/lib/jdk/lib/amd64/jli/libjli.so
7ff50e9a4000-7ff50e9bc000 r-xp 00000000 08:01 186812                     /lib/x86_64-linux-gnu/libpthread-2.23.so
7ff50e9bc000-7ff50ebbb000 ---p 00018000 08:01 186812                     /lib/x86_64-linux-gnu/libpthread-2.23.so
7ff50ebbb000-7ff50ebbc000 r--p 00017000 08:01 186812                     /lib/x86_64-linux-gnu/libpthread-2.23.so
7ff50ebbc000-7ff50ebbd000 rw-p 00018000 08:01 186812                     /lib/x86_64-linux-gnu/libpthread-2.23.so
7ff50ebbd000-7ff50ebc1000 rw-p 00000000 00:00 0 
7ff50ebc1000-7ff50ebe7000 r-xp 00000000 08:01 186811                     /lib/x86_64-linux-gnu/ld-2.23.so
7ff50ebe7000-7ff50ebeb000 r--s 0003c000 08:01 542131                     /usr/lib/maven/lib/plexus-utils-3.1.0.jar
7ff50ebeb000-7ff50ebec000 r--s 0000a000 08:01 542130                     /usr/lib/maven/lib/maven-settings-3.5.2.jar
7ff50ebec000-7ff50ebee000 r--s 00002000 08:01 542138                     /usr/lib/maven/lib/plexus-cipher-1.7.jar
7ff50ebee000-7ff50ebf1000 r--s 00026000 08:01 542140                     /usr/lib/maven/lib/maven-model-3.5.2.jar
7ff50ebf1000-7ff50ebf4000 r--s 0003c000 08:01 542170                     /usr/lib/maven/lib/jansi-1.16.jar
7ff50ebf4000-7ff50ebf6000 r--s 00009000 08:01 542167                     /usr/lib/maven/lib/maven-resolver-connector-basic-1.1.0.jar
7ff50ebf6000-7ff50ebf8000 r--s 0000a000 08:01 542143                     /usr/lib/maven/lib/maven-plugin-api-3.5.2.jar
7ff50ebf8000-7ff50ecca000 rw-p 00000000 00:00 0 
7ff50ecca000-7ff50eccd000 ---p 00000000 00:00 0 
7ff50eccd000-7ff50edd0000 rw-p 00000000 00:00 0 
7ff50edd0000-7ff50edd1000 r--s 00006000 08:01 542141                     /usr/lib/maven/lib/maven-repository-metadata-3.5.2.jar
7ff50edd1000-7ff50edd2000 r--s 00006000 08:01 542137                     /usr/lib/maven/lib/plexus-sec-dispatcher-1.4.jar
7ff50edd2000-7ff50edd4000 r--s 00006000 08:01 542168                     /usr/lib/maven/lib/maven-resolver-transport-wagon-1.1.0.jar
7ff50edd4000-7ff50edd6000 r--s 00009000 08:01 542132                     /usr/lib/maven/lib/maven-settings-builder-3.5.2.jar
7ff50edd6000-7ff50edd8000 r--s 00007000 08:01 542153                     /usr/lib/maven/lib/maven-resolver-spi-1.1.0.jar
7ff50edd8000-7ff50edda000 r--s 00009000 08:01 542160                     /usr/lib/maven/lib/slf4j-api-1.7.25.jar
7ff50edda000-7ff50eddc000 r--s 0000b000 08:01 542128                     /usr/lib/maven/boot/plexus-classworlds-2.5.2.jar
7ff50eddc000-7ff50ede4000 rw-s 00000000 08:01 396489                     /tmp/hsperfdata_ant/9762
7ff50ede4000-7ff50ede5000 rw-p 00000000 00:00 0 
7ff50ede5000-7ff50ede6000 r--p 00000000 00:00 0 
7ff50ede6000-7ff50ede7000 r--p 00025000 08:01 186811                     /lib/x86_64-linux-gnu/ld-2.23.so
7ff50ede7000-7ff50ede8000 rw-p 00026000 08:01 186811                     /lib/x86_64-linux-gnu/ld-2.23.so
7ff50ede8000-7ff50ede9000 rw-p 00000000 00:00 0 
7ffd2fe08000-7ffd2fe29000 rw-p 00000000 00:00 0                          [stack]
7ffd2ffd1000-7ffd2ffd4000 r--p 00000000 00:00 0                          [vvar]
7ffd2ffd4000-7ffd2ffd6000 r-xp 00000000 00:00 0                          [vdso]
ffffffffff600000-ffffffffff601000 r-xp 00000000 00:00 0                  [vsyscall]

VM Arguments:
jvm_args: -Dclassworlds.conf=/usr/lib/maven/bin/m2.conf -Dmaven.home=/usr/lib/maven -Dlibrary.jansi.path=/usr/lib/maven/lib/jansi-native -Dmaven.multiModuleProjectDirectory=/home/ant/gitter/webapi 
java_command: org.codehaus.plexus.classworlds.launcher.Launcher spring-boot:run
java_class_path (initial): /usr/lib/maven/boot/plexus-classworlds-2.5.2.jar
Launcher Type: SUN_STANDARD

Environment Variables:
JAVA_HOME=/usr/lib/jdk
JRE_HOME=/usr/lib/jdk/jre
CLASSPATH=.:/usr/lib/jdk/lib:/usr/lib/jdk/jre/lib
PATH=/usr/lib/jdk/bin:/home/ant/bin:/home/ant/.local/bin:/usr/local/sbin:/usr/local/bin:/usr/sbin:/usr/bin:/sbin:/bin:/usr/games:/usr/local/games:/snap/bin
SHELL=/bin/bash
DISPLAY=:0

Signal Handlers:
SIGSEGV: [libjvm.so+0xacbe10], sa_mask[0]=11111111011111111101111111111110, sa_flags=SA_RESTART|SA_SIGINFO
SIGBUS: [libjvm.so+0xacbe10], sa_mask[0]=11111111011111111101111111111110, sa_flags=SA_RESTART|SA_SIGINFO
SIGFPE: [libjvm.so+0x924f90], sa_mask[0]=11111111011111111101111111111110, sa_flags=SA_RESTART|SA_SIGINFO
SIGPIPE: [libjvm.so+0x924f90], sa_mask[0]=11111111011111111101111111111110, sa_flags=SA_RESTART|SA_SIGINFO
SIGXFSZ: [libjvm.so+0x924f90], sa_mask[0]=11111111011111111101111111111110, sa_flags=SA_RESTART|SA_SIGINFO
SIGILL: [libjvm.so+0x924f90], sa_mask[0]=11111111011111111101111111111110, sa_flags=SA_RESTART|SA_SIGINFO
SIGUSR1: SIG_DFL, sa_mask[0]=00000000000000000000000000000000, sa_flags=none
SIGUSR2: [libjvm.so+0x9267d0], sa_mask[0]=00000000000000000000000000000000, sa_flags=SA_RESTART|SA_SIGINFO
SIGHUP: [libjvm.so+0x927bd0], sa_mask[0]=11111111011111111101111111111110, sa_flags=SA_RESTART|SA_SIGINFO
SIGINT: [libjvm.so+0x927bd0], sa_mask[0]=11111111011111111101111111111110, sa_flags=SA_RESTART|SA_SIGINFO
SIGTERM: [libjvm.so+0x927bd0], sa_mask[0]=11111111011111111101111111111110, sa_flags=SA_RESTART|SA_SIGINFO
SIGQUIT: [libjvm.so+0x927bd0], sa_mask[0]=11111111011111111101111111111110, sa_flags=SA_RESTART|SA_SIGINFO


---------------  S Y S T E M  ---------------

OS:DISTRIB_ID=Ubuntu
DISTRIB_RELEASE=16.04
DISTRIB_CODENAME=xenial
DISTRIB_DESCRIPTION="Ubuntu 16.04.3 LTS"

uname:Linux 4.13.0-31-generic #34~16.04.1-Ubuntu SMP Fri Jan 19 17:11:01 UTC 2018 x86_64
libc:glibc 2.23 NPTL 2.23 
rlimit: STACK 8192k, CORE 0k, NPROC 15576, NOFILE 1048576, AS infinity
load average:9.66 6.45 2.94

/proc/meminfo:
MemTotal:        4039988 kB
MemFree:          639056 kB
MemAvailable:    1521056 kB
Buffers:          181140 kB
Cached:           869024 kB
SwapCached:            0 kB
Active:          2694376 kB
Inactive:         488516 kB
Active(anon):    2133620 kB
Inactive(anon):    22464 kB
Active(file):     560756 kB
Inactive(file):   466052 kB
Unevictable:          64 kB
Mlocked:              64 kB
SwapTotal:       1046524 kB
SwapFree:        1046524 kB
Dirty:               140 kB
Writeback:             0 kB
AnonPages:       2132816 kB
Mapped:           290016 kB
Shmem:             23332 kB
Slab:             140620 kB
SReclaimable:     116624 kB
SUnreclaim:        23996 kB
KernelStack:        7584 kB
PageTables:        34792 kB
NFS_Unstable:          0 kB
Bounce:                0 kB
WritebackTmp:          0 kB
CommitLimit:     3066516 kB
Committed_AS:    4999384 kB
VmallocTotal:   34359738367 kB
VmallocUsed:           0 kB
VmallocChunk:          0 kB
HardwareCorrupted:     0 kB
AnonHugePages:         0 kB
ShmemHugePages:        0 kB
ShmemPmdMapped:        0 kB
CmaTotal:              0 kB
CmaFree:               0 kB
HugePages_Total:       0
HugePages_Free:        0
HugePages_Rsvd:        0
HugePages_Surp:        0
Hugepagesize:       2048 kB
DirectMap4k:       98240 kB
DirectMap2M:     4096000 kB


CPU:total 1 (initial active 1) (1 cores per cpu, 1 threads per core) family 6 model 78 stepping 3, cmov, cx8, fxsr, mmx, sse, sse2, sse3, ssse3, sse4.1, sse4.2, popcnt, avx, avx2, aes, clmul, 3dnowpref, lzcnt, tsc, tscinvbit

/proc/cpuinfo:
processor	: 0
vendor_id	: GenuineIntel
cpu family	: 6
model		: 78
model name	: Intel(R) Core(TM) i7-6500U CPU @ 2.50GHz
stepping	: 3
cpu MHz		: 2591.996
cache size	: 4096 KB
physical id	: 0
siblings	: 1
core id		: 0
cpu cores	: 1
apicid		: 0
initial apicid	: 0
fpu		: yes
fpu_exception	: yes
cpuid level	: 22
wp		: yes
flags		: fpu vme de pse tsc msr pae mce cx8 apic sep mtrr pge mca cmov pat pse36 clflush mmx fxsr sse sse2 syscall nx rdtscp lm constant_tsc rep_good nopl xtopology nonstop_tsc cpuid pni pclmulqdq monitor ssse3 cx16 sse4_1 sse4_2 x2apic movbe popcnt aes xsave avx rdrand hypervisor lahf_lm abm 3dnowprefetch pti avx2 rdseed clflushopt
bugs		: cpu_meltdown spectre_v1 spectre_v2
bogomips	: 5183.99
clflush size	: 64
cache_alignment	: 64
address sizes	: 39 bits physical, 48 bits virtual
power management:



Memory: 4k page, physical 4039988k(639056k free), swap 1046524k(1046524k free)

vm_info: Java HotSpot(TM) 64-Bit Server VM (25.151-b12) for linux-amd64 JRE (1.8.0_151-b12), built on Sep  5 2017 19:20:58 by "java_re" with gcc 4.3.0 20080428 (Red Hat 4.3.0-8)

time: Tue Jan 23 18:40:42 2018
elapsed time: 33 seconds (0d 0h 0m 33s)

