#
# A fatal error has been detected by the Java Runtime Environment:
#
#  SIGSEGV (0xb) at pc=0x00007f50ee477512, pid=28702, tid=0x00007f50b4ffe700
#
# JRE version: Java(TM) SE Runtime Environment (8.0_151-b12) (build 1.8.0_151-b12)
# Java VM: Java HotSpot(TM) 64-Bit Server VM (25.151-b12 mixed mode linux-amd64 compressed oops)
# Problematic frame:
# C  [libc.so.6+0x84512]  cfree+0x22
#
# Failed to write core dump. Core dumps have been disabled. To enable core dumping, try "ulimit -c unlimited" before starting Java again
#
# If you would like to submit a bug report, please visit:
#   http://bugreport.java.com/bugreport/crash.jsp
# The crash happened outside the Java Virtual Machine in native code.
# See problematic frame for where to report the bug.
#

---------------  T H R E A D  ---------------

Current thread (0x00007f50e8aa3800):  JavaThread "http-nio-0.0.0.0-8080-exec-3" daemon [_thread_in_native, id=28734, stack(0x00007f50b4efe000,0x00007f50b4fff000)]

siginfo: si_signo: 11 (SIGSEGV), si_code: 128 (SI_KERNEL), si_addr: 0x0000000000000000

Registers:
RAX=0x0000000000000000, RBX=0x00007f50b4ff9608, RCX=0x00007f50c01dbb00, RDX=0x0000000000000016
RSP=0x00007f50b4ff9280, RBP=0x00007f50b4ff92e0, RSI=0x00007f50c0000028, RDI=0x9d84e56a57f6bcc0
R8 =0x00007f50c0271ae0, R9 =0x0000000000000000, R10=0x00000000000000f8, R11=0x00007f50b42e943a
R12=0x0000000000000000, R13=0x00007f50b4ff9ee0, R14=0x00007f50b4ff9430, R15=0x0000000000000002
RIP=0x00007f50ee477512, EFLAGS=0x0000000000010286, CSGSFS=0x002b000000000033, ERR=0x0000000000000000
  TRAPNO=0x000000000000000d

Top of Stack: (sp=0x00007f50b4ff9280)
0x00007f50b4ff9280:   00007f50b4ff9ee0 00007f50b4ff9430
0x00007f50b4ff9290:   0000000000000002 00007f50ee47753c
0x00007f50b4ff92a0:   00007f50b4ff9330 00007f50b4ff9608
0x00007f50b4ff92b0:   00007f50b4ff92e0 0000000000000000
0x00007f50b4ff92c0:   00007f50b4ff9ee0 00007f50b42e946a
0x00007f50b4ff92d0:   00007f50b4ff9330 00007f50c01dbae0
0x00007f50b4ff92e0:   00007f50b4ff9330 00007f50b42e99d2
0x00007f50b4ff92f0:   00007f50c02718f0 00007f50c01a4910
0x00007f50b4ff9300:   00007f50c01dbae0 00007f50c0271930
0x00007f50b4ff9310:   0000000000000000 00007f50c01dbae0
0x00007f50b4ff9320:   00007f50c01dbbd0 00007f50c0271ae0
0x00007f50b4ff9330:   00007f50b4ff93d0 00007f50b42e95b4
0x00007f50b4ff9340:   00007f50c01dba10 00007f500000005f
0x00007f50b4ff9350:   00007f50d85a9506 0000000000000000
0x00007f50b4ff9360:   0000000000000087 000000000000070b
0x00007f50b4ff9370:   000000000000005f 00007f50b42e9568
0x00007f50b4ff9380:   00007f50c02719b0 00007f50c01a4910
0x00007f50b4ff9390:   00007f50c0271aa0 00007f50c0271910
0x00007f50b4ff93a0:   00007f50c02718f0 00007f50c0271930
0x00007f50b4ff93b0:   0000000000000000 00007f50c0271910
0x00007f50b4ff93c0:   00007f50b4ff9608 00007f50b80c3c10
0x00007f50b4ff93d0:   00007f50b4ff9460 00007f50b42e9bb3
0x00007f50b4ff93e0:   00007f50c02719f0 000000000000001e
0x00007f50b4ff93f0:   00007f50b4ff9307 00007f50c02718b0
0x00007f50b4ff9400:   0000000000000000 0000000000000d85
0x00007f50b4ff9410:   000000000000001e 00007f50b42e9a72
0x00007f50b4ff9420:   00007f50c02718d0 00007f50c01a4910
0x00007f50b4ff9430:   00007f50c01da9f0 00007f50c02719b0
0x00007f50b4ff9440:   0000000000000000 00007f50c0271890
0x00007f50b4ff9450:   00007f50c0271930 0000000000000000
0x00007f50b4ff9460:   00007f50b4ff9490 00007f50b42e9d66
0x00007f50b4ff9470:   00007f50c01da9f0 00007f50c01a4910 

Instructions: (pc=0x00007f50ee477512)
0x00007f50ee4774f2:   41 54 55 53 48 83 ec 28 48 8b 05 f7 f9 33 00 48
0x00007f50ee477502:   8b 00 48 85 c0 0f 85 d3 00 00 00 48 85 ff 74 2a
0x00007f50ee477512:   48 8b 47 f8 48 8d 77 f0 a8 02 75 32 a8 04 48 8d
0x00007f50ee477522:   3d f9 05 34 00 74 0c 48 89 f0 48 25 00 00 00 fc 

Register to memory mapping:

RAX=0x0000000000000000 is an unknown value
RBX=0x00007f50b4ff9608 is pointing into the stack for thread: 0x00007f50e8aa3800
RCX=0x00007f50c01dbb00 is an unknown value
RDX=0x0000000000000016 is an unknown value
RSP=0x00007f50b4ff9280 is pointing into the stack for thread: 0x00007f50e8aa3800
RBP=0x00007f50b4ff92e0 is pointing into the stack for thread: 0x00007f50e8aa3800
RSI=0x00007f50c0000028 is an unknown value
RDI=0x9d84e56a57f6bcc0 is an unknown value
R8 =0x00007f50c0271ae0 is an unknown value
R9 =0x0000000000000000 is an unknown value
R10=0x00000000000000f8 is an unknown value
R11=0x00007f50b42e943a: __gitpack_dtor_item+0 in /home/ant/gitter/webapi/target/classes/libgkid.so at 0x00007f50b42e2000
R12=0x0000000000000000 is an unknown value
R13=0x00007f50b4ff9ee0 is pointing into the stack for thread: 0x00007f50e8aa3800
R14=0x00007f50b4ff9430 is pointing into the stack for thread: 0x00007f50e8aa3800
R15=0x0000000000000002 is an unknown value


Stack: [0x00007f50b4efe000,0x00007f50b4fff000],  sp=0x00007f50b4ff9280,  free space=1004k
Native frames: (J=compiled Java code, j=interpreted, Vv=VM code, C=native code)
C  [libc.so.6+0x84512]  cfree+0x22
C  [libgkid.so+0x79d2]  __gitpack_ofsdelta_patch+0x23d
C  [libgkid.so+0x75b4]  __gitpack_refdelta_patch+0x11e
C  [libgkid.so+0x7bb3]  __gitpack_get_obj__common+0x1db
C  [libgkid.so+0x7d66]  __gitpack_getobj__charstring+0x106
C  [libgkid.so+0xa756]  gitrepo_get_gitobj+0x106
C  [jna6846350029710086144.tmp+0x1265c]  ffi_call_unix64+0x4c
C  0x00007f50b4ff9f60

Java frames: (J=compiled Java code, j=interpreted, Vv=VM code)
j  com.sun.jna.Native.invokePointer(JI[Ljava/lang/Object;)J+0
j  com.sun.jna.Function.invokePointer(I[Ljava/lang/Object;)Lcom/sun/jna/Pointer;+6
j  com.sun.jna.Function.invoke([Ljava/lang/Object;Ljava/lang/Class;Z)Ljava/lang/Object;+414
j  com.sun.jna.Function.invoke(Ljava/lang/reflect/Method;[Ljava/lang/Class;Ljava/lang/Class;[Ljava/lang/Object;Ljava/util/Map;)Ljava/lang/Object;+249
j  com.sun.jna.Library$Handler.invoke(Ljava/lang/Object;Ljava/lang/reflect/Method;[Ljava/lang/Object;)Ljava/lang/Object;+348
j  com.sun.proxy.$Proxy70.gitrepo_get_gitobj(Lcom/sun/jna/Pointer;Ljava/lang/String;)Lcom/sun/jna/Pointer;+20
j  indi.gscienty.gitterkid.repo.GitObject.<init>(Lindi/gscienty/gitterkid/repo/Repository;Ljava/lang/String;)V+42
j  indi.gscienty.gitterkid.repo.GitTree.<init>(Lindi/gscienty/gitterkid/repo/Repository;Ljava/lang/String;)V+3
j  indi.gscienty.gitterkid.repo.GitCommit.getTree()Lindi/gscienty/gitterkid/repo/GitTree;+31
j  indi.gscienty.gitterkid.services.GitCommitService.getTree(Ljava/lang/String;)Lindi/gscienty/gitterkid/repo/GitTree;+13
j  indi.gscienty.gitterkid.webapi.controllers.RepositoryController.getTree(Ljavax/servlet/http/HttpServletRequest;Ljava/lang/String;Ljava/lang/String;Ljava/lang/String;Ljava/lang/String;Lindi/gscienty/gitterkid/webapi/entities/CommitServiceWrapper;Lorg/springframework/validation/BindingResult;)Ljava/util/List;+7
j  indi.gscienty.gitterkid.webapi.controllers.RepositoryController$$FastClassBySpringCGLIB$$57191cc4.invoke(ILjava/lang/Object;[Ljava/lang/Object;)Ljava/lang/Object;+189
j  org.springframework.cglib.proxy.MethodProxy.invoke(Ljava/lang/Object;[Ljava/lang/Object;)Ljava/lang/Object;+19
j  org.springframework.aop.framework.CglibAopProxy$CglibMethodInvocation.invokeJoinpoint()Ljava/lang/Object;+19
j  org.springframework.aop.framework.ReflectiveMethodInvocation.proceed()Ljava/lang/Object;+19
j  org.springframework.aop.aspectj.MethodInvocationProceedingJoinPoint.proceed([Ljava/lang/Object;)Ljava/lang/Object;+92
j  indi.gscienty.gitterkid.webapi.aspect.RepositoryControllerAspect.aroundGetTree(Lorg/aspectj/lang/ProceedingJoinPoint;)Ljava/lang/Object;+169
v  ~StubRoutines::call_stub
J 1792  sun.reflect.NativeMethodAccessorImpl.invoke0(Ljava/lang/reflect/Method;Ljava/lang/Object;[Ljava/lang/Object;)Ljava/lang/Object; (0 bytes) @ 0x00007f50d8bc69f7 [0x00007f50d8bc6980+0x77]
J 1791 C1 sun.reflect.NativeMethodAccessorImpl.invoke(Ljava/lang/Object;[Ljava/lang/Object;)Ljava/lang/Object; (104 bytes) @ 0x00007f50d8bcb495 [0x00007f50d8bca300+0x1195]
J 939 C1 sun.reflect.DelegatingMethodAccessorImpl.invoke(Ljava/lang/Object;[Ljava/lang/Object;)Ljava/lang/Object; (10 bytes) @ 0x00007f50d891e6a1 [0x00007f50d891e580+0x121]
J 942 C1 java.lang.reflect.Method.invoke(Ljava/lang/Object;[Ljava/lang/Object;)Ljava/lang/Object; (62 bytes) @ 0x00007f50d891ee2c [0x00007f50d891ea20+0x40c]
j  org.springframework.aop.aspectj.AbstractAspectJAdvice.invokeAdviceMethodWithGivenArgs([Ljava/lang/Object;)Ljava/lang/Object;+36
j  org.springframework.aop.aspectj.AbstractAspectJAdvice.invokeAdviceMethod(Lorg/aspectj/lang/JoinPoint;Lorg/aspectj/weaver/tools/JoinPointMatch;Ljava/lang/Object;Ljava/lang/Throwable;)Ljava/lang/Object;+10
j  org.springframework.aop.aspectj.AspectJAroundAdvice.invoke(Lorg/aopalliance/intercept/MethodInvocation;)Ljava/lang/Object;+58
j  org.springframework.aop.framework.ReflectiveMethodInvocation.proceed()Ljava/lang/Object;+101
j  org.springframework.aop.interceptor.ExposeInvocationInterceptor.invoke(Lorg/aopalliance/intercept/MethodInvocation;)Ljava/lang/Object;+18
j  org.springframework.aop.framework.ReflectiveMethodInvocation.proceed()Ljava/lang/Object;+101
j  org.springframework.aop.framework.CglibAopProxy$DynamicAdvisedInterceptor.intercept(Ljava/lang/Object;Ljava/lang/reflect/Method;[Ljava/lang/Object;Lorg/springframework/cglib/proxy/MethodProxy;)Ljava/lang/Object;+120
j  indi.gscienty.gitterkid.webapi.controllers.RepositoryController$$EnhancerBySpringCGLIB$$42deb0d5.getTree(Ljavax/servlet/http/HttpServletRequest;Ljava/lang/String;Ljava/lang/String;Ljava/lang/String;Ljava/lang/String;Lindi/gscienty/gitterkid/webapi/entities/CommitServiceWrapper;Lorg/springframework/validation/BindingResult;)Ljava/util/List;+66
v  ~StubRoutines::call_stub
J 1792  sun.reflect.NativeMethodAccessorImpl.invoke0(Ljava/lang/reflect/Method;Ljava/lang/Object;[Ljava/lang/Object;)Ljava/lang/Object; (0 bytes) @ 0x00007f50d8bc69f7 [0x00007f50d8bc6980+0x77]
J 1791 C1 sun.reflect.NativeMethodAccessorImpl.invoke(Ljava/lang/Object;[Ljava/lang/Object;)Ljava/lang/Object; (104 bytes) @ 0x00007f50d8bcb495 [0x00007f50d8bca300+0x1195]
J 939 C1 sun.reflect.DelegatingMethodAccessorImpl.invoke(Ljava/lang/Object;[Ljava/lang/Object;)Ljava/lang/Object; (10 bytes) @ 0x00007f50d891e6a1 [0x00007f50d891e580+0x121]
J 942 C1 java.lang.reflect.Method.invoke(Ljava/lang/Object;[Ljava/lang/Object;)Ljava/lang/Object; (62 bytes) @ 0x00007f50d891ee2c [0x00007f50d891ea20+0x40c]
j  org.springframework.web.method.support.InvocableHandlerMethod.doInvoke([Ljava/lang/Object;)Ljava/lang/Object;+16
j  org.springframework.web.method.support.InvocableHandlerMethod.invokeForRequest(Lorg/springframework/web/context/request/NativeWebRequest;Lorg/springframework/web/method/support/ModelAndViewContainer;[Ljava/lang/Object;)Ljava/lang/Object;+75
j  org.springframework.web.servlet.mvc.method.annotation.ServletInvocableHandlerMethod.invokeAndHandle(Lorg/springframework/web/context/request/ServletWebRequest;Lorg/springframework/web/method/support/ModelAndViewContainer;[Ljava/lang/Object;)V+4
j  org.springframework.web.servlet.mvc.method.annotation.RequestMappingHandlerAdapter.invokeHandlerMethod(Ljavax/servlet/http/HttpServletRequest;Ljavax/servlet/http/HttpServletResponse;Lorg/springframework/web/method/HandlerMethod;)Lorg/springframework/web/servlet/ModelAndView;+262
j  org.springframework.web.servlet.mvc.method.annotation.RequestMappingHandlerAdapter.handleInternal(Ljavax/servlet/http/HttpServletRequest;Ljavax/servlet/http/HttpServletResponse;Lorg/springframework/web/method/HandlerMethod;)Lorg/springframework/web/servlet/ModelAndView;+81
j  org.springframework.web.servlet.mvc.method.AbstractHandlerMethodAdapter.handle(Ljavax/servlet/http/HttpServletRequest;Ljavax/servlet/http/HttpServletResponse;Ljava/lang/Object;)Lorg/springframework/web/servlet/ModelAndView;+7
j  org.springframework.web.servlet.DispatcherServlet.doDispatch(Ljavax/servlet/http/HttpServletRequest;Ljavax/servlet/http/HttpServletResponse;)V+318
j  org.springframework.web.servlet.DispatcherServlet.doService(Ljavax/servlet/http/HttpServletRequest;Ljavax/servlet/http/HttpServletResponse;)V+301
j  org.springframework.web.servlet.FrameworkServlet.processRequest(Ljavax/servlet/http/HttpServletRequest;Ljavax/servlet/http/HttpServletResponse;)V+71
j  org.springframework.web.servlet.FrameworkServlet.doGet(Ljavax/servlet/http/HttpServletRequest;Ljavax/servlet/http/HttpServletResponse;)V+3
j  javax.servlet.http.HttpServlet.service(Ljavax/servlet/http/HttpServletRequest;Ljavax/servlet/http/HttpServletResponse;)V+35
j  org.springframework.web.servlet.FrameworkServlet.service(Ljavax/servlet/http/HttpServletRequest;Ljavax/servlet/http/HttpServletResponse;)V+33
j  javax.servlet.http.HttpServlet.service(Ljavax/servlet/ServletRequest;Ljavax/servlet/ServletResponse;)V+30
j  org.apache.catalina.core.ApplicationFilterChain.internalDoFilter(Ljavax/servlet/ServletRequest;Ljavax/servlet/ServletResponse;)V+304
j  org.apache.catalina.core.ApplicationFilterChain.doFilter(Ljavax/servlet/ServletRequest;Ljavax/servlet/ServletResponse;)V+101
j  org.apache.tomcat.websocket.server.WsFilter.doFilter(Ljavax/servlet/ServletRequest;Ljavax/servlet/ServletResponse;Ljavax/servlet/FilterChain;)V+21
j  org.apache.catalina.core.ApplicationFilterChain.internalDoFilter(Ljavax/servlet/ServletRequest;Ljavax/servlet/ServletResponse;)V+135
j  org.apache.catalina.core.ApplicationFilterChain.doFilter(Ljavax/servlet/ServletRequest;Ljavax/servlet/ServletResponse;)V+101
j  org.springframework.web.filter.RequestContextFilter.doFilterInternal(Ljavax/servlet/http/HttpServletRequest;Ljavax/servlet/http/HttpServletResponse;Ljavax/servlet/FilterChain;)V+21
j  org.springframework.web.filter.OncePerRequestFilter.doFilter(Ljavax/servlet/ServletRequest;Ljavax/servlet/ServletResponse;Ljavax/servlet/FilterChain;)V+111
j  org.apache.catalina.core.ApplicationFilterChain.internalDoFilter(Ljavax/servlet/ServletRequest;Ljavax/servlet/ServletResponse;)V+135
j  org.apache.catalina.core.ApplicationFilterChain.doFilter(Ljavax/servlet/ServletRequest;Ljavax/servlet/ServletResponse;)V+101
j  org.springframework.web.filter.HttpPutFormContentFilter.doFilterInternal(Ljavax/servlet/http/HttpServletRequest;Ljavax/servlet/http/HttpServletResponse;Ljavax/servlet/FilterChain;)V+95
j  org.springframework.web.filter.OncePerRequestFilter.doFilter(Ljavax/servlet/ServletRequest;Ljavax/servlet/ServletResponse;Ljavax/servlet/FilterChain;)V+111
j  org.apache.catalina.core.ApplicationFilterChain.internalDoFilter(Ljavax/servlet/ServletRequest;Ljavax/servlet/ServletResponse;)V+135
j  org.apache.catalina.core.ApplicationFilterChain.doFilter(Ljavax/servlet/ServletRequest;Ljavax/servlet/ServletResponse;)V+101
j  org.springframework.web.filter.HiddenHttpMethodFilter.doFilterInternal(Ljavax/servlet/http/HttpServletRequest;Ljavax/servlet/http/HttpServletResponse;Ljavax/servlet/FilterChain;)V+64
j  org.springframework.web.filter.OncePerRequestFilter.doFilter(Ljavax/servlet/ServletRequest;Ljavax/servlet/ServletResponse;Ljavax/servlet/FilterChain;)V+111
j  org.apache.catalina.core.ApplicationFilterChain.internalDoFilter(Ljavax/servlet/ServletRequest;Ljavax/servlet/ServletResponse;)V+135
j  org.apache.catalina.core.ApplicationFilterChain.doFilter(Ljavax/servlet/ServletRequest;Ljavax/servlet/ServletResponse;)V+101
j  org.springframework.web.filter.CharacterEncodingFilter.doFilterInternal(Ljavax/servlet/http/HttpServletRequest;Ljavax/servlet/http/HttpServletResponse;Ljavax/servlet/FilterChain;)V+53
j  org.springframework.web.filter.OncePerRequestFilter.doFilter(Ljavax/servlet/ServletRequest;Ljavax/servlet/ServletResponse;Ljavax/servlet/FilterChain;)V+111
j  org.apache.catalina.core.ApplicationFilterChain.internalDoFilter(Ljavax/servlet/ServletRequest;Ljavax/servlet/ServletResponse;)V+135
j  org.apache.catalina.core.ApplicationFilterChain.doFilter(Ljavax/servlet/ServletRequest;Ljavax/servlet/ServletResponse;)V+101
j  org.apache.catalina.core.StandardWrapperValve.invoke(Lorg/apache/catalina/connector/Request;Lorg/apache/catalina/connector/Response;)V+688
j  org.apache.catalina.core.StandardContextValve.invoke(Lorg/apache/catalina/connector/Request;Lorg/apache/catalina/connector/Response;)V+166
j  org.apache.catalina.authenticator.AuthenticatorBase.invoke(Lorg/apache/catalina/connector/Request;Lorg/apache/catalina/connector/Response;)V+272
j  org.apache.catalina.core.StandardHostValve.invoke(Lorg/apache/catalina/connector/Request;Lorg/apache/catalina/connector/Response;)V+138
j  org.apache.catalina.valves.ErrorReportValve.invoke(Lorg/apache/catalina/connector/Request;Lorg/apache/catalina/connector/Response;)V+6
j  org.apache.catalina.core.StandardEngineValve.invoke(Lorg/apache/catalina/connector/Request;Lorg/apache/catalina/connector/Response;)V+71
j  org.apache.catalina.connector.CoyoteAdapter.service(Lorg/apache/coyote/Request;Lorg/apache/coyote/Response;)V+199
j  org.apache.coyote.http11.Http11Processor.service(Lorg/apache/tomcat/util/net/SocketWrapperBase;)Lorg/apache/tomcat/util/net/AbstractEndpoint$Handler$SocketState;+806
j  org.apache.coyote.AbstractProcessorLight.process(Lorg/apache/tomcat/util/net/SocketWrapperBase;Lorg/apache/tomcat/util/net/SocketEvent;)Lorg/apache/tomcat/util/net/AbstractEndpoint$Handler$SocketState;+113
j  org.apache.coyote.AbstractProtocol$ConnectionHandler.process(Lorg/apache/tomcat/util/net/SocketWrapperBase;Lorg/apache/tomcat/util/net/SocketEvent;)Lorg/apache/tomcat/util/net/AbstractEndpoint$Handler$SocketState;+378
j  org.apache.tomcat.util.net.NioEndpoint$SocketProcessor.doRun()V+191
j  org.apache.tomcat.util.net.SocketProcessorBase.run()V+21
j  java.util.concurrent.ThreadPoolExecutor.runWorker(Ljava/util/concurrent/ThreadPoolExecutor$Worker;)V+95
j  java.util.concurrent.ThreadPoolExecutor$Worker.run()V+5
j  org.apache.tomcat.util.threads.TaskThread$WrappingRunnable.run()V+4
j  java.lang.Thread.run()V+11
v  ~StubRoutines::call_stub

---------------  P R O C E S S  ---------------

Java Threads: ( => current thread )
  0x00007f50b80bb000 JavaThread "process reaper" daemon [_thread_blocked, id=28766, stack(0x00007f50d478b000,0x00007f50d47c4000)]
  0x00007f50e800e000 JavaThread "DestroyJavaVM" [_thread_blocked, id=28704, stack(0x00007f50eeefd000,0x00007f50eeffe000)]
  0x00007f50e8ad1000 JavaThread "http-nio-0.0.0.0-8080-AsyncTimeout" daemon [_thread_blocked, id=28744, stack(0x00007f50b44f4000,0x00007f50b45f5000)]
  0x00007f50e8ab4800 JavaThread "http-nio-0.0.0.0-8080-Acceptor-0" daemon [_thread_in_native, id=28743, stack(0x00007f50b45f5000,0x00007f50b46f6000)]
  0x00007f50e8ace800 JavaThread "http-nio-0.0.0.0-8080-ClientPoller-0" daemon [_thread_in_native, id=28742, stack(0x00007f50b46f6000,0x00007f50b47f7000)]
  0x00007f50e8ab1800 JavaThread "http-nio-0.0.0.0-8080-exec-10" daemon [_thread_blocked, id=28741, stack(0x00007f50b47f7000,0x00007f50b48f8000)]
  0x00007f50e8aaf800 JavaThread "http-nio-0.0.0.0-8080-exec-9" daemon [_thread_blocked, id=28740, stack(0x00007f50b48f8000,0x00007f50b49f9000)]
  0x00007f50e8aad000 JavaThread "http-nio-0.0.0.0-8080-exec-8" daemon [_thread_blocked, id=28739, stack(0x00007f50b49f9000,0x00007f50b4afa000)]
  0x00007f50e8aab000 JavaThread "http-nio-0.0.0.0-8080-exec-7" daemon [_thread_blocked, id=28738, stack(0x00007f50b4afa000,0x00007f50b4bfb000)]
  0x00007f50e8aa9800 JavaThread "http-nio-0.0.0.0-8080-exec-6" daemon [_thread_blocked, id=28737, stack(0x00007f50b4bfb000,0x00007f50b4cfc000)]
  0x00007f50e8aa7800 JavaThread "http-nio-0.0.0.0-8080-exec-5" daemon [_thread_blocked, id=28736, stack(0x00007f50b4cfc000,0x00007f50b4dfd000)]
  0x00007f50e8aa5800 JavaThread "http-nio-0.0.0.0-8080-exec-4" daemon [_thread_blocked, id=28735, stack(0x00007f50b4dfd000,0x00007f50b4efe000)]
=>0x00007f50e8aa3800 JavaThread "http-nio-0.0.0.0-8080-exec-3" daemon [_thread_in_native, id=28734, stack(0x00007f50b4efe000,0x00007f50b4fff000)]
  0x00007f50e8aa1800 JavaThread "http-nio-0.0.0.0-8080-exec-2" daemon [_thread_blocked, id=28733, stack(0x00007f50d40f9000,0x00007f50d41fa000)]
  0x00007f50e8aa0000 JavaThread "http-nio-0.0.0.0-8080-exec-1" daemon [_thread_blocked, id=28732, stack(0x00007f50d41fa000,0x00007f50d42fb000)]
  0x00007f50e8a9d000 JavaThread "NioBlockingSelector.BlockPoller-1" daemon [_thread_in_native, id=28731, stack(0x00007f50d4557000,0x00007f50d4658000)]
  0x00007f50e8904000 JavaThread "container-0" [_thread_blocked, id=28730, stack(0x00007f50d4adc000,0x00007f50d4bdd000)]
  0x00007f50e88fc000 JavaThread "ContainerBackgroundProcessor[StandardEngine[Tomcat]]" daemon [_thread_blocked, id=28729, stack(0x00007f50d4bdd000,0x00007f50d4cde000)]
  0x00007f50e80db000 JavaThread "Service Thread" daemon [_thread_blocked, id=28723, stack(0x00007f50d6a0e000,0x00007f50d6b0f000)]
  0x00007f50e80c5800 JavaThread "C1 CompilerThread1" daemon [_thread_in_native, id=28722, stack(0x00007f50d6b0f000,0x00007f50d6c10000)]
  0x00007f50e80c3800 JavaThread "C2 CompilerThread0" daemon [_thread_in_native, id=28721, stack(0x00007f50d6c10000,0x00007f50d6d11000)]
  0x00007f50c4001000 JavaThread "JDWP Command Reader" daemon [_thread_in_native, id=28717, stack(0x00007f50d6d11000,0x00007f50d6e12000)]
  0x00007f50e80c1000 JavaThread "JDWP Event Helper Thread" daemon [_thread_blocked, id=28716, stack(0x00007f50d6e12000,0x00007f50d6f13000)]
  0x00007f50e80bd800 JavaThread "JDWP Transport Listener: dt_socket" daemon [_thread_blocked, id=28715, stack(0x00007f50d6f13000,0x00007f50d7014000)]
  0x00007f50e80b0800 JavaThread "Signal Dispatcher" daemon [_thread_blocked, id=28713, stack(0x00007f50d7218000,0x00007f50d7319000)]
  0x00007f50e807e800 JavaThread "Finalizer" daemon [_thread_blocked, id=28711, stack(0x00007f50d7319000,0x00007f50d741a000)]
  0x00007f50e807a000 JavaThread "Reference Handler" daemon [_thread_blocked, id=28710, stack(0x00007f50d741a000,0x00007f50d751b000)]

Other Threads:
  0x00007f50e8072800 VMThread [stack: 0x00007f50d751b000,0x00007f50d761c000] [id=28708]
  0x00007f50e80e1000 WatcherThread [stack: 0x00007f50d690d000,0x00007f50d6a0e000] [id=28724]

VM state:not at safepoint (normal execution)

VM Mutex/Monitor currently owned by a thread: None

Heap:
 def new generation   total 19136K, used 8730K [0x00000000c2400000, 0x00000000c38c0000, 0x00000000d6d50000)
  eden space 17024K,  38% used [0x00000000c2400000, 0x00000000c2a76948, 0x00000000c34a0000)
  from space 2112K, 100% used [0x00000000c36b0000, 0x00000000c38c0000, 0x00000000c38c0000)
  to   space 2112K,   0% used [0x00000000c34a0000, 0x00000000c34a0000, 0x00000000c36b0000)
 tenured generation   total 42368K, used 21199K [0x00000000d6d50000, 0x00000000d96b0000, 0x0000000100000000)
   the space 42368K,  50% used [0x00000000d6d50000, 0x00000000d8203fc0, 0x00000000d8204000, 0x00000000d96b0000)
 Metaspace       used 33782K, capacity 34160K, committed 34432K, reserved 1079296K
  class space    used 4099K, capacity 4209K, committed 4224K, reserved 1048576K

Card table byte_map: [0x00007f50d7ff5000,0x00007f50d81e4000] byte_map_base: 0x00007f50d79e3000

Polling page: 0x00007f50ef018000

CodeCache: size=245760Kb used=10060Kb max_used=10060Kb free=235699Kb
 bounds [0x00007f50d85a4000, 0x00007f50d8f94000, 0x00007f50e75a4000]
 total_blobs=3198 nmethods=2786 adapters=333
 compilation: enabled

Compilation events (10 events):
Event: 487.926 Thread 0x00007f50e80c3800 nmethod 3152 0x00007f50d8c3b450 code [0x00007f50d8c3b600, 0x00007f50d8c3bb78]
Event: 487.926 Thread 0x00007f50e80c3800 3153       4       java.lang.reflect.Method::hashCode (19 bytes)
Event: 487.932 Thread 0x00007f50e80c5800 nmethod 3184 0x00007f50d8f5fc90 code [0x00007f50d8f60720, 0x00007f50d8f69d50]
Event: 487.932 Thread 0x00007f50e80c5800 3188       3       sun.misc.ProxyGenerator$ProxyMethod::generateMethod (733 bytes)
Event: 487.942 Thread 0x00007f50e80c3800 nmethod 3153 0x00007f50d8c3abd0 code [0x00007f50d8c3ad40, 0x00007f50d8c3b1a8]
Event: 487.942 Thread 0x00007f50e80c3800 3159       4       java.lang.Class::checkMemberAccess (49 bytes)
Event: 487.943 Thread 0x00007f50e80c3800 nmethod 3159 0x00007f50d8c3c290 code [0x00007f50d8c3c3e0, 0x00007f50d8c3c478]
Event: 487.943 Thread 0x00007f50e80c3800 3187       4       java.lang.ref.WeakReference::<init> (6 bytes)
Event: 487.943 Thread 0x00007f50e80c3800 nmethod 3187 0x00007f50d8de0590 code [0x00007f50d8de06e0, 0x00007f50d8de07b8]
Event: 487.943 Thread 0x00007f50e80c3800 3154   !   4       java.util.zip.ZipFile$ZipFileInputStream::close (110 bytes)

GC Heap History (10 events):
Event: 11.091 GC heap before
{Heap before GC invocations=14 (full 1):
 def new generation   total 19136K, used 18498K [0x00000000c2400000, 0x00000000c38c0000, 0x00000000d6d50000)
  eden space 17024K, 100% used [0x00000000c2400000, 0x00000000c34a0000, 0x00000000c34a0000)
  from space 2112K,  69% used [0x00000000c34a0000, 0x00000000c3610a80, 0x00000000c36b0000)
  to   space 2112K,   0% used [0x00000000c36b0000, 0x00000000c36b0000, 0x00000000c38c0000)
 tenured generation   total 42368K, used 17267K [0x00000000d6d50000, 0x00000000d96b0000, 0x0000000100000000)
   the space 42368K,  40% used [0x00000000d6d50000, 0x00000000d7e2cfc8, 0x00000000d7e2d000, 0x00000000d96b0000)
 Metaspace       used 29391K, capacity 29752K, committed 30080K, reserved 1075200K
  class space    used 3554K, capacity 3643K, committed 3712K, reserved 1048576K
Event: 11.098 GC heap after
Heap after GC invocations=15 (full 1):
 def new generation   total 19136K, used 1286K [0x00000000c2400000, 0x00000000c38c0000, 0x00000000d6d50000)
  eden space 17024K,   0% used [0x00000000c2400000, 0x00000000c2400000, 0x00000000c34a0000)
  from space 2112K,  60% used [0x00000000c36b0000, 0x00000000c37f1990, 0x00000000c38c0000)
  to   space 2112K,   0% used [0x00000000c34a0000, 0x00000000c34a0000, 0x00000000c36b0000)
 tenured generation   total 42368K, used 18060K [0x00000000d6d50000, 0x00000000d96b0000, 0x0000000100000000)
   the space 42368K,  42% used [0x00000000d6d50000, 0x00000000d7ef3300, 0x00000000d7ef3400, 0x00000000d96b0000)
 Metaspace       used 29391K, capacity 29752K, committed 30080K, reserved 1075200K
  class space    used 3554K, capacity 3643K, committed 3712K, reserved 1048576K
}
Event: 11.710 GC heap before
{Heap before GC invocations=15 (full 1):
 def new generation   total 19136K, used 18310K [0x00000000c2400000, 0x00000000c38c0000, 0x00000000d6d50000)
  eden space 17024K, 100% used [0x00000000c2400000, 0x00000000c34a0000, 0x00000000c34a0000)
  from space 2112K,  60% used [0x00000000c36b0000, 0x00000000c37f1990, 0x00000000c38c0000)
  to   space 2112K,   0% used [0x00000000c34a0000, 0x00000000c34a0000, 0x00000000c36b0000)
 tenured generation   total 42368K, used 18060K [0x00000000d6d50000, 0x00000000d96b0000, 0x0000000100000000)
   the space 42368K,  42% used [0x00000000d6d50000, 0x00000000d7ef3300, 0x00000000d7ef3400, 0x00000000d96b0000)
 Metaspace       used 30048K, capacity 30424K, committed 30720K, reserved 1077248K
  class space    used 3643K, capacity 3739K, committed 3840K, reserved 1048576K
Event: 11.724 GC heap after
Heap after GC invocations=16 (full 1):
 def new generation   total 19136K, used 1324K [0x00000000c2400000, 0x00000000c38c0000, 0x00000000d6d50000)
  eden space 17024K,   0% used [0x00000000c2400000, 0x00000000c2400000, 0x00000000c34a0000)
  from space 2112K,  62% used [0x00000000c34a0000, 0x00000000c35eb0e8, 0x00000000c36b0000)
  to   space 2112K,   0% used [0x00000000c36b0000, 0x00000000c36b0000, 0x00000000c38c0000)
 tenured generation   total 42368K, used 19090K [0x00000000d6d50000, 0x00000000d96b0000, 0x0000000100000000)
   the space 42368K,  45% used [0x00000000d6d50000, 0x00000000d7ff4b18, 0x00000000d7ff4c00, 0x00000000d96b0000)
 Metaspace       used 30048K, capacity 30424K, committed 30720K, reserved 1077248K
  class space    used 3643K, capacity 3739K, committed 3840K, reserved 1048576K
}
Event: 12.464 GC heap before
{Heap before GC invocations=16 (full 1):
 def new generation   total 19136K, used 18348K [0x00000000c2400000, 0x00000000c38c0000, 0x00000000d6d50000)
  eden space 17024K, 100% used [0x00000000c2400000, 0x00000000c34a0000, 0x00000000c34a0000)
  from space 2112K,  62% used [0x00000000c34a0000, 0x00000000c35eb0e8, 0x00000000c36b0000)
  to   space 2112K,   0% used [0x00000000c36b0000, 0x00000000c36b0000, 0x00000000c38c0000)
 tenured generation   total 42368K, used 19090K [0x00000000d6d50000, 0x00000000d96b0000, 0x0000000100000000)
   the space 42368K,  45% used [0x00000000d6d50000, 0x00000000d7ff4b18, 0x00000000d7ff4c00, 0x00000000d96b0000)
 Metaspace       used 30416K, capacity 30782K, committed 30976K, reserved 1077248K
  class space    used 3686K, capacity 3772K, committed 3840K, reserved 1048576K
Event: 12.470 GC heap after
Heap after GC invocations=17 (full 1):
 def new generation   total 19136K, used 1120K [0x00000000c2400000, 0x00000000c38c0000, 0x00000000d6d50000)
  eden space 17024K,   0% used [0x00000000c2400000, 0x00000000c2400000, 0x00000000c34a0000)
  from space 2112K,  53% used [0x00000000c36b0000, 0x00000000c37c82b0, 0x00000000c38c0000)
  to   space 2112K,   0% used [0x00000000c34a0000, 0x00000000c34a0000, 0x00000000c36b0000)
 tenured generation   total 42368K, used 19817K [0x00000000d6d50000, 0x00000000d96b0000, 0x0000000100000000)
   the space 42368K,  46% used [0x00000000d6d50000, 0x00000000d80aa528, 0x00000000d80aa600, 0x00000000d96b0000)
 Metaspace       used 30416K, capacity 30782K, committed 30976K, reserved 1077248K
  class space    used 3686K, capacity 3772K, committed 3840K, reserved 1048576K
}
Event: 12.848 GC heap before
{Heap before GC invocations=17 (full 1):
 def new generation   total 19136K, used 18144K [0x00000000c2400000, 0x00000000c38c0000, 0x00000000d6d50000)
  eden space 17024K, 100% used [0x00000000c2400000, 0x00000000c34a0000, 0x00000000c34a0000)
  from space 2112K,  53% used [0x00000000c36b0000, 0x00000000c37c82b0, 0x00000000c38c0000)
  to   space 2112K,   0% used [0x00000000c34a0000, 0x00000000c34a0000, 0x00000000c36b0000)
 tenured generation   total 42368K, used 19817K [0x00000000d6d50000, 0x00000000d96b0000, 0x0000000100000000)
   the space 42368K,  46% used [0x00000000d6d50000, 0x00000000d80aa528, 0x00000000d80aa600, 0x00000000d96b0000)
 Metaspace       used 30674K, capacity 31006K, committed 31232K, reserved 1077248K
  class space    used 3717K, capacity 3804K, committed 3840K, reserved 1048576K
Event: 12.854 GC heap after
Heap after GC invocations=18 (full 1):
 def new generation   total 19136K, used 845K [0x00000000c2400000, 0x00000000c38c0000, 0x00000000d6d50000)
  eden space 17024K,   0% used [0x00000000c2400000, 0x00000000c2400000, 0x00000000c34a0000)
  from space 2112K,  40% used [0x00000000c34a0000, 0x00000000c3573658, 0x00000000c36b0000)
  to   space 2112K,   0% used [0x00000000c36b0000, 0x00000000c36b0000, 0x00000000c38c0000)
 tenured generation   total 42368K, used 20673K [0x00000000d6d50000, 0x00000000d96b0000, 0x0000000100000000)
   the space 42368K,  48% used [0x00000000d6d50000, 0x00000000d8180470, 0x00000000d8180600, 0x00000000d96b0000)
 Metaspace       used 30674K, capacity 31006K, committed 31232K, reserved 1077248K
  class space    used 3717K, capacity 3804K, committed 3840K, reserved 1048576K
}
Event: 483.344 GC heap before
{Heap before GC invocations=18 (full 1):
 def new generation   total 19136K, used 17869K [0x00000000c2400000, 0x00000000c38c0000, 0x00000000d6d50000)
  eden space 17024K, 100% used [0x00000000c2400000, 0x00000000c34a0000, 0x00000000c34a0000)
  from space 2112K,  40% used [0x00000000c34a0000, 0x00000000c3573658, 0x00000000c36b0000)
  to   space 2112K,   0% used [0x00000000c36b0000, 0x00000000c36b0000, 0x00000000c38c0000)
 tenured generation   total 42368K, used 20673K [0x00000000d6d50000, 0x00000000d96b0000, 0x0000000100000000)
   the space 42368K,  48% used [0x00000000d6d50000, 0x00000000d8180470, 0x00000000d8180600, 0x00000000d96b0000)
 Metaspace       used 33182K, capacity 33524K, committed 33920K, reserved 1079296K
  class space    used 4017K, capacity 4107K, committed 4224K, reserved 1048576K
Event: 483.366 GC heap after
Heap after GC invocations=19 (full 1):
 def new generation   total 19136K, used 2112K [0x00000000c2400000, 0x00000000c38c0000, 0x00000000d6d50000)
  eden space 17024K,   0% used [0x00000000c2400000, 0x00000000c2400000, 0x00000000c34a0000)
  from space 2112K, 100% used [0x00000000c36b0000, 0x00000000c38c0000, 0x00000000c38c0000)
  to   space 2112K,   0% used [0x00000000c34a0000, 0x00000000c34a0000, 0x00000000c36b0000)
 tenured generation   total 42368K, used 21199K [0x00000000d6d50000, 0x00000000d96b0000, 0x0000000100000000)
   the space 42368K,  50% used [0x00000000d6d50000, 0x00000000d8203fc0, 0x00000000d8204000, 0x00000000d96b0000)
 Metaspace       used 33182K, capacity 33524K, committed 33920K, reserved 1079296K
  class space    used 4017K, capacity 4107K, committed 4224K, reserved 1048576K
}

Deoptimization events (10 events):
Event: 487.898 Thread 0x00007f50e8aa3800 Uncommon trap: reason=unhandled action=none pc=0x00007f50d8be97dc method=java.net.URLClassLoader.findClass(Ljava/lang/String;)Ljava/lang/Class; @ 44
Event: 487.899 Thread 0x00007f50e8aa1800 Uncommon trap: reason=unhandled action=none pc=0x00007f50d8be97dc method=java.net.URLClassLoader.findClass(Ljava/lang/String;)Ljava/lang/Class; @ 44
Event: 487.899 Thread 0x00007f50e8aa1800 Uncommon trap: reason=unhandled action=none pc=0x00007f50d8be97dc method=java.net.URLClassLoader.findClass(Ljava/lang/String;)Ljava/lang/Class; @ 44
Event: 487.900 Thread 0x00007f50e8aa1800 Uncommon trap: reason=unhandled action=none pc=0x00007f50d8be97dc method=java.net.URLClassLoader.findClass(Ljava/lang/String;)Ljava/lang/Class; @ 44
Event: 487.900 Thread 0x00007f50e8aa1800 Uncommon trap: reason=unhandled action=none pc=0x00007f50d8be97dc method=java.net.URLClassLoader.findClass(Ljava/lang/String;)Ljava/lang/Class; @ 44
Event: 487.900 Thread 0x00007f50e8aa1800 Uncommon trap: reason=unhandled action=none pc=0x00007f50d8be97dc method=java.net.URLClassLoader.findClass(Ljava/lang/String;)Ljava/lang/Class; @ 44
Event: 487.901 Thread 0x00007f50e8aa1800 Uncommon trap: reason=unhandled action=none pc=0x00007f50d8be97dc method=java.net.URLClassLoader.findClass(Ljava/lang/String;)Ljava/lang/Class; @ 44
Event: 487.928 Thread 0x00007f50e8aa3800 Uncommon trap: reason=unhandled action=none pc=0x00007f50d8be97dc method=java.net.URLClassLoader.findClass(Ljava/lang/String;)Ljava/lang/Class; @ 44
Event: 487.944 Thread 0x00007f50e8aa3800 Uncommon trap: reason=unhandled action=none pc=0x00007f50d8be97dc method=java.net.URLClassLoader.findClass(Ljava/lang/String;)Ljava/lang/Class; @ 44
Event: 487.945 Thread 0x00007f50e8aa3800 Uncommon trap: reason=unhandled action=none pc=0x00007f50d8be97dc method=java.net.URLClassLoader.findClass(Ljava/lang/String;)Ljava/lang/Class; @ 44

Internal exceptions (10 events):
Event: 483.304 Thread 0x00007f50e8aa0000 Exception <a 'java/lang/ArrayIndexOutOfBoundsException': 92> (0x00000000c346ecf8) thrown at [/HUDSON/workspace/8-2-build-linux-amd64/jdk8u151/9699/hotspot/src/share/vm/interpreter/interpreterRuntime.cpp, line 366]
Event: 483.305 Thread 0x00007f50e8aa0000 Exception <a 'java/lang/ArrayIndexOutOfBoundsException': 67> (0x00000000c3476f20) thrown at [/HUDSON/workspace/8-2-build-linux-amd64/jdk8u151/9699/hotspot/src/share/vm/interpreter/interpreterRuntime.cpp, line 366]
Event: 487.746 Thread 0x00007f50e8aa1800 Exception <a 'java/lang/ClassNotFoundException': java/lang/ObjectCustomizer> (0x00000000c256d7f0) thrown at [/HUDSON/workspace/8-2-build-linux-amd64/jdk8u151/9699/hotspot/src/share/vm/classfile/systemDictionary.cpp, line 210]
Event: 487.746 Thread 0x00007f50e8aa1800 Exception <a 'java/lang/ArrayIndexOutOfBoundsException': 22> (0x00000000c2570b28) thrown at [/HUDSON/workspace/8-2-build-linux-amd64/jdk8u151/9699/hotspot/src/share/vm/interpreter/interpreterRuntime.cpp, line 366]
Event: 487.747 Thread 0x00007f50e8aa1800 Exception <a 'java/lang/ClassNotFoundException': indi/gscienty/gitterkid/webapi/entities/RepositoryWrapperCustomizer> (0x00000000c2585a48) thrown at [/HUDSON/workspace/8-2-build-linux-amd64/jdk8u151/9699/hotspot/src/share/vm/classfile/systemDictionary.cpp
Event: 487.835 Thread 0x00007f50e8aa1800 Exception <a 'java/lang/ArrayIndexOutOfBoundsException': 22> (0x00000000c274e970) thrown at [/HUDSON/workspace/8-2-build-linux-amd64/jdk8u151/9699/hotspot/src/share/vm/interpreter/interpreterRuntime.cpp, line 366]
Event: 487.873 Thread 0x00007f50e8aa3800 Exception <a 'java/lang/ClassNotFoundException': java/lang/ObjectCustomizer> (0x00000000c287d0f0) thrown at [/HUDSON/workspace/8-2-build-linux-amd64/jdk8u151/9699/hotspot/src/share/vm/classfile/systemDictionary.cpp, line 210]
Event: 487.874 Thread 0x00007f50e8aa3800 Exception <a 'java/lang/ClassNotFoundException': indi/gscienty/gitterkid/webapi/entities/CommitServiceWrapperCustomizer> (0x00000000c28945e8) thrown at [/HUDSON/workspace/8-2-build-linux-amd64/jdk8u151/9699/hotspot/src/share/vm/classfile/systemDictionary.
Event: 487.889 Thread 0x00007f50e8aa3800 Implicit null exception at 0x00007f50d87b00b6 to 0x00007f50d87b05c5
Event: 487.890 Thread 0x00007f50e8aa3800 Implicit null exception at 0x00007f50d8793636 to 0x00007f50d8793af9

Events (10 events):
Event: 487.944 loading class indi/gscienty/gitterkid/repo/GitObjectType
Event: 487.944 loading class indi/gscienty/gitterkid/repo/GitObjectType done
Event: 487.944 Thread 0x00007f50e8aa3800 Uncommon trap: trap_request=0xffffffa7 fr.pc=0x00007f50d8be97dc
Event: 487.944 Thread 0x00007f50e8aa3800 DEOPT PACKING pc=0x00007f50d8be97dc sp=0x00007f50b4ff9490
Event: 487.944 Thread 0x00007f50e8aa3800 DEOPT UNPACKING pc=0x00007f50d85a9229 sp=0x00007f50b4ff92e0 mode 2
Event: 487.945 loading class indi/gscienty/gitterkid/repo/GitTree$BlobItem
Event: 487.945 loading class indi/gscienty/gitterkid/repo/GitTree$BlobItem done
Event: 487.945 Thread 0x00007f50e8aa3800 Uncommon trap: trap_request=0xffffffa7 fr.pc=0x00007f50d8be97dc
Event: 487.945 Thread 0x00007f50e8aa3800 DEOPT PACKING pc=0x00007f50d8be97dc sp=0x00007f50b4ff7ab0
Event: 487.945 Thread 0x00007f50e8aa3800 DEOPT UNPACKING pc=0x00007f50d85a9229 sp=0x00007f50b4ff7900 mode 2


Dynamic libraries:
00400000-00401000 r-xp 00000000 08:01 540265                             /usr/lib/jdk/bin/java
00600000-00601000 rw-p 00000000 08:01 540265                             /usr/lib/jdk/bin/java
0140d000-02d8e000 rw-p 00000000 00:00 0                                  [heap]
c2400000-c38c0000 rw-p 00000000 00:00 0 
c38c0000-d6d50000 ---p 00000000 00:00 0 
d6d50000-d96b0000 rw-p 00000000 00:00 0 
d96b0000-100000000 ---p 00000000 00:00 0 
100000000-100420000 rw-p 00000000 00:00 0 
100420000-140000000 ---p 00000000 00:00 0 
7f50b3a8f000-7f50b3aab000 r-xp 00000000 08:01 138414                     /lib/x86_64-linux-gnu/libaudit.so.1.0.0
7f50b3aab000-7f50b3caa000 ---p 0001c000 08:01 138414                     /lib/x86_64-linux-gnu/libaudit.so.1.0.0
7f50b3caa000-7f50b3cab000 r--p 0001b000 08:01 138414                     /lib/x86_64-linux-gnu/libaudit.so.1.0.0
7f50b3cab000-7f50b3cac000 rw-p 0001c000 08:01 138414                     /lib/x86_64-linux-gnu/libaudit.so.1.0.0
7f50b3cac000-7f50b3cb6000 rw-p 00000000 00:00 0 
7f50b3cb6000-7f50b3ccf000 r-xp 00000000 08:01 138615                     /lib/x86_64-linux-gnu/libz.so.1.2.8
7f50b3ccf000-7f50b3ece000 ---p 00019000 08:01 138615                     /lib/x86_64-linux-gnu/libz.so.1.2.8
7f50b3ece000-7f50b3ecf000 r--p 00018000 08:01 138615                     /lib/x86_64-linux-gnu/libz.so.1.2.8
7f50b3ecf000-7f50b3ed0000 rw-p 00019000 08:01 138615                     /lib/x86_64-linux-gnu/libz.so.1.2.8
7f50b3ed0000-7f50b3ed3000 r-xp 00000000 08:01 138542                     /lib/x86_64-linux-gnu/libpam_misc.so.0.82.0
7f50b3ed3000-7f50b40d2000 ---p 00003000 08:01 138542                     /lib/x86_64-linux-gnu/libpam_misc.so.0.82.0
7f50b40d2000-7f50b40d3000 r--p 00002000 08:01 138542                     /lib/x86_64-linux-gnu/libpam_misc.so.0.82.0
7f50b40d3000-7f50b40d4000 rw-p 00003000 08:01 138542                     /lib/x86_64-linux-gnu/libpam_misc.so.0.82.0
7f50b40d4000-7f50b40e1000 r-xp 00000000 08:01 138540                     /lib/x86_64-linux-gnu/libpam.so.0.83.1
7f50b40e1000-7f50b42e0000 ---p 0000d000 08:01 138540                     /lib/x86_64-linux-gnu/libpam.so.0.83.1
7f50b42e0000-7f50b42e1000 r--p 0000c000 08:01 138540                     /lib/x86_64-linux-gnu/libpam.so.0.83.1
7f50b42e1000-7f50b42e2000 rw-p 0000d000 08:01 138540                     /lib/x86_64-linux-gnu/libpam.so.0.83.1
7f50b42e2000-7f50b42f3000 r-xp 00000000 08:01 555797                     /home/ant/gitter/webapi/target/classes/libgkid.so
7f50b42f3000-7f50b44f2000 ---p 00011000 08:01 555797                     /home/ant/gitter/webapi/target/classes/libgkid.so
7f50b44f2000-7f50b44f3000 r--p 00010000 08:01 555797                     /home/ant/gitter/webapi/target/classes/libgkid.so
7f50b44f3000-7f50b44f4000 rw-p 00011000 08:01 555797                     /home/ant/gitter/webapi/target/classes/libgkid.so
7f50b44f4000-7f50b44f7000 ---p 00000000 00:00 0 
7f50b44f7000-7f50b45f5000 rw-p 00000000 00:00 0 
7f50b45f5000-7f50b45f8000 ---p 00000000 00:00 0 
7f50b45f8000-7f50b46f6000 rw-p 00000000 00:00 0 
7f50b46f6000-7f50b46f9000 ---p 00000000 00:00 0 
7f50b46f9000-7f50b47f7000 rw-p 00000000 00:00 0 
7f50b47f7000-7f50b47fa000 ---p 00000000 00:00 0 
7f50b47fa000-7f50b48f8000 rw-p 00000000 00:00 0 
7f50b48f8000-7f50b48fb000 ---p 00000000 00:00 0 
7f50b48fb000-7f50b49f9000 rw-p 00000000 00:00 0 
7f50b49f9000-7f50b49fc000 ---p 00000000 00:00 0 
7f50b49fc000-7f50b4afa000 rw-p 00000000 00:00 0 
7f50b4afa000-7f50b4afd000 ---p 00000000 00:00 0 
7f50b4afd000-7f50b4bfb000 rw-p 00000000 00:00 0 
7f50b4bfb000-7f50b4bfe000 ---p 00000000 00:00 0 
7f50b4bfe000-7f50b4cfc000 rw-p 00000000 00:00 0 
7f50b4cfc000-7f50b4cff000 ---p 00000000 00:00 0 
7f50b4cff000-7f50b4dfd000 rw-p 00000000 00:00 0 
7f50b4dfd000-7f50b4e00000 ---p 00000000 00:00 0 
7f50b4e00000-7f50b4efe000 rw-p 00000000 00:00 0 
7f50b4efe000-7f50b4f01000 ---p 00000000 00:00 0 
7f50b4f01000-7f50b8000000 rw-p 00000000 00:00 0 
7f50b8000000-7f50b8121000 rw-p 00000000 00:00 0 
7f50b8121000-7f50bc000000 ---p 00000000 00:00 0 
7f50bc000000-7f50bd60d000 rw-p 00000000 00:00 0 
7f50bd60d000-7f50c0000000 ---p 00000000 00:00 0 
7f50c0000000-7f50c02ad000 rw-p 00000000 00:00 0 
7f50c02ad000-7f50c4000000 ---p 00000000 00:00 0 
7f50c4000000-7f50c403d000 rw-p 00000000 00:00 0 
7f50c403d000-7f50c8000000 ---p 00000000 00:00 0 
7f50c8000000-7f50c8021000 rw-p 00000000 00:00 0 
7f50c8021000-7f50cc000000 ---p 00000000 00:00 0 
7f50cc000000-7f50cc2a8000 rw-p 00000000 00:00 0 
7f50cc2a8000-7f50d0000000 ---p 00000000 00:00 0 
7f50d0000000-7f50d0132000 rw-p 00000000 00:00 0 
7f50d0132000-7f50d4000000 ---p 00000000 00:00 0 
7f50d40f9000-7f50d40fc000 ---p 00000000 00:00 0 
7f50d40fc000-7f50d41fa000 rw-p 00000000 00:00 0 
7f50d41fa000-7f50d41fd000 ---p 00000000 00:00 0 
7f50d41fd000-7f50d44fb000 rw-p 00000000 00:00 0 
7f50d4557000-7f50d455a000 ---p 00000000 00:00 0 
7f50d455a000-7f50d4658000 rw-p 00000000 00:00 0 
7f50d478b000-7f50d478e000 ---p 00000000 00:00 0 
7f50d478e000-7f50d47c4000 rw-p 00000000 00:00 0 
7f50d47c4000-7f50d47db000 r-xp 00000000 08:01 295374                     /tmp/jna-96743/jna6846350029710086144.tmp (deleted)
7f50d47db000-7f50d48da000 ---p 00017000 08:01 295374                     /tmp/jna-96743/jna6846350029710086144.tmp (deleted)
7f50d48da000-7f50d48dc000 rw-p 00016000 08:01 295374                     /tmp/jna-96743/jna6846350029710086144.tmp (deleted)
7f50d48dc000-7f50d4a5c000 rw-p 00000000 00:00 0 
7f50d4a5c000-7f50d4adc000 ---p 00000000 00:00 0 
7f50d4adc000-7f50d4adf000 ---p 00000000 00:00 0 
7f50d4adf000-7f50d4bdd000 rw-p 00000000 00:00 0 
7f50d4bdd000-7f50d4be0000 ---p 00000000 00:00 0 
7f50d4be0000-7f50d4ede000 rw-p 00000000 00:00 0 
7f50d4ede000-7f50d4ee3000 r--s 002f9000 08:01 541809                     /usr/lib/jdk/jre/lib/charsets.jar
7f50d4ee3000-7f50d50e3000 rw-p 00000000 00:00 0 
7f50d50e3000-7f50d50e8000 r--s 0009a000 08:01 541868                     /usr/lib/jdk/jre/lib/jsse.jar
7f50d50e8000-7f50d52e8000 rw-p 00000000 00:00 0 
7f50d52e8000-7f50d54e8000 rw-p 00000000 00:00 0 
7f50d54e8000-7f50d56e8000 rw-p 00000000 00:00 0 
7f50d56e8000-7f50d577e000 r--s 01110000 08:01 541873                     /usr/lib/jdk/jre/lib/ext/jfxrt.jar
7f50d577e000-7f50d578f000 r-xp 00000000 08:01 542028                     /usr/lib/jdk/jre/lib/amd64/libnio.so
7f50d578f000-7f50d598e000 ---p 00011000 08:01 542028                     /usr/lib/jdk/jre/lib/amd64/libnio.so
7f50d598e000-7f50d598f000 rw-p 00010000 08:01 542028                     /usr/lib/jdk/jre/lib/amd64/libnio.so
7f50d598f000-7f50d5b8f000 rw-p 00000000 00:00 0 
7f50d5b8f000-7f50d5b92000 ---p 00000000 00:00 0 
7f50d5b92000-7f50d5e90000 rw-p 00000000 00:00 0 
7f50d5e90000-7f50d6090000 rw-p 00000000 00:00 0 
7f50d6090000-7f50d6290000 rw-p 00000000 00:00 0 
7f50d6290000-7f50d6293000 ---p 00000000 00:00 0 
7f50d6293000-7f50d6391000 rw-p 00000000 00:00 0 
7f50d6391000-7f50d63a8000 r-xp 00000000 08:01 542025                     /usr/lib/jdk/jre/lib/amd64/libnet.so
7f50d63a8000-7f50d65a7000 ---p 00017000 08:01 542025                     /usr/lib/jdk/jre/lib/amd64/libnet.so
7f50d65a7000-7f50d65a8000 rw-p 00016000 08:01 542025                     /usr/lib/jdk/jre/lib/amd64/libnet.so
7f50d65a8000-7f50d65b1000 r-xp 00000000 08:01 542033                     /usr/lib/jdk/jre/lib/amd64/libmanagement.so
7f50d65b1000-7f50d67b0000 ---p 00009000 08:01 542033                     /usr/lib/jdk/jre/lib/amd64/libmanagement.so
7f50d67b0000-7f50d67b1000 rw-p 00008000 08:01 542033                     /usr/lib/jdk/jre/lib/amd64/libmanagement.so
7f50d67b1000-7f50d67bb000 r--s 00116000 08:01 541879                     /usr/lib/jdk/jre/lib/ext/localedata.jar
7f50d67bb000-7f50d67c2000 r--s 00000000 08:01 33805                      /usr/lib/x86_64-linux-gnu/gconv/gconv-modules.cache
7f50d67c2000-7f50d67e3000 r--p 00000000 08:01 299439                     /usr/share/locale-langpack/zh_CN/LC_MESSAGES/libc.mo
7f50d67e3000-7f50d67e7000 r--s 00112000 08:01 34634                      /home/ant/.m2/repository/net/java/dev/jna/jna/4.2.2/jna-4.2.2.jar
7f50d67e7000-7f50d6800000 r--s 001bf000 08:01 558976                     /home/ant/.m2/repository/org/aspectj/aspectjweaver/1.8.13/aspectjweaver-1.8.13.jar
7f50d6800000-7f50d6809000 r--s 00054000 08:01 558394                     /home/ant/.m2/repository/org/springframework/spring-aop/4.3.13.RELEASE/spring-aop-4.3.13.RELEASE.jar
7f50d6809000-7f50d680a000 r--s 00000000 08:01 558938                     /home/ant/.m2/repository/org/springframework/boot/spring-boot-starter-aop/1.5.9.RELEASE/spring-boot-starter-aop-1.5.9.RELEASE.jar
7f50d680a000-7f50d680f000 r--s 0003c000 08:01 558392                     /home/ant/.m2/repository/org/springframework/spring-expression/4.3.13.RELEASE/spring-expression-4.3.13.RELEASE.jar
7f50d680f000-7f50d6821000 r--s 000cf000 08:01 558374                     /home/ant/.m2/repository/org/springframework/spring-webmvc/4.3.13.RELEASE/spring-webmvc-4.3.13.RELEASE.jar
7f50d6821000-7f50d683a000 r--s 000fe000 08:01 558398                     /home/ant/.m2/repository/org/springframework/spring-context/4.3.13.RELEASE/spring-context-4.3.13.RELEASE.jar
7f50d683a000-7f50d6848000 r--s 000ad000 08:01 546017                     /home/ant/.m2/repository/org/springframework/spring-beans/4.3.13.RELEASE/spring-beans-4.3.13.RELEASE.jar
7f50d6848000-7f50d685a000 r--s 000b8000 08:01 558395                     /home/ant/.m2/repository/org/springframework/spring-web/4.3.13.RELEASE/spring-web-4.3.13.RELEASE.jar
7f50d685a000-7f50d685e000 r--s 00042000 08:01 2482                       /home/ant/.m2/repository/com/fasterxml/jackson/core/jackson-core/2.8.10/jackson-core-2.8.10.jar
7f50d685e000-7f50d6861000 r--s 0000b000 08:01 2479                       /home/ant/.m2/repository/com/fasterxml/jackson/core/jackson-annotations/2.8.0/jackson-annotations-2.8.0.jar
7f50d6861000-7f50d6873000 r--s 0011e000 08:01 2466                       /home/ant/.m2/repository/com/fasterxml/jackson/core/jackson-databind/2.8.10/jackson-databind-2.8.10.jar
7f50d6873000-7f50d6875000 r--s 0000e000 08:01 2461                       /home/ant/.m2/repository/com/fasterxml/classmate/1.3.4/classmate-1.3.4.jar
7f50d6875000-7f50d6878000 r--s 0000e000 08:01 558427                     /home/ant/.m2/repository/org/jboss/logging/jboss-logging/3.3.1.Final/jboss-logging-3.3.1.Final.jar
7f50d6878000-7f50d687c000 r--s 0000c000 08:01 558378                     /home/ant/.m2/repository/javax/validation/validation-api/1.1.0.Final/validation-api-1.1.0.Final.jar
7f50d687c000-7f50d688d000 r--s 000a1000 08:01 558385                     /home/ant/.m2/repository/org/hibernate/hibernate-validator/5.3.6.Final/hibernate-validator-5.3.6.Final.jar
7f50d688d000-7f50d6892000 r--s 00038000 08:01 558376                     /home/ant/.m2/repository/org/apache/tomcat/embed/tomcat-embed-websocket/8.5.23/tomcat-embed-websocket-8.5.23.jar
7f50d6892000-7f50d6896000 r--s 00037000 08:01 558415                     /home/ant/.m2/repository/org/apache/tomcat/embed/tomcat-embed-el/8.5.23/tomcat-embed-el-8.5.23.jar
7f50d6896000-7f50d6898000 r--s 00003000 08:01 558372                     /home/ant/.m2/repository/org/apache/tomcat/tomcat-annotations-api/8.5.23/tomcat-annotations-api-8.5.23.jar
7f50d6898000-7f50d68c1000 r--s 002c7000 08:01 558391                     /home/ant/.m2/repository/org/apache/tomcat/embed/tomcat-embed-core/8.5.23/tomcat-embed-core-8.5.23.jar
7f50d68c1000-7f50d68c7000 r--s 0003d000 08:01 558389                     /home/ant/.m2/repository/org/yaml/snakeyaml/1.17/snakeyaml-1.17.jar
7f50d68c7000-7f50d68de000 r--s 000fc000 08:01 558366                     /home/ant/.m2/repository/org/springframework/spring-core/4.3.13.RELEASE/spring-core-4.3.13.RELEASE.jar
7f50d68de000-7f50d68e0000 r--s 00004000 08:01 558403                     /home/ant/.m2/repository/org/slf4j/log4j-over-slf4j/1.7.25/log4j-over-slf4j-1.7.25.jar
7f50d68e0000-7f50d68e2000 r--s 00000000 08:01 558370                     /home/ant/.m2/repository/org/slf4j/jul-to-slf4j/1.7.25/jul-to-slf4j-1.7.25.jar
7f50d68e2000-7f50d68ed000 r--s 0006a000 08:01 558388                     /home/ant/.m2/repository/ch/qos/logback/logback-core/1.1.11/logback-core-1.1.11.jar
7f50d68ed000-7f50d690d000 r--s 000e6000 08:01 558405                     /home/ant/.m2/repository/org/springframework/boot/spring-boot-autoconfigure/1.5.9.RELEASE/spring-boot-autoconfigure-1.5.9.RELEASE.jar
7f50d690d000-7f50d690e000 ---p 00000000 00:00 0 
7f50d690e000-7f50d6a0e000 rw-p 00000000 00:00 0 
7f50d6a0e000-7f50d6a11000 ---p 00000000 00:00 0 
7f50d6a11000-7f50d6b0f000 rw-p 00000000 00:00 0 
7f50d6b0f000-7f50d6b12000 ---p 00000000 00:00 0 
7f50d6b12000-7f50d6c10000 rw-p 00000000 00:00 0 
7f50d6c10000-7f50d6c13000 ---p 00000000 00:00 0 
7f50d6c13000-7f50d6d11000 rw-p 00000000 00:00 0 
7f50d6d11000-7f50d6d14000 ---p 00000000 00:00 0 
7f50d6d14000-7f50d6e12000 rw-p 00000000 00:00 0 
7f50d6e12000-7f50d6e15000 ---p 00000000 00:00 0 
7f50d6e15000-7f50d6f13000 rw-p 00000000 00:00 0 
7f50d6f13000-7f50d6f16000 ---p 00000000 00:00 0 
7f50d6f16000-7f50d7014000 rw-p 00000000 00:00 0 
7f50d7014000-7f50d7018000 r-xp 00000000 08:01 541989                     /usr/lib/jdk/jre/lib/amd64/libdt_socket.so
7f50d7018000-7f50d7217000 ---p 00004000 08:01 541989                     /usr/lib/jdk/jre/lib/amd64/libdt_socket.so
7f50d7217000-7f50d7218000 rw-p 00003000 08:01 541989                     /usr/lib/jdk/jre/lib/amd64/libdt_socket.so
7f50d7218000-7f50d721b000 ---p 00000000 00:00 0 
7f50d721b000-7f50d7319000 rw-p 00000000 00:00 0 
7f50d7319000-7f50d731c000 ---p 00000000 00:00 0 
7f50d731c000-7f50d741a000 rw-p 00000000 00:00 0 
7f50d741a000-7f50d741d000 ---p 00000000 00:00 0 
7f50d741d000-7f50d751b000 rw-p 00000000 00:00 0 
7f50d751b000-7f50d751c000 ---p 00000000 00:00 0 
7f50d751c000-7f50d761c000 rw-p 00000000 00:00 0 
7f50d761c000-7f50d77f5000 r--s 03d5a000 08:01 541811                     /usr/lib/jdk/jre/lib/rt.jar
7f50d77f5000-7f50d7ff5000 rw-p 00000000 00:00 0 
7f50d7ff5000-7f50d8000000 rw-p 00000000 00:00 0 
7f50d8000000-7f50d8099000 ---p 00000000 00:00 0 
7f50d8099000-7f50d80af000 rw-p 00000000 00:00 0 
7f50d80af000-7f50d81e3000 ---p 00000000 00:00 0 
7f50d81e3000-7f50d820c000 rw-p 00000000 00:00 0 
7f50d820c000-7f50d85a4000 ---p 00000000 00:00 0 
7f50d85a4000-7f50d8f94000 rwxp 00000000 00:00 0 
7f50d8f94000-7f50e75a4000 ---p 00000000 00:00 0 
7f50e75a4000-7f50e75bf000 r-xp 00000000 08:01 542021                     /usr/lib/jdk/jre/lib/amd64/libzip.so
7f50e75bf000-7f50e77bf000 ---p 0001b000 08:01 542021                     /usr/lib/jdk/jre/lib/amd64/libzip.so
7f50e77bf000-7f50e77c0000 rw-p 0001b000 08:01 542021                     /usr/lib/jdk/jre/lib/amd64/libzip.so
7f50e77c0000-7f50e77cb000 r-xp 00000000 08:01 186911                     /lib/x86_64-linux-gnu/libnss_files-2.23.so
7f50e77cb000-7f50e79ca000 ---p 0000b000 08:01 186911                     /lib/x86_64-linux-gnu/libnss_files-2.23.so
7f50e79ca000-7f50e79cb000 r--p 0000a000 08:01 186911                     /lib/x86_64-linux-gnu/libnss_files-2.23.so
7f50e79cb000-7f50e79cc000 rw-p 0000b000 08:01 186911                     /lib/x86_64-linux-gnu/libnss_files-2.23.so
7f50e79cc000-7f50e79d2000 rw-p 00000000 00:00 0 
7f50e79d2000-7f50e79dd000 r-xp 00000000 08:01 186915                     /lib/x86_64-linux-gnu/libnss_nis-2.23.so
7f50e79dd000-7f50e7bdc000 ---p 0000b000 08:01 186915                     /lib/x86_64-linux-gnu/libnss_nis-2.23.so
7f50e7bdc000-7f50e7bdd000 r--p 0000a000 08:01 186915                     /lib/x86_64-linux-gnu/libnss_nis-2.23.so
7f50e7bdd000-7f50e7bde000 rw-p 0000b000 08:01 186915                     /lib/x86_64-linux-gnu/libnss_nis-2.23.so
7f50e7bde000-7f50e7bf4000 r-xp 00000000 08:01 186810                     /lib/x86_64-linux-gnu/libnsl-2.23.so
7f50e7bf4000-7f50e7df3000 ---p 00016000 08:01 186810                     /lib/x86_64-linux-gnu/libnsl-2.23.so
7f50e7df3000-7f50e7df4000 r--p 00015000 08:01 186810                     /lib/x86_64-linux-gnu/libnsl-2.23.so
7f50e7df4000-7f50e7df5000 rw-p 00016000 08:01 186810                     /lib/x86_64-linux-gnu/libnsl-2.23.so
7f50e7df5000-7f50e7df7000 rw-p 00000000 00:00 0 
7f50e7df7000-7f50e7dff000 r-xp 00000000 08:01 186906                     /lib/x86_64-linux-gnu/libnss_compat-2.23.so
7f50e7dff000-7f50e7ffe000 ---p 00008000 08:01 186906                     /lib/x86_64-linux-gnu/libnss_compat-2.23.so
7f50e7ffe000-7f50e7fff000 r--p 00007000 08:01 186906                     /lib/x86_64-linux-gnu/libnss_compat-2.23.so
7f50e7fff000-7f50e8000000 rw-p 00008000 08:01 186906                     /lib/x86_64-linux-gnu/libnss_compat-2.23.so
7f50e8000000-7f50e8ae4000 rw-p 00000000 00:00 0 
7f50e8ae4000-7f50ec000000 ---p 00000000 00:00 0 
7f50ec000000-7f50ec002000 r--s 00003000 08:01 558377                     /home/ant/.m2/repository/org/slf4j/jcl-over-slf4j/1.7.25/jcl-over-slf4j-1.7.25.jar
7f50ec002000-7f50ec004000 r--s 00009000 08:01 558396                     /home/ant/.m2/repository/org/slf4j/slf4j-api/1.7.25/slf4j-api-1.7.25.jar
7f50ec004000-7f50ec014000 r--s 00095000 08:01 558362                     /home/ant/.m2/repository/org/springframework/boot/spring-boot/1.5.9.RELEASE/spring-boot-1.5.9.RELEASE.jar
7f50ec014000-7f50ec027000 r--s 00345000 08:01 541849                     /usr/lib/jdk/jre/lib/resources.jar
7f50ec027000-7f50ec0b2000 rw-p 00000000 00:00 0 
7f50ec0b2000-7f50ec1e7000 ---p 00000000 00:00 0 
7f50ec1e7000-7f50ec672000 r--p 00000000 08:01 394019                     /usr/lib/locale/locale-archive
7f50ec672000-7f50ec674000 r-xp 00000000 08:01 541991                     /usr/lib/jdk/jre/lib/amd64/libnpt.so
7f50ec674000-7f50ec874000 ---p 00002000 08:01 541991                     /usr/lib/jdk/jre/lib/amd64/libnpt.so
7f50ec874000-7f50ec875000 rw-p 00002000 08:01 541991                     /usr/lib/jdk/jre/lib/amd64/libnpt.so
7f50ec875000-7f50ec8ae000 r-xp 00000000 08:01 542009                     /usr/lib/jdk/jre/lib/amd64/libjdwp.so
7f50ec8ae000-7f50ecaae000 ---p 00039000 08:01 542009                     /usr/lib/jdk/jre/lib/amd64/libjdwp.so
7f50ecaae000-7f50ecaaf000 rw-p 00039000 08:01 542009                     /usr/lib/jdk/jre/lib/amd64/libjdwp.so
7f50ecaaf000-7f50ecab0000 rw-p 00000000 00:00 0 
7f50ecab0000-7f50ecadb000 r-xp 00000000 08:01 542015                     /usr/lib/jdk/jre/lib/amd64/libjava.so
7f50ecadb000-7f50eccda000 ---p 0002b000 08:01 542015                     /usr/lib/jdk/jre/lib/amd64/libjava.so
7f50eccda000-7f50eccdc000 rw-p 0002a000 08:01 542015                     /usr/lib/jdk/jre/lib/amd64/libjava.so
7f50eccdc000-7f50ecce9000 r-xp 00000000 08:01 542020                     /usr/lib/jdk/jre/lib/amd64/libverify.so
7f50ecce9000-7f50ecee9000 ---p 0000d000 08:01 542020                     /usr/lib/jdk/jre/lib/amd64/libverify.so
7f50ecee9000-7f50eceeb000 rw-p 0000d000 08:01 542020                     /usr/lib/jdk/jre/lib/amd64/libverify.so
7f50eceeb000-7f50ecef2000 r-xp 00000000 08:01 186916                     /lib/x86_64-linux-gnu/librt-2.23.so
7f50ecef2000-7f50ed0f1000 ---p 00007000 08:01 186916                     /lib/x86_64-linux-gnu/librt-2.23.so
7f50ed0f1000-7f50ed0f2000 r--p 00006000 08:01 186916                     /lib/x86_64-linux-gnu/librt-2.23.so
7f50ed0f2000-7f50ed0f3000 rw-p 00007000 08:01 186916                     /lib/x86_64-linux-gnu/librt-2.23.so
7f50ed0f3000-7f50ed1fb000 r-xp 00000000 08:01 186809                     /lib/x86_64-linux-gnu/libm-2.23.so
7f50ed1fb000-7f50ed3fa000 ---p 00108000 08:01 186809                     /lib/x86_64-linux-gnu/libm-2.23.so
7f50ed3fa000-7f50ed3fb000 r--p 00107000 08:01 186809                     /lib/x86_64-linux-gnu/libm-2.23.so
7f50ed3fb000-7f50ed3fc000 rw-p 00108000 08:01 186809                     /lib/x86_64-linux-gnu/libm-2.23.so
7f50ed3fc000-7f50ee0cf000 r-xp 00000000 08:01 541998                     /usr/lib/jdk/jre/lib/amd64/server/libjvm.so
7f50ee0cf000-7f50ee2ce000 ---p 00cd3000 08:01 541998                     /usr/lib/jdk/jre/lib/amd64/server/libjvm.so
7f50ee2ce000-7f50ee3a8000 rw-p 00cd2000 08:01 541998                     /usr/lib/jdk/jre/lib/amd64/server/libjvm.so
7f50ee3a8000-7f50ee3f3000 rw-p 00000000 00:00 0 
7f50ee3f3000-7f50ee5b3000 r-xp 00000000 08:01 186813                     /lib/x86_64-linux-gnu/libc-2.23.so
7f50ee5b3000-7f50ee7b3000 ---p 001c0000 08:01 186813                     /lib/x86_64-linux-gnu/libc-2.23.so
7f50ee7b3000-7f50ee7b7000 r--p 001c0000 08:01 186813                     /lib/x86_64-linux-gnu/libc-2.23.so
7f50ee7b7000-7f50ee7b9000 rw-p 001c4000 08:01 186813                     /lib/x86_64-linux-gnu/libc-2.23.so
7f50ee7b9000-7f50ee7bd000 rw-p 00000000 00:00 0 
7f50ee7bd000-7f50ee7c0000 r-xp 00000000 08:01 186900                     /lib/x86_64-linux-gnu/libdl-2.23.so
7f50ee7c0000-7f50ee9bf000 ---p 00003000 08:01 186900                     /lib/x86_64-linux-gnu/libdl-2.23.so
7f50ee9bf000-7f50ee9c0000 r--p 00002000 08:01 186900                     /lib/x86_64-linux-gnu/libdl-2.23.so
7f50ee9c0000-7f50ee9c1000 rw-p 00003000 08:01 186900                     /lib/x86_64-linux-gnu/libdl-2.23.so
7f50ee9c1000-7f50ee9d7000 r-xp 00000000 08:01 541626                     /usr/lib/jdk/lib/amd64/jli/libjli.so
7f50ee9d7000-7f50eebd6000 ---p 00016000 08:01 541626                     /usr/lib/jdk/lib/amd64/jli/libjli.so
7f50eebd6000-7f50eebd7000 rw-p 00015000 08:01 541626                     /usr/lib/jdk/lib/amd64/jli/libjli.so
7f50eebd7000-7f50eebef000 r-xp 00000000 08:01 186812                     /lib/x86_64-linux-gnu/libpthread-2.23.so
7f50eebef000-7f50eedee000 ---p 00018000 08:01 186812                     /lib/x86_64-linux-gnu/libpthread-2.23.so
7f50eedee000-7f50eedef000 r--p 00017000 08:01 186812                     /lib/x86_64-linux-gnu/libpthread-2.23.so
7f50eedef000-7f50eedf0000 rw-p 00018000 08:01 186812                     /lib/x86_64-linux-gnu/libpthread-2.23.so
7f50eedf0000-7f50eedf4000 rw-p 00000000 00:00 0 
7f50eedf4000-7f50eee1a000 r-xp 00000000 08:01 186811                     /lib/x86_64-linux-gnu/ld-2.23.so
7f50eee1a000-7f50eee21000 r--s 00045000 08:01 558369                     /home/ant/.m2/repository/ch/qos/logback/logback-classic/1.1.11/logback-classic-1.1.11.jar
7f50eee21000-7f50eee26000 r--s 00084000 08:01 541728                     /usr/lib/jdk/jre/lib/jfr.jar
7f50eee26000-7f50eee2b000 r--s 002f9000 08:01 541809                     /usr/lib/jdk/jre/lib/charsets.jar
7f50eee2b000-7f50eeefd000 rw-p 00000000 00:00 0 
7f50eeefd000-7f50eef00000 ---p 00000000 00:00 0 
7f50eef00000-7f50ef003000 rw-p 00000000 00:00 0 
7f50ef003000-7f50ef004000 r--s 00000000 08:01 558393                     /home/ant/.m2/repository/org/springframework/boot/spring-boot-starter-tomcat/1.5.9.RELEASE/spring-boot-starter-tomcat-1.5.9.RELEASE.jar
7f50ef004000-7f50ef005000 r--s 00000000 08:01 558371                     /home/ant/.m2/repository/org/springframework/boot/spring-boot-starter-logging/1.5.9.RELEASE/spring-boot-starter-logging-1.5.9.RELEASE.jar
7f50ef005000-7f50ef006000 r--s 00000000 08:01 558357                     /home/ant/.m2/repository/org/springframework/boot/spring-boot-starter/1.5.9.RELEASE/spring-boot-starter-1.5.9.RELEASE.jar
7f50ef006000-7f50ef007000 r--s 00000000 08:01 558359                     /home/ant/.m2/repository/org/springframework/boot/spring-boot-starter-web/1.5.9.RELEASE/spring-boot-starter-web-1.5.9.RELEASE.jar
7f50ef007000-7f50ef00a000 r--s 0001a000 08:01 542041                     /usr/lib/jdk/jre/lib/jce.jar
7f50ef00a000-7f50ef00f000 r--s 0009a000 08:01 541868                     /usr/lib/jdk/jre/lib/jsse.jar
7f50ef00f000-7f50ef017000 rw-s 00000000 08:01 295373                     /tmp/hsperfdata_ant/28702
7f50ef017000-7f50ef018000 rw-p 00000000 00:00 0 
7f50ef018000-7f50ef019000 r--p 00000000 00:00 0 
7f50ef019000-7f50ef01a000 r--p 00025000 08:01 186811                     /lib/x86_64-linux-gnu/ld-2.23.so
7f50ef01a000-7f50ef01b000 rw-p 00026000 08:01 186811                     /lib/x86_64-linux-gnu/ld-2.23.so
7f50ef01b000-7f50ef01c000 rw-p 00000000 00:00 0 
7ffca7dc2000-7ffca7de4000 rw-p 00000000 00:00 0                          [stack]
7ffca7de4000-7ffca7de7000 r--p 00000000 00:00 0                          [vvar]
7ffca7de7000-7ffca7de9000 r-xp 00000000 00:00 0                          [vdso]
ffffffffff600000-ffffffffff601000 r-xp 00000000 00:00 0                  [vsyscall]

VM Arguments:
jvm_args: -agentlib:jdwp=transport=dt_socket,suspend=y,address=localhost:34375 -Dfile.encoding=UTF-8 
java_command: indi.gscienty.gitterkid.webapi.App
java_class_path (initial): /usr/lib/jdk/jre/lib/resources.jar:/usr/lib/jdk/jre/lib/rt.jar:/usr/lib/jdk/jre/lib/jsse.jar:/usr/lib/jdk/jre/lib/jce.jar:/usr/lib/jdk/jre/lib/charsets.jar:/usr/lib/jdk/jre/lib/jfr.jar:/usr/lib/jdk/jre/lib/ext/sunpkcs11.jar:/usr/lib/jdk/jre/lib/ext/dnsns.jar:/usr/lib/jdk/jre/lib/ext/localedata.jar:/usr/lib/jdk/jre/lib/ext/jfxrt.jar:/usr/lib/jdk/jre/lib/ext/sunec.jar:/usr/lib/jdk/jre/lib/ext/cldrdata.jar:/usr/lib/jdk/jre/lib/ext/nashorn.jar:/usr/lib/jdk/jre/lib/ext/jaccess.jar:/usr/lib/jdk/jre/lib/ext/zipfs.jar:/usr/lib/jdk/jre/lib/ext/sunjce_provider.jar:/home/ant/gitter/webapi/target/classes:/home/ant/.m2/repository/org/springframework/boot/spring-boot-starter-web/1.5.9.RELEASE/spring-boot-starter-web-1.5.9.RELEASE.jar:/home/ant/.m2/repository/org/springframework/boot/spring-boot-starter/1.5.9.RELEASE/spring-boot-starter-1.5.9.RELEASE.jar:/home/ant/.m2/repository/org/springframework/boot/spring-boot/1.5.9.RELEASE/spring-boot-1.5.9.RELEASE.jar:/home/ant/.m2/repository/org/springframework/boot/spring-boot-autoconfigure/1.5.9.RELEASE/spring-boot-autoconfigure-1.5.9.RELEASE.jar:/home/ant/.m2/repository/org/springframework/boot/spring-boot-starter-logging/1.5.9.RELEASE/spring-boot-starter-logging-1.5.9.RELEASE.jar:/home/ant/.m2/repository/ch/qos/logback/logback-classic/1.1.11/logback-classic-1.1.11.jar:/home/ant/.m2/repository/ch/qos/logback/logback-core/1.1.11/logback-core-1.1.11.jar:/home/ant/.m2/repository/org/slf4j/slf4j-api/1.7.25/slf4j-api-1.7.25.jar:/home/ant/.m2/repository/org/slf4j/jcl-over-slf4j/1.7.25/jcl-over-slf4j-1.7.25.jar:/home/ant/.m2/repository/org/slf4j/jul-to-slf4j/1.7.25/jul-to-slf4j-1.7.25.jar:/home/ant/.m2/repository/org/slf4j/log4j-over-slf4j/1.7.25/log4j-over-slf4j-1.7.25.jar:/home/ant/.m2/repository/org/springframework/spring-core/4.3.13.RELEASE/spring-core-4.3.13.RELEASE.jar:/home/ant/.m2/repository/org/yaml/snakeyaml/1.17/snakeyaml-1.17.jar:/home/ant/.m2/repository/org/springframework/boot/spring-boot-starter-tomc
Launcher Type: SUN_STANDARD

Environment Variables:
JAVA_HOME=/usr/lib/jdk
JRE_HOME=/usr/lib/jdk/jre
CLASSPATH=.:/usr/lib/jdk/lib:/usr/lib/jdk/jre/lib
PATH=/usr/lib/jdk/bin:/home/ant/bin:/home/ant/.local/bin:/usr/local/sbin:/usr/local/bin:/usr/sbin:/usr/bin:/sbin:/bin:/usr/games:/usr/local/games:/snap/bin
SHELL=/bin/bash
DISPLAY=:0

Signal Handlers:
SIGSEGV: [libjvm.so+0xacbe10], sa_mask[0]=11111111011111111101111111111110, sa_flags=SA_RESTART|SA_SIGINFO
SIGBUS: [libjvm.so+0xacbe10], sa_mask[0]=11111111011111111101111111111110, sa_flags=SA_RESTART|SA_SIGINFO
SIGFPE: [libjvm.so+0x924f90], sa_mask[0]=11111111011111111101111111111110, sa_flags=SA_RESTART|SA_SIGINFO
SIGPIPE: [libjvm.so+0x924f90], sa_mask[0]=11111111011111111101111111111110, sa_flags=SA_RESTART|SA_SIGINFO
SIGXFSZ: [libjvm.so+0x924f90], sa_mask[0]=11111111011111111101111111111110, sa_flags=SA_RESTART|SA_SIGINFO
SIGILL: [libjvm.so+0x924f90], sa_mask[0]=11111111011111111101111111111110, sa_flags=SA_RESTART|SA_SIGINFO
SIGUSR1: SIG_DFL, sa_mask[0]=00000000000000000000000000000000, sa_flags=none
SIGUSR2: [libjvm.so+0x9267d0], sa_mask[0]=00100000000000000000000000000000, sa_flags=SA_RESTART|SA_SIGINFO
SIGHUP: [libjvm.so+0x927bd0], sa_mask[0]=11111111011111111101111111111110, sa_flags=SA_RESTART|SA_SIGINFO
SIGINT: [libjvm.so+0x927bd0], sa_mask[0]=11111111011111111101111111111110, sa_flags=SA_RESTART|SA_SIGINFO
SIGTERM: [libjvm.so+0x927bd0], sa_mask[0]=11111111011111111101111111111110, sa_flags=SA_RESTART|SA_SIGINFO
SIGQUIT: [libjvm.so+0x927bd0], sa_mask[0]=11111111011111111101111111111110, sa_flags=SA_RESTART|SA_SIGINFO


---------------  S Y S T E M  ---------------

OS:DISTRIB_ID=Ubuntu
DISTRIB_RELEASE=16.04
DISTRIB_CODENAME=xenial
DISTRIB_DESCRIPTION="Ubuntu 16.04.3 LTS"

uname:Linux 4.13.0-32-generic #35~16.04.1-Ubuntu SMP Thu Jan 25 10:13:43 UTC 2018 x86_64
libc:glibc 2.23 NPTL 2.23 
rlimit: STACK 8192k, CORE 0k, NPROC 15576, NOFILE 1048576, AS infinity
load average:0.16 0.46 0.97

/proc/meminfo:
MemTotal:        4039988 kB
MemFree:          660876 kB
MemAvailable:    1828948 kB
Buffers:          119496 kB
Cached:          1211612 kB
SwapCached:            0 kB
Active:          2738044 kB
Inactive:         418988 kB
Active(anon):    1707652 kB
Inactive(anon):   142368 kB
Active(file):    1030392 kB
Inactive(file):   276620 kB
Unevictable:          32 kB
Mlocked:              32 kB
SwapTotal:       1046524 kB
SwapFree:        1046524 kB
Dirty:               144 kB
Writeback:             0 kB
AnonPages:       1826040 kB
Mapped:           273480 kB
Shmem:             24020 kB
Slab:             153428 kB
SReclaimable:     128356 kB
SUnreclaim:        25072 kB
KernelStack:        7552 kB
PageTables:        33584 kB
NFS_Unstable:          0 kB
Bounce:                0 kB
WritebackTmp:          0 kB
CommitLimit:     3066516 kB
Committed_AS:    5310080 kB
VmallocTotal:   34359738367 kB
VmallocUsed:           0 kB
VmallocChunk:          0 kB
HardwareCorrupted:     0 kB
AnonHugePages:         0 kB
ShmemHugePages:        0 kB
ShmemPmdMapped:        0 kB
CmaTotal:              0 kB
CmaFree:               0 kB
HugePages_Total:       0
HugePages_Free:        0
HugePages_Rsvd:        0
HugePages_Surp:        0
Hugepagesize:       2048 kB
DirectMap4k:      116672 kB
DirectMap2M:     4077568 kB


CPU:total 1 (initial active 1) (1 cores per cpu, 1 threads per core) family 6 model 78 stepping 3, cmov, cx8, fxsr, mmx, sse, sse2, sse3, ssse3, sse4.1, sse4.2, popcnt, avx, avx2, aes, clmul, 3dnowpref, lzcnt, tsc, tscinvbit

/proc/cpuinfo:
processor	: 0
vendor_id	: GenuineIntel
cpu family	: 6
model		: 78
model name	: Intel(R) Core(TM) i7-6500U CPU @ 2.50GHz
stepping	: 3
cpu MHz		: 2591.994
cache size	: 4096 KB
physical id	: 0
siblings	: 1
core id		: 0
cpu cores	: 1
apicid		: 0
initial apicid	: 0
fpu		: yes
fpu_exception	: yes
cpuid level	: 22
wp		: yes
flags		: fpu vme de pse tsc msr pae mce cx8 apic sep mtrr pge mca cmov pat pse36 clflush mmx fxsr sse sse2 syscall nx rdtscp lm constant_tsc rep_good nopl xtopology nonstop_tsc cpuid pni pclmulqdq monitor ssse3 cx16 sse4_1 sse4_2 x2apic movbe popcnt aes xsave avx rdrand hypervisor lahf_lm abm 3dnowprefetch pti avx2 rdseed clflushopt
bugs		: cpu_meltdown spectre_v1 spectre_v2
bogomips	: 5183.98
clflush size	: 64
cache_alignment	: 64
address sizes	: 39 bits physical, 48 bits virtual
power management:



Memory: 4k page, physical 4039988k(660876k free), swap 1046524k(1046524k free)

vm_info: Java HotSpot(TM) 64-Bit Server VM (25.151-b12) for linux-amd64 JRE (1.8.0_151-b12), built on Sep  5 2017 19:20:58 by "java_re" with gcc 4.3.0 20080428 (Red Hat 4.3.0-8)

time: Mon Feb  5 16:57:26 2018
elapsed time: 487 seconds (0d 0h 8m 7s)

